<Event xmlns='http://schemas.microsoft.com/win/2004/08/events/event'><System><Provider Name='Microsoft-Windows-Sysmon' Guid='{5770385f-c22a-43e0-bf4c-06f5698ffbd9}'/><EventID>1</EventID><Version>5</Version><Level>4</Level><Task>1</Task><Opcode>0</Opcode><Keywords>0x8000000000000000</Keywords><TimeCreated SystemTime='2026-04-24T10:34:55.5178180Z'/><EventRecordID>3411</EventRecordID><Correlation/><Execution ProcessID='2432' ThreadID='3608'/><Channel>Microsoft-Windows-Sysmon/Operational</Channel><Computer>EC2AMAZ-TLJH2O4.attackrange.local</Computer><Security UserID='S-1-5-18'/></System><EventData><Data Name='RuleName'>-</Data><Data Name='UtcTime'>2026-04-24 10:34:55.516</Data><Data Name='ProcessGuid'>{c906acb5-474f-69eb-4b08-000000006602}</Data><Data Name='ProcessId'>5260</Data><Data Name='Image'>C:\Program Files\SplunkUniversalForwarder\bin\splunk-powershell.exe</Data><Data Name='FileVersion'>-</Data><Data Name='Description'>-</Data><Data Name='Product'>-</Data><Data Name='Company'>-</Data><Data Name='OriginalFileName'>-</Data><Data Name='CommandLine'>"C:\Program Files\SplunkUniversalForwarder\bin\splunk-powershell.exe" --ps2</Data><Data Name='CurrentDirectory'>C:\Windows\system32\</Data><Data Name='User'>NT AUTHORITY\SYSTEM</Data><Data Name='LogonGuid'>{c906acb5-0eda-69eb-e703-000000000000}</Data><Data Name='LogonId'>0x3e7</Data><Data Name='TerminalSessionId'>0</Data><Data Name='IntegrityLevel'>System</Data><Data Name='Hashes'>MD5=FCB0604926A81A7A7746B7066B286DC8,SHA256=211CC17F7C47B5CCF2B980A2091D392C73C9ABADDB1061CE419C5357DD5545C2,IMPHASH=44A0061B15025B4FBD3C0D7BCF7E24E9</Data><Data Name='ParentProcessGuid'>{c906acb5-0ee7-69eb-4a00-000000006602}</Data><Data Name='ParentProcessId'>2444</Data><Data Name='ParentImage'>C:\Program Files\SplunkUniversalForwarder\bin\splunkd.exe</Data><Data Name='ParentCommandLine'>"C:\Program Files\SplunkUniversalForwarder\bin\splunkd.exe" service</Data><Data Name='ParentUser'>NT AUTHORITY\SYSTEM</Data></EventData></Event>
<Event xmlns='http://schemas.microsoft.com/win/2004/08/events/event'><System><Provider Name='Microsoft-Windows-Sysmon' Guid='{5770385f-c22a-43e0-bf4c-06f5698ffbd9}'/><EventID>1</EventID><Version>5</Version><Level>4</Level><Task>1</Task><Opcode>0</Opcode><Keywords>0x8000000000000000</Keywords><TimeCreated SystemTime='2026-04-24T10:34:54.7678000Z'/><EventRecordID>3410</EventRecordID><Correlation/><Execution ProcessID='2432' ThreadID='3608'/><Channel>Microsoft-Windows-Sysmon/Operational</Channel><Computer>EC2AMAZ-TLJH2O4.attackrange.local</Computer><Security UserID='S-1-5-18'/></System><EventData><Data Name='RuleName'>-</Data><Data Name='UtcTime'>2026-04-24 10:34:54.766</Data><Data Name='ProcessGuid'>{c906acb5-474e-69eb-4a08-000000006602}</Data><Data Name='ProcessId'>5744</Data><Data Name='Image'>C:\Program Files\SplunkUniversalForwarder\bin\splunk-regmon.exe</Data><Data Name='FileVersion'>9.3.0</Data><Data Name='Description'>Registry monitor</Data><Data Name='Product'>splunk Application</Data><Data Name='Company'>Splunk Inc.</Data><Data Name='OriginalFileName'>splunk-regmon.exe</Data><Data Name='CommandLine'>"C:\Program Files\SplunkUniversalForwarder\bin\splunk-regmon.exe"</Data><Data Name='CurrentDirectory'>C:\Windows\system32\</Data><Data Name='User'>NT AUTHORITY\SYSTEM</Data><Data Name='LogonGuid'>{c906acb5-0eda-69eb-e703-000000000000}</Data><Data Name='LogonId'>0x3e7</Data><Data Name='TerminalSessionId'>0</Data><Data Name='IntegrityLevel'>System</Data><Data Name='Hashes'>MD5=F1B469DA7803AFE04870B4871CC0F695,SHA256=8198111A755A6918B5559B548574061A41EF5AACAE706DD154936CFEC6E6432E,IMPHASH=AEB21630574EF01A3A5116CB58C5AC56</Data><Data Name='ParentProcessGuid'>{c906acb5-0ee7-69eb-4a00-000000006602}</Data><Data Name='ParentProcessId'>2444</Data><Data Name='ParentImage'>C:\Program Files\SplunkUniversalForwarder\bin\splunkd.exe</Data><Data Name='ParentCommandLine'>"C:\Program Files\SplunkUniversalForwarder\bin\splunkd.exe" service</Data><Data Name='ParentUser'>NT AUTHORITY\SYSTEM</Data></EventData></Event>
<Event xmlns='http://schemas.microsoft.com/win/2004/08/events/event'><System><Provider Name='Microsoft-Windows-Sysmon' Guid='{5770385f-c22a-43e0-bf4c-06f5698ffbd9}'/><EventID>1</EventID><Version>5</Version><Level>4</Level><Task>1</Task><Opcode>0</Opcode><Keywords>0x8000000000000000</Keywords><TimeCreated SystemTime='2026-04-24T10:34:54.0015895Z'/><EventRecordID>3409</EventRecordID><Correlation/><Execution ProcessID='2432' ThreadID='3608'/><Channel>Microsoft-Windows-Sysmon/Operational</Channel><Computer>EC2AMAZ-TLJH2O4.attackrange.local</Computer><Security UserID='S-1-5-18'/></System><EventData><Data Name='RuleName'>-</Data><Data Name='UtcTime'>2026-04-24 10:34:54.000</Data><Data Name='ProcessGuid'>{c906acb5-474e-69eb-4908-000000006602}</Data><Data Name='ProcessId'>1876</Data><Data Name='Image'>C:\Program Files\SplunkUniversalForwarder\bin\splunk-powershell.exe</Data><Data Name='FileVersion'>-</Data><Data Name='Description'>-</Data><Data Name='Product'>-</Data><Data Name='Company'>-</Data><Data Name='OriginalFileName'>-</Data><Data Name='CommandLine'>"C:\Program Files\SplunkUniversalForwarder\bin\splunk-powershell.exe"</Data><Data Name='CurrentDirectory'>C:\Windows\system32\</Data><Data Name='User'>NT AUTHORITY\SYSTEM</Data><Data Name='LogonGuid'>{c906acb5-0eda-69eb-e703-000000000000}</Data><Data Name='LogonId'>0x3e7</Data><Data Name='TerminalSessionId'>0</Data><Data Name='IntegrityLevel'>System</Data><Data Name='Hashes'>MD5=FCB0604926A81A7A7746B7066B286DC8,SHA256=211CC17F7C47B5CCF2B980A2091D392C73C9ABADDB1061CE419C5357DD5545C2,IMPHASH=44A0061B15025B4FBD3C0D7BCF7E24E9</Data><Data Name='ParentProcessGuid'>{c906acb5-0ee7-69eb-4a00-000000006602}</Data><Data Name='ParentProcessId'>2444</Data><Data Name='ParentImage'>C:\Program Files\SplunkUniversalForwarder\bin\splunkd.exe</Data><Data Name='ParentCommandLine'>"C:\Program Files\SplunkUniversalForwarder\bin\splunkd.exe" service</Data><Data Name='ParentUser'>NT AUTHORITY\SYSTEM</Data></EventData></Event>
<Event xmlns='http://schemas.microsoft.com/win/2004/08/events/event'><System><Provider Name='Microsoft-Windows-Sysmon' Guid='{5770385f-c22a-43e0-bf4c-06f5698ffbd9}'/><EventID>1</EventID><Version>5</Version><Level>4</Level><Task>1</Task><Opcode>0</Opcode><Keywords>0x8000000000000000</Keywords><TimeCreated SystemTime='2026-04-24T10:34:51.3920206Z'/><EventRecordID>3408</EventRecordID><Correlation/><Execution ProcessID='2432' ThreadID='3608'/><Channel>Microsoft-Windows-Sysmon/Operational</Channel><Computer>EC2AMAZ-TLJH2O4.attackrange.local</Computer><Security UserID='S-1-5-18'/></System><EventData><Data Name='RuleName'>-</Data><Data Name='UtcTime'>2026-04-24 10:34:51.391</Data><Data Name='ProcessGuid'>{c906acb5-474b-69eb-4808-000000006602}</Data><Data Name='ProcessId'>3416</Data><Data Name='Image'>C:\Program Files\SplunkUniversalForwarder\bin\splunk-netmon.exe</Data><Data Name='FileVersion'>9.3.0</Data><Data Name='Description'>Network monitor</Data><Data Name='Product'>Splunk Application</Data><Data Name='Company'>Splunk Inc.</Data><Data Name='OriginalFileName'>splunk-netmon.exe</Data><Data Name='CommandLine'>"C:\Program Files\SplunkUniversalForwarder\bin\splunk-netmon.exe"</Data><Data Name='CurrentDirectory'>C:\Windows\system32\</Data><Data Name='User'>NT AUTHORITY\SYSTEM</Data><Data Name='LogonGuid'>{c906acb5-0eda-69eb-e703-000000000000}</Data><Data Name='LogonId'>0x3e7</Data><Data Name='TerminalSessionId'>0</Data><Data Name='IntegrityLevel'>System</Data><Data Name='Hashes'>MD5=E30CB50BE9EC2FB49497F136DC71448F,SHA256=7835B39374396001E12637509AE0D22FCB7E2A89F6143DED03186B500276E537,IMPHASH=D30C8E545B1C24DE4E0DC100EF70F2D0</Data><Data Name='ParentProcessGuid'>{c906acb5-0ee7-69eb-4a00-000000006602}</Data><Data Name='ParentProcessId'>2444</Data><Data Name='ParentImage'>C:\Program Files\SplunkUniversalForwarder\bin\splunkd.exe</Data><Data Name='ParentCommandLine'>"C:\Program Files\SplunkUniversalForwarder\bin\splunkd.exe" service</Data><Data Name='ParentUser'>NT AUTHORITY\SYSTEM</Data></EventData></Event>
<Event xmlns='http://schemas.microsoft.com/win/2004/08/events/event'><System><Provider Name='Microsoft-Windows-Sysmon' Guid='{5770385f-c22a-43e0-bf4c-06f5698ffbd9}'/><EventID>1</EventID><Version>5</Version><Level>4</Level><Task>1</Task><Opcode>0</Opcode><Keywords>0x8000000000000000</Keywords><TimeCreated SystemTime='2026-04-24T10:34:50.6413100Z'/><EventRecordID>3407</EventRecordID><Correlation/><Execution ProcessID='2432' ThreadID='3608'/><Channel>Microsoft-Windows-Sysmon/Operational</Channel><Computer>EC2AMAZ-TLJH2O4.attackrange.local</Computer><Security UserID='S-1-5-18'/></System><EventData><Data Name='RuleName'>-</Data><Data Name='UtcTime'>2026-04-24 10:34:50.640</Data><Data Name='ProcessGuid'>{c906acb5-474a-69eb-4708-000000006602}</Data><Data Name='ProcessId'>3284</Data><Data Name='Image'>C:\Program Files\SplunkUniversalForwarder\bin\splunk-MonitorNoHandle.exe</Data><Data Name='FileVersion'>10.0.10011.16384</Data><Data Name='Description'>SplunkMonNoHandle Control Program</Data><Data Name='Product'>Windows (R) Win 7 DDK driver</Data><Data Name='Company'>Windows (R) Win 7 DDK provider</Data><Data Name='OriginalFileName'>SplunkMonNoHandle.exe</Data><Data Name='CommandLine'>"C:\Program Files\SplunkUniversalForwarder\bin\splunk-MonitorNoHandle.exe"</Data><Data Name='CurrentDirectory'>C:\Windows\system32\</Data><Data Name='User'>NT AUTHORITY\SYSTEM</Data><Data Name='LogonGuid'>{c906acb5-0eda-69eb-e703-000000000000}</Data><Data Name='LogonId'>0x3e7</Data><Data Name='TerminalSessionId'>0</Data><Data Name='IntegrityLevel'>System</Data><Data Name='Hashes'>MD5=509F459BAA92E3C3D2B8AF2ABEE90640,SHA256=12576AFDC3B84FA47162F3FE31DC926B5B1F82EC1B4A4721A656274275CB7B20,IMPHASH=AA49C0FBBD591DE7932A03B49B088142</Data><Data Name='ParentProcessGuid'>{c906acb5-0ee7-69eb-4a00-000000006602}</Data><Data Name='ParentProcessId'>2444</Data><Data Name='ParentImage'>C:\Program Files\SplunkUniversalForwarder\bin\splunkd.exe</Data><Data Name='ParentCommandLine'>"C:\Program Files\SplunkUniversalForwarder\bin\splunkd.exe" service</Data><Data Name='ParentUser'>NT AUTHORITY\SYSTEM</Data></EventData></Event>
<Event xmlns='http://schemas.microsoft.com/win/2004/08/events/event'><System><Provider Name='Microsoft-Windows-Sysmon' Guid='{5770385f-c22a-43e0-bf4c-06f5698ffbd9}'/><EventID>1</EventID><Version>5</Version><Level>4</Level><Task>1</Task><Opcode>0</Opcode><Keywords>0x8000000000000000</Keywords><TimeCreated SystemTime='2026-04-24T10:33:55.5173889Z'/><EventRecordID>3406</EventRecordID><Correlation/><Execution ProcessID='2432' ThreadID='3608'/><Channel>Microsoft-Windows-Sysmon/Operational</Channel><Computer>EC2AMAZ-TLJH2O4.attackrange.local</Computer><Security UserID='S-1-5-18'/></System><EventData><Data Name='RuleName'>-</Data><Data Name='UtcTime'>2026-04-24 10:33:55.516</Data><Data Name='ProcessGuid'>{c906acb5-4713-69eb-4608-000000006602}</Data><Data Name='ProcessId'>2532</Data><Data Name='Image'>C:\Program Files\SplunkUniversalForwarder\bin\splunk-regmon.exe</Data><Data Name='FileVersion'>9.3.0</Data><Data Name='Description'>Registry monitor</Data><Data Name='Product'>splunk Application</Data><Data Name='Company'>Splunk Inc.</Data><Data Name='OriginalFileName'>splunk-regmon.exe</Data><Data Name='CommandLine'>"C:\Program Files\SplunkUniversalForwarder\bin\splunk-regmon.exe"</Data><Data Name='CurrentDirectory'>C:\Windows\system32\</Data><Data Name='User'>NT AUTHORITY\SYSTEM</Data><Data Name='LogonGuid'>{c906acb5-0eda-69eb-e703-000000000000}</Data><Data Name='LogonId'>0x3e7</Data><Data Name='TerminalSessionId'>0</Data><Data Name='IntegrityLevel'>System</Data><Data Name='Hashes'>MD5=F1B469DA7803AFE04870B4871CC0F695,SHA256=8198111A755A6918B5559B548574061A41EF5AACAE706DD154936CFEC6E6432E,IMPHASH=AEB21630574EF01A3A5116CB58C5AC56</Data><Data Name='ParentProcessGuid'>{c906acb5-0ee7-69eb-4a00-000000006602}</Data><Data Name='ParentProcessId'>2444</Data><Data Name='ParentImage'>C:\Program Files\SplunkUniversalForwarder\bin\splunkd.exe</Data><Data Name='ParentCommandLine'>"C:\Program Files\SplunkUniversalForwarder\bin\splunkd.exe" service</Data><Data Name='ParentUser'>NT AUTHORITY\SYSTEM</Data></EventData></Event>
<Event xmlns='http://schemas.microsoft.com/win/2004/08/events/event'><System><Provider Name='Microsoft-Windows-Sysmon' Guid='{5770385f-c22a-43e0-bf4c-06f5698ffbd9}'/><EventID>1</EventID><Version>5</Version><Level>4</Level><Task>1</Task><Opcode>0</Opcode><Keywords>0x8000000000000000</Keywords><TimeCreated SystemTime='2026-04-24T10:33:54.7675334Z'/><EventRecordID>3405</EventRecordID><Correlation/><Execution ProcessID='2432' ThreadID='3608'/><Channel>Microsoft-Windows-Sysmon/Operational</Channel><Computer>EC2AMAZ-TLJH2O4.attackrange.local</Computer><Security UserID='S-1-5-18'/></System><EventData><Data Name='RuleName'>-</Data><Data Name='UtcTime'>2026-04-24 10:33:54.766</Data><Data Name='ProcessGuid'>{c906acb5-4712-69eb-4508-000000006602}</Data><Data Name='ProcessId'>2936</Data><Data Name='Image'>C:\Program Files\SplunkUniversalForwarder\bin\splunk-powershell.exe</Data><Data Name='FileVersion'>-</Data><Data Name='Description'>-</Data><Data Name='Product'>-</Data><Data Name='Company'>-</Data><Data Name='OriginalFileName'>-</Data><Data Name='CommandLine'>"C:\Program Files\SplunkUniversalForwarder\bin\splunk-powershell.exe" --ps2</Data><Data Name='CurrentDirectory'>C:\Windows\system32\</Data><Data Name='User'>NT AUTHORITY\SYSTEM</Data><Data Name='LogonGuid'>{c906acb5-0eda-69eb-e703-000000000000}</Data><Data Name='LogonId'>0x3e7</Data><Data Name='TerminalSessionId'>0</Data><Data Name='IntegrityLevel'>System</Data><Data Name='Hashes'>MD5=FCB0604926A81A7A7746B7066B286DC8,SHA256=211CC17F7C47B5CCF2B980A2091D392C73C9ABADDB1061CE419C5357DD5545C2,IMPHASH=44A0061B15025B4FBD3C0D7BCF7E24E9</Data><Data Name='ParentProcessGuid'>{c906acb5-0ee7-69eb-4a00-000000006602}</Data><Data Name='ParentProcessId'>2444</Data><Data Name='ParentImage'>C:\Program Files\SplunkUniversalForwarder\bin\splunkd.exe</Data><Data Name='ParentCommandLine'>"C:\Program Files\SplunkUniversalForwarder\bin\splunkd.exe" service</Data><Data Name='ParentUser'>NT AUTHORITY\SYSTEM</Data></EventData></Event>
<Event xmlns='http://schemas.microsoft.com/win/2004/08/events/event'><System><Provider Name='Microsoft-Windows-Sysmon' Guid='{5770385f-c22a-43e0-bf4c-06f5698ffbd9}'/><EventID>1</EventID><Version>5</Version><Level>4</Level><Task>1</Task><Opcode>0</Opcode><Keywords>0x8000000000000000</Keywords><TimeCreated SystemTime='2026-04-24T10:33:54.0013411Z'/><EventRecordID>3404</EventRecordID><Correlation/><Execution ProcessID='2432' ThreadID='3608'/><Channel>Microsoft-Windows-Sysmon/Operational</Channel><Computer>EC2AMAZ-TLJH2O4.attackrange.local</Computer><Security UserID='S-1-5-18'/></System><EventData><Data Name='RuleName'>-</Data><Data Name='UtcTime'>2026-04-24 10:33:54.000</Data><Data Name='ProcessGuid'>{c906acb5-4712-69eb-4408-000000006602}</Data><Data Name='ProcessId'>5904</Data><Data Name='Image'>C:\Program Files\SplunkUniversalForwarder\bin\splunk-powershell.exe</Data><Data Name='FileVersion'>-</Data><Data Name='Description'>-</Data><Data Name='Product'>-</Data><Data Name='Company'>-</Data><Data Name='OriginalFileName'>-</Data><Data Name='CommandLine'>"C:\Program Files\SplunkUniversalForwarder\bin\splunk-powershell.exe"</Data><Data Name='CurrentDirectory'>C:\Windows\system32\</Data><Data Name='User'>NT AUTHORITY\SYSTEM</Data><Data Name='LogonGuid'>{c906acb5-0eda-69eb-e703-000000000000}</Data><Data Name='LogonId'>0x3e7</Data><Data Name='TerminalSessionId'>0</Data><Data Name='IntegrityLevel'>System</Data><Data Name='Hashes'>MD5=FCB0604926A81A7A7746B7066B286DC8,SHA256=211CC17F7C47B5CCF2B980A2091D392C73C9ABADDB1061CE419C5357DD5545C2,IMPHASH=44A0061B15025B4FBD3C0D7BCF7E24E9</Data><Data Name='ParentProcessGuid'>{c906acb5-0ee7-69eb-4a00-000000006602}</Data><Data Name='ParentProcessId'>2444</Data><Data Name='ParentImage'>C:\Program Files\SplunkUniversalForwarder\bin\splunkd.exe</Data><Data Name='ParentCommandLine'>"C:\Program Files\SplunkUniversalForwarder\bin\splunkd.exe" service</Data><Data Name='ParentUser'>NT AUTHORITY\SYSTEM</Data></EventData></Event>
<Event xmlns='http://schemas.microsoft.com/win/2004/08/events/event'><System><Provider Name='Microsoft-Windows-Sysmon' Guid='{5770385f-c22a-43e0-bf4c-06f5698ffbd9}'/><EventID>1</EventID><Version>5</Version><Level>4</Level><Task>1</Task><Opcode>0</Opcode><Keywords>0x8000000000000000</Keywords><TimeCreated SystemTime='2026-04-24T10:33:51.3920827Z'/><EventRecordID>3403</EventRecordID><Correlation/><Execution ProcessID='2432' ThreadID='3608'/><Channel>Microsoft-Windows-Sysmon/Operational</Channel><Computer>EC2AMAZ-TLJH2O4.attackrange.local</Computer><Security UserID='S-1-5-18'/></System><EventData><Data Name='RuleName'>-</Data><Data Name='UtcTime'>2026-04-24 10:33:51.391</Data><Data Name='ProcessGuid'>{c906acb5-470f-69eb-4308-000000006602}</Data><Data Name='ProcessId'>1180</Data><Data Name='Image'>C:\Program Files\SplunkUniversalForwarder\bin\splunk-netmon.exe</Data><Data Name='FileVersion'>9.3.0</Data><Data Name='Description'>Network monitor</Data><Data Name='Product'>Splunk Application</Data><Data Name='Company'>Splunk Inc.</Data><Data Name='OriginalFileName'>splunk-netmon.exe</Data><Data Name='CommandLine'>"C:\Program Files\SplunkUniversalForwarder\bin\splunk-netmon.exe"</Data><Data Name='CurrentDirectory'>C:\Windows\system32\</Data><Data Name='User'>NT AUTHORITY\SYSTEM</Data><Data Name='LogonGuid'>{c906acb5-0eda-69eb-e703-000000000000}</Data><Data Name='LogonId'>0x3e7</Data><Data Name='TerminalSessionId'>0</Data><Data Name='IntegrityLevel'>System</Data><Data Name='Hashes'>MD5=E30CB50BE9EC2FB49497F136DC71448F,SHA256=7835B39374396001E12637509AE0D22FCB7E2A89F6143DED03186B500276E537,IMPHASH=D30C8E545B1C24DE4E0DC100EF70F2D0</Data><Data Name='ParentProcessGuid'>{c906acb5-0ee7-69eb-4a00-000000006602}</Data><Data Name='ParentProcessId'>2444</Data><Data Name='ParentImage'>C:\Program Files\SplunkUniversalForwarder\bin\splunkd.exe</Data><Data Name='ParentCommandLine'>"C:\Program Files\SplunkUniversalForwarder\bin\splunkd.exe" service</Data><Data Name='ParentUser'>NT AUTHORITY\SYSTEM</Data></EventData></Event>
<Event xmlns='http://schemas.microsoft.com/win/2004/08/events/event'><System><Provider Name='Microsoft-Windows-Sysmon' Guid='{5770385f-c22a-43e0-bf4c-06f5698ffbd9}'/><EventID>1</EventID><Version>5</Version><Level>4</Level><Task>1</Task><Opcode>0</Opcode><Keywords>0x8000000000000000</Keywords><TimeCreated SystemTime='2026-04-24T10:33:50.6410254Z'/><EventRecordID>3402</EventRecordID><Correlation/><Execution ProcessID='2432' ThreadID='3608'/><Channel>Microsoft-Windows-Sysmon/Operational</Channel><Computer>EC2AMAZ-TLJH2O4.attackrange.local</Computer><Security UserID='S-1-5-18'/></System><EventData><Data Name='RuleName'>-</Data><Data Name='UtcTime'>2026-04-24 10:33:50.640</Data><Data Name='ProcessGuid'>{c906acb5-470e-69eb-4208-000000006602}</Data><Data Name='ProcessId'>6064</Data><Data Name='Image'>C:\Program Files\SplunkUniversalForwarder\bin\splunk-MonitorNoHandle.exe</Data><Data Name='FileVersion'>10.0.10011.16384</Data><Data Name='Description'>SplunkMonNoHandle Control Program</Data><Data Name='Product'>Windows (R) Win 7 DDK driver</Data><Data Name='Company'>Windows (R) Win 7 DDK provider</Data><Data Name='OriginalFileName'>SplunkMonNoHandle.exe</Data><Data Name='CommandLine'>"C:\Program Files\SplunkUniversalForwarder\bin\splunk-MonitorNoHandle.exe"</Data><Data Name='CurrentDirectory'>C:\Windows\system32\</Data><Data Name='User'>NT AUTHORITY\SYSTEM</Data><Data Name='LogonGuid'>{c906acb5-0eda-69eb-e703-000000000000}</Data><Data Name='LogonId'>0x3e7</Data><Data Name='TerminalSessionId'>0</Data><Data Name='IntegrityLevel'>System</Data><Data Name='Hashes'>MD5=509F459BAA92E3C3D2B8AF2ABEE90640,SHA256=12576AFDC3B84FA47162F3FE31DC926B5B1F82EC1B4A4721A656274275CB7B20,IMPHASH=AA49C0FBBD591DE7932A03B49B088142</Data><Data Name='ParentProcessGuid'>{c906acb5-0ee7-69eb-4a00-000000006602}</Data><Data Name='ParentProcessId'>2444</Data><Data Name='ParentImage'>C:\Program Files\SplunkUniversalForwarder\bin\splunkd.exe</Data><Data Name='ParentCommandLine'>"C:\Program Files\SplunkUniversalForwarder\bin\splunkd.exe" service</Data><Data Name='ParentUser'>NT AUTHORITY\SYSTEM</Data></EventData></Event>
<Event xmlns='http://schemas.microsoft.com/win/2004/08/events/event'><System><Provider Name='Microsoft-Windows-Sysmon' Guid='{5770385f-c22a-43e0-bf4c-06f5698ffbd9}'/><EventID>1</EventID><Version>5</Version><Level>4</Level><Task>1</Task><Opcode>0</Opcode><Keywords>0x8000000000000000</Keywords><TimeCreated SystemTime='2026-04-24T10:32:55.5201180Z'/><EventRecordID>3401</EventRecordID><Correlation/><Execution ProcessID='2432' ThreadID='3608'/><Channel>Microsoft-Windows-Sysmon/Operational</Channel><Computer>EC2AMAZ-TLJH2O4.attackrange.local</Computer><Security UserID='S-1-5-18'/></System><EventData><Data Name='RuleName'>-</Data><Data Name='UtcTime'>2026-04-24 10:32:55.519</Data><Data Name='ProcessGuid'>{c906acb5-46d7-69eb-4008-000000006602}</Data><Data Name='ProcessId'>3884</Data><Data Name='Image'>C:\Program Files\SplunkUniversalForwarder\bin\splunk-powershell.exe</Data><Data Name='FileVersion'>-</Data><Data Name='Description'>-</Data><Data Name='Product'>-</Data><Data Name='Company'>-</Data><Data Name='OriginalFileName'>-</Data><Data Name='CommandLine'>"C:\Program Files\SplunkUniversalForwarder\bin\splunk-powershell.exe" --ps2</Data><Data Name='CurrentDirectory'>C:\Windows\system32\</Data><Data Name='User'>NT AUTHORITY\SYSTEM</Data><Data Name='LogonGuid'>{c906acb5-0eda-69eb-e703-000000000000}</Data><Data Name='LogonId'>0x3e7</Data><Data Name='TerminalSessionId'>0</Data><Data Name='IntegrityLevel'>System</Data><Data Name='Hashes'>MD5=FCB0604926A81A7A7746B7066B286DC8,SHA256=211CC17F7C47B5CCF2B980A2091D392C73C9ABADDB1061CE419C5357DD5545C2,IMPHASH=44A0061B15025B4FBD3C0D7BCF7E24E9</Data><Data Name='ParentProcessGuid'>{c906acb5-0ee7-69eb-4a00-000000006602}</Data><Data Name='ParentProcessId'>2444</Data><Data Name='ParentImage'>C:\Program Files\SplunkUniversalForwarder\bin\splunkd.exe</Data><Data Name='ParentCommandLine'>"C:\Program Files\SplunkUniversalForwarder\bin\splunkd.exe" service</Data><Data Name='ParentUser'>NT AUTHORITY\SYSTEM</Data></EventData></Event>
<Event xmlns='http://schemas.microsoft.com/win/2004/08/events/event'><System><Provider Name='Microsoft-Windows-Sysmon' Guid='{5770385f-c22a-43e0-bf4c-06f5698ffbd9}'/><EventID>1</EventID><Version>5</Version><Level>4</Level><Task>1</Task><Opcode>0</Opcode><Keywords>0x8000000000000000</Keywords><TimeCreated SystemTime='2026-04-24T10:32:54.7546106Z'/><EventRecordID>3400</EventRecordID><Correlation/><Execution ProcessID='2432' ThreadID='3608'/><Channel>Microsoft-Windows-Sysmon/Operational</Channel><Computer>EC2AMAZ-TLJH2O4.attackrange.local</Computer><Security UserID='S-1-5-18'/></System><EventData><Data Name='RuleName'>-</Data><Data Name='UtcTime'>2026-04-24 10:32:54.753</Data><Data Name='ProcessGuid'>{c906acb5-46d6-69eb-3f08-000000006602}</Data><Data Name='ProcessId'>2904</Data><Data Name='Image'>C:\Program Files\SplunkUniversalForwarder\bin\splunk-regmon.exe</Data><Data Name='FileVersion'>9.3.0</Data><Data Name='Description'>Registry monitor</Data><Data Name='Product'>splunk Application</Data><Data Name='Company'>Splunk Inc.</Data><Data Name='OriginalFileName'>splunk-regmon.exe</Data><Data Name='CommandLine'>"C:\Program Files\SplunkUniversalForwarder\bin\splunk-regmon.exe"</Data><Data Name='CurrentDirectory'>C:\Windows\system32\</Data><Data Name='User'>NT AUTHORITY\SYSTEM</Data><Data Name='LogonGuid'>{c906acb5-0eda-69eb-e703-000000000000}</Data><Data Name='LogonId'>0x3e7</Data><Data Name='TerminalSessionId'>0</Data><Data Name='IntegrityLevel'>System</Data><Data Name='Hashes'>MD5=F1B469DA7803AFE04870B4871CC0F695,SHA256=8198111A755A6918B5559B548574061A41EF5AACAE706DD154936CFEC6E6432E,IMPHASH=AEB21630574EF01A3A5116CB58C5AC56</Data><Data Name='ParentProcessGuid'>{c906acb5-0ee7-69eb-4a00-000000006602}</Data><Data Name='ParentProcessId'>2444</Data><Data Name='ParentImage'>C:\Program Files\SplunkUniversalForwarder\bin\splunkd.exe</Data><Data Name='ParentCommandLine'>"C:\Program Files\SplunkUniversalForwarder\bin\splunkd.exe" service</Data><Data Name='ParentUser'>NT AUTHORITY\SYSTEM</Data></EventData></Event>
<Event xmlns='http://schemas.microsoft.com/win/2004/08/events/event'><System><Provider Name='Microsoft-Windows-Sysmon' Guid='{5770385f-c22a-43e0-bf4c-06f5698ffbd9}'/><EventID>1</EventID><Version>5</Version><Level>4</Level><Task>1</Task><Opcode>0</Opcode><Keywords>0x8000000000000000</Keywords><TimeCreated SystemTime='2026-04-24T10:32:53.9890496Z'/><EventRecordID>3399</EventRecordID><Correlation/><Execution ProcessID='2432' ThreadID='3608'/><Channel>Microsoft-Windows-Sysmon/Operational</Channel><Computer>EC2AMAZ-TLJH2O4.attackrange.local</Computer><Security UserID='S-1-5-18'/></System><EventData><Data Name='RuleName'>-</Data><Data Name='UtcTime'>2026-04-24 10:32:53.988</Data><Data Name='ProcessGuid'>{c906acb5-46d5-69eb-3e08-000000006602}</Data><Data Name='ProcessId'>5872</Data><Data Name='Image'>C:\Program Files\SplunkUniversalForwarder\bin\splunk-powershell.exe</Data><Data Name='FileVersion'>-</Data><Data Name='Description'>-</Data><Data Name='Product'>-</Data><Data Name='Company'>-</Data><Data Name='OriginalFileName'>-</Data><Data Name='CommandLine'>"C:\Program Files\SplunkUniversalForwarder\bin\splunk-powershell.exe"</Data><Data Name='CurrentDirectory'>C:\Windows\system32\</Data><Data Name='User'>NT AUTHORITY\SYSTEM</Data><Data Name='LogonGuid'>{c906acb5-0eda-69eb-e703-000000000000}</Data><Data Name='LogonId'>0x3e7</Data><Data Name='TerminalSessionId'>0</Data><Data Name='IntegrityLevel'>System</Data><Data Name='Hashes'>MD5=FCB0604926A81A7A7746B7066B286DC8,SHA256=211CC17F7C47B5CCF2B980A2091D392C73C9ABADDB1061CE419C5357DD5545C2,IMPHASH=44A0061B15025B4FBD3C0D7BCF7E24E9</Data><Data Name='ParentProcessGuid'>{c906acb5-0ee7-69eb-4a00-000000006602}</Data><Data Name='ParentProcessId'>2444</Data><Data Name='ParentImage'>C:\Program Files\SplunkUniversalForwarder\bin\splunkd.exe</Data><Data Name='ParentCommandLine'>"C:\Program Files\SplunkUniversalForwarder\bin\splunkd.exe" service</Data><Data Name='ParentUser'>NT AUTHORITY\SYSTEM</Data></EventData></Event>
<Event xmlns='http://schemas.microsoft.com/win/2004/08/events/event'><System><Provider Name='Microsoft-Windows-Sysmon' Guid='{5770385f-c22a-43e0-bf4c-06f5698ffbd9}'/><EventID>1</EventID><Version>5</Version><Level>4</Level><Task>1</Task><Opcode>0</Opcode><Keywords>0x8000000000000000</Keywords><TimeCreated SystemTime='2026-04-24T10:32:51.3950354Z'/><EventRecordID>3398</EventRecordID><Correlation/><Execution ProcessID='2432' ThreadID='3608'/><Channel>Microsoft-Windows-Sysmon/Operational</Channel><Computer>EC2AMAZ-TLJH2O4.attackrange.local</Computer><Security UserID='S-1-5-18'/></System><EventData><Data Name='RuleName'>-</Data><Data Name='UtcTime'>2026-04-24 10:32:51.394</Data><Data Name='ProcessGuid'>{c906acb5-46d3-69eb-3d08-000000006602}</Data><Data Name='ProcessId'>2600</Data><Data Name='Image'>C:\Program Files\SplunkUniversalForwarder\bin\splunk-netmon.exe</Data><Data Name='FileVersion'>9.3.0</Data><Data Name='Description'>Network monitor</Data><Data Name='Product'>Splunk Application</Data><Data Name='Company'>Splunk Inc.</Data><Data Name='OriginalFileName'>splunk-netmon.exe</Data><Data Name='CommandLine'>"C:\Program Files\SplunkUniversalForwarder\bin\splunk-netmon.exe"</Data><Data Name='CurrentDirectory'>C:\Windows\system32\</Data><Data Name='User'>NT AUTHORITY\SYSTEM</Data><Data Name='LogonGuid'>{c906acb5-0eda-69eb-e703-000000000000}</Data><Data Name='LogonId'>0x3e7</Data><Data Name='TerminalSessionId'>0</Data><Data Name='IntegrityLevel'>System</Data><Data Name='Hashes'>MD5=E30CB50BE9EC2FB49497F136DC71448F,SHA256=7835B39374396001E12637509AE0D22FCB7E2A89F6143DED03186B500276E537,IMPHASH=D30C8E545B1C24DE4E0DC100EF70F2D0</Data><Data Name='ParentProcessGuid'>{c906acb5-0ee7-69eb-4a00-000000006602}</Data><Data Name='ParentProcessId'>2444</Data><Data Name='ParentImage'>C:\Program Files\SplunkUniversalForwarder\bin\splunkd.exe</Data><Data Name='ParentCommandLine'>"C:\Program Files\SplunkUniversalForwarder\bin\splunkd.exe" service</Data><Data Name='ParentUser'>NT AUTHORITY\SYSTEM</Data></EventData></Event>
<Event xmlns='http://schemas.microsoft.com/win/2004/08/events/event'><System><Provider Name='Microsoft-Windows-Sysmon' Guid='{5770385f-c22a-43e0-bf4c-06f5698ffbd9}'/><EventID>1</EventID><Version>5</Version><Level>4</Level><Task>1</Task><Opcode>0</Opcode><Keywords>0x8000000000000000</Keywords><TimeCreated SystemTime='2026-04-24T10:32:50.6455344Z'/><EventRecordID>3397</EventRecordID><Correlation/><Execution ProcessID='2432' ThreadID='3608'/><Channel>Microsoft-Windows-Sysmon/Operational</Channel><Computer>EC2AMAZ-TLJH2O4.attackrange.local</Computer><Security UserID='S-1-5-18'/></System><EventData><Data Name='RuleName'>-</Data><Data Name='UtcTime'>2026-04-24 10:32:50.643</Data><Data Name='ProcessGuid'>{c906acb5-46d2-69eb-3c08-000000006602}</Data><Data Name='ProcessId'>2788</Data><Data Name='Image'>C:\Program Files\SplunkUniversalForwarder\bin\splunk-MonitorNoHandle.exe</Data><Data Name='FileVersion'>10.0.10011.16384</Data><Data Name='Description'>SplunkMonNoHandle Control Program</Data><Data Name='Product'>Windows (R) Win 7 DDK driver</Data><Data Name='Company'>Windows (R) Win 7 DDK provider</Data><Data Name='OriginalFileName'>SplunkMonNoHandle.exe</Data><Data Name='CommandLine'>"C:\Program Files\SplunkUniversalForwarder\bin\splunk-MonitorNoHandle.exe"</Data><Data Name='CurrentDirectory'>C:\Windows\system32\</Data><Data Name='User'>NT AUTHORITY\SYSTEM</Data><Data Name='LogonGuid'>{c906acb5-0eda-69eb-e703-000000000000}</Data><Data Name='LogonId'>0x3e7</Data><Data Name='TerminalSessionId'>0</Data><Data Name='IntegrityLevel'>System</Data><Data Name='Hashes'>MD5=509F459BAA92E3C3D2B8AF2ABEE90640,SHA256=12576AFDC3B84FA47162F3FE31DC926B5B1F82EC1B4A4721A656274275CB7B20,IMPHASH=AA49C0FBBD591DE7932A03B49B088142</Data><Data Name='ParentProcessGuid'>{c906acb5-0ee7-69eb-4a00-000000006602}</Data><Data Name='ParentProcessId'>2444</Data><Data Name='ParentImage'>C:\Program Files\SplunkUniversalForwarder\bin\splunkd.exe</Data><Data Name='ParentCommandLine'>"C:\Program Files\SplunkUniversalForwarder\bin\splunkd.exe" service</Data><Data Name='ParentUser'>NT AUTHORITY\SYSTEM</Data></EventData></Event>
<Event xmlns='http://schemas.microsoft.com/win/2004/08/events/event'><System><Provider Name='Microsoft-Windows-Sysmon' Guid='{5770385f-c22a-43e0-bf4c-06f5698ffbd9}'/><EventID>13</EventID><Version>2</Version><Level>4</Level><Task>13</Task><Opcode>0</Opcode><Keywords>0x8000000000000000</Keywords><TimeCreated SystemTime='2026-04-24T10:32:35.9220738Z'/><EventRecordID>10051</EventRecordID><Correlation/><Execution ProcessID='2976' ThreadID='3588'/><Channel>Microsoft-Windows-Sysmon/Operational</Channel><Computer>EC2AMAZ-I41BETP.attackrange.local</Computer><Security UserID='S-1-5-18'/></System><EventData><Data Name='RuleName'>-</Data><Data Name='EventType'>SetValue</Data><Data Name='UtcTime'>2026-04-24 10:32:35.911</Data><Data Name='ProcessGuid'>{0741354c-46aa-69eb-7f07-000000006702}</Data><Data Name='ProcessId'>1844</Data><Data Name='Image'>C:\Intel\Build\LB3.exe</Data><Data Name='TargetObject'>HKLM\SOFTWARE\Microsoft\Windows\CurrentVersion\WINEVT\Channels\Microsoft-Windows-Wordpad/Diagnostic\ChannelAccess</Data><Data Name='Details'>O:BAG:SYD:(A;;0x1;;;SY)(A;;0x5;;;BA)(A;;0x1;;;LA)</Data><Data Name='User'>EC2AMAZ-I41BETP\Administrator</Data></EventData></Event>
<Event xmlns='http://schemas.microsoft.com/win/2004/08/events/event'><System><Provider Name='Microsoft-Windows-Sysmon' Guid='{5770385f-c22a-43e0-bf4c-06f5698ffbd9}'/><EventID>13</EventID><Version>2</Version><Level>4</Level><Task>13</Task><Opcode>0</Opcode><Keywords>0x8000000000000000</Keywords><TimeCreated SystemTime='2026-04-24T10:32:35.9219463Z'/><EventRecordID>10050</EventRecordID><Correlation/><Execution ProcessID='2976' ThreadID='3588'/><Channel>Microsoft-Windows-Sysmon/Operational</Channel><Computer>EC2AMAZ-I41BETP.attackrange.local</Computer><Security UserID='S-1-5-18'/></System><EventData><Data Name='RuleName'>-</Data><Data Name='EventType'>SetValue</Data><Data Name='UtcTime'>2026-04-24 10:32:35.911</Data><Data Name='ProcessGuid'>{0741354c-46aa-69eb-7f07-000000006702}</Data><Data Name='ProcessId'>1844</Data><Data Name='Image'>C:\Intel\Build\LB3.exe</Data><Data Name='TargetObject'>HKLM\SOFTWARE\Microsoft\Windows\CurrentVersion\WINEVT\Channels\Microsoft-Windows-Wordpad/Diagnostic\Enabled</Data><Data Name='Details'>DWORD (0x00000000)</Data><Data Name='User'>EC2AMAZ-I41BETP\Administrator</Data></EventData></Event>
<Event xmlns='http://schemas.microsoft.com/win/2004/08/events/event'><System><Provider Name='Microsoft-Windows-Sysmon' Guid='{5770385f-c22a-43e0-bf4c-06f5698ffbd9}'/><EventID>13</EventID><Version>2</Version><Level>4</Level><Task>13</Task><Opcode>0</Opcode><Keywords>0x8000000000000000</Keywords><TimeCreated SystemTime='2026-04-24T10:32:35.9147405Z'/><EventRecordID>10049</EventRecordID><Correlation/><Execution ProcessID='2976' ThreadID='3588'/><Channel>Microsoft-Windows-Sysmon/Operational</Channel><Computer>EC2AMAZ-I41BETP.attackrange.local</Computer><Security UserID='S-1-5-18'/></System><EventData><Data Name='RuleName'>-</Data><Data Name='EventType'>SetValue</Data><Data Name='UtcTime'>2026-04-24 10:32:35.911</Data><Data Name='ProcessGuid'>{0741354c-46aa-69eb-7f07-000000006702}</Data><Data Name='ProcessId'>1844</Data><Data Name='Image'>C:\Intel\Build\LB3.exe</Data><Data Name='TargetObject'>HKLM\SOFTWARE\Microsoft\Windows\CurrentVersion\WINEVT\Channels\Microsoft-Windows-Wordpad/Debug\ChannelAccess</Data><Data Name='Details'>O:BAG:SYD:(A;;0x1;;;SY)(A;;0x5;;;BA)(A;;0x1;;;LA)</Data><Data Name='User'>EC2AMAZ-I41BETP\Administrator</Data></EventData></Event>
<Event xmlns='http://schemas.microsoft.com/win/2004/08/events/event'><System><Provider Name='Microsoft-Windows-Sysmon' Guid='{5770385f-c22a-43e0-bf4c-06f5698ffbd9}'/><EventID>13</EventID><Version>2</Version><Level>4</Level><Task>13</Task><Opcode>0</Opcode><Keywords>0x8000000000000000</Keywords><TimeCreated SystemTime='2026-04-24T10:32:35.9146093Z'/><EventRecordID>10048</EventRecordID><Correlation/><Execution ProcessID='2976' ThreadID='3588'/><Channel>Microsoft-Windows-Sysmon/Operational</Channel><Computer>EC2AMAZ-I41BETP.attackrange.local</Computer><Security UserID='S-1-5-18'/></System><EventData><Data Name='RuleName'>-</Data><Data Name='EventType'>SetValue</Data><Data Name='UtcTime'>2026-04-24 10:32:35.911</Data><Data Name='ProcessGuid'>{0741354c-46aa-69eb-7f07-000000006702}</Data><Data Name='ProcessId'>1844</Data><Data Name='Image'>C:\Intel\Build\LB3.exe</Data><Data Name='TargetObject'>HKLM\SOFTWARE\Microsoft\Windows\CurrentVersion\WINEVT\Channels\Microsoft-Windows-Wordpad/Debug\Enabled</Data><Data Name='Details'>DWORD (0x00000000)</Data><Data Name='User'>EC2AMAZ-I41BETP\Administrator</Data></EventData></Event>
<Event xmlns='http://schemas.microsoft.com/win/2004/08/events/event'><System><Provider Name='Microsoft-Windows-Sysmon' Guid='{5770385f-c22a-43e0-bf4c-06f5698ffbd9}'/><EventID>13</EventID><Version>2</Version><Level>4</Level><Task>13</Task><Opcode>0</Opcode><Keywords>0x8000000000000000</Keywords><TimeCreated SystemTime='2026-04-24T10:32:35.9098584Z'/><EventRecordID>10047</EventRecordID><Correlation/><Execution ProcessID='2976' ThreadID='3588'/><Channel>Microsoft-Windows-Sysmon/Operational</Channel><Computer>EC2AMAZ-I41BETP.attackrange.local</Computer><Security UserID='S-1-5-18'/></System><EventData><Data Name='RuleName'>-</Data><Data Name='EventType'>SetValue</Data><Data Name='UtcTime'>2026-04-24 10:32:35.906</Data><Data Name='ProcessGuid'>{0741354c-46aa-69eb-7f07-000000006702}</Data><Data Name='ProcessId'>1844</Data><Data Name='Image'>C:\Intel\Build\LB3.exe</Data><Data Name='TargetObject'>HKLM\SOFTWARE\Microsoft\Windows\CurrentVersion\WINEVT\Channels\Microsoft-Windows-Wordpad/Admin\ChannelAccess</Data><Data Name='Details'>O:BAG:SYD:(A;;0x1;;;SY)(A;;0x5;;;BA)(A;;0x1;;;LA)</Data><Data Name='User'>EC2AMAZ-I41BETP\Administrator</Data></EventData></Event>
<Event xmlns='http://schemas.microsoft.com/win/2004/08/events/event'><System><Provider Name='Microsoft-Windows-Sysmon' Guid='{5770385f-c22a-43e0-bf4c-06f5698ffbd9}'/><EventID>13</EventID><Version>2</Version><Level>4</Level><Task>13</Task><Opcode>0</Opcode><Keywords>0x8000000000000000</Keywords><TimeCreated SystemTime='2026-04-24T10:32:35.9097374Z'/><EventRecordID>10046</EventRecordID><Correlation/><Execution ProcessID='2976' ThreadID='3588'/><Channel>Microsoft-Windows-Sysmon/Operational</Channel><Computer>EC2AMAZ-I41BETP.attackrange.local</Computer><Security UserID='S-1-5-18'/></System><EventData><Data Name='RuleName'>-</Data><Data Name='EventType'>SetValue</Data><Data Name='UtcTime'>2026-04-24 10:32:35.906</Data><Data Name='ProcessGuid'>{0741354c-46aa-69eb-7f07-000000006702}</Data><Data Name='ProcessId'>1844</Data><Data Name='Image'>C:\Intel\Build\LB3.exe</Data><Data Name='TargetObject'>HKLM\SOFTWARE\Microsoft\Windows\CurrentVersion\WINEVT\Channels\Microsoft-Windows-Wordpad/Admin\Enabled</Data><Data Name='Details'>DWORD (0x00000000)</Data><Data Name='User'>EC2AMAZ-I41BETP\Administrator</Data></EventData></Event>
<Event xmlns='http://schemas.microsoft.com/win/2004/08/events/event'><System><Provider Name='Microsoft-Windows-Sysmon' Guid='{5770385f-c22a-43e0-bf4c-06f5698ffbd9}'/><EventID>13</EventID><Version>2</Version><Level>4</Level><Task>13</Task><Opcode>0</Opcode><Keywords>0x8000000000000000</Keywords><TimeCreated SystemTime='2026-04-24T10:32:35.9016196Z'/><EventRecordID>10045</EventRecordID><Correlation/><Execution ProcessID='2976' ThreadID='3588'/><Channel>Microsoft-Windows-Sysmon/Operational</Channel><Computer>EC2AMAZ-I41BETP.attackrange.local</Computer><Security UserID='S-1-5-18'/></System><EventData><Data Name='RuleName'>-</Data><Data Name='EventType'>SetValue</Data><Data Name='UtcTime'>2026-04-24 10:32:35.895</Data><Data Name='ProcessGuid'>{0741354c-46aa-69eb-7f07-000000006702}</Data><Data Name='ProcessId'>1844</Data><Data Name='Image'>C:\Intel\Build\LB3.exe</Data><Data Name='TargetObject'>HKLM\SOFTWARE\Microsoft\Windows\CurrentVersion\WINEVT\Channels\Microsoft-Windows-WMPNSSUI/Diagnostic\ChannelAccess</Data><Data Name='Details'>O:BAG:SYD:(A;;0x1;;;SY)(A;;0x5;;;BA)(A;;0x1;;;LA)</Data><Data Name='User'>EC2AMAZ-I41BETP\Administrator</Data></EventData></Event>
<Event xmlns='http://schemas.microsoft.com/win/2004/08/events/event'><System><Provider Name='Microsoft-Windows-Sysmon' Guid='{5770385f-c22a-43e0-bf4c-06f5698ffbd9}'/><EventID>13</EventID><Version>2</Version><Level>4</Level><Task>13</Task><Opcode>0</Opcode><Keywords>0x8000000000000000</Keywords><TimeCreated SystemTime='2026-04-24T10:32:35.9014819Z'/><EventRecordID>10044</EventRecordID><Correlation/><Execution ProcessID='2976' ThreadID='3588'/><Channel>Microsoft-Windows-Sysmon/Operational</Channel><Computer>EC2AMAZ-I41BETP.attackrange.local</Computer><Security UserID='S-1-5-18'/></System><EventData><Data Name='RuleName'>-</Data><Data Name='EventType'>SetValue</Data><Data Name='UtcTime'>2026-04-24 10:32:35.895</Data><Data Name='ProcessGuid'>{0741354c-46aa-69eb-7f07-000000006702}</Data><Data Name='ProcessId'>1844</Data><Data Name='Image'>C:\Intel\Build\LB3.exe</Data><Data Name='TargetObject'>HKLM\SOFTWARE\Microsoft\Windows\CurrentVersion\WINEVT\Channels\Microsoft-Windows-WMPNSSUI/Diagnostic\Enabled</Data><Data Name='Details'>DWORD (0x00000000)</Data><Data Name='User'>EC2AMAZ-I41BETP\Administrator</Data></EventData></Event>
<Event xmlns='http://schemas.microsoft.com/win/2004/08/events/event'><System><Provider Name='Microsoft-Windows-Sysmon' Guid='{5770385f-c22a-43e0-bf4c-06f5698ffbd9}'/><EventID>13</EventID><Version>2</Version><Level>4</Level><Task>13</Task><Opcode>0</Opcode><Keywords>0x8000000000000000</Keywords><TimeCreated SystemTime='2026-04-24T10:32:35.8955134Z'/><EventRecordID>10043</EventRecordID><Correlation/><Execution ProcessID='2976' ThreadID='3588'/><Channel>Microsoft-Windows-Sysmon/Operational</Channel><Computer>EC2AMAZ-I41BETP.attackrange.local</Computer><Security UserID='S-1-5-18'/></System><EventData><Data Name='RuleName'>-</Data><Data Name='EventType'>SetValue</Data><Data Name='UtcTime'>2026-04-24 10:32:35.879</Data><Data Name='ProcessGuid'>{0741354c-46aa-69eb-7f07-000000006702}</Data><Data Name='ProcessId'>1844</Data><Data Name='Image'>C:\Intel\Build\LB3.exe</Data><Data Name='TargetObject'>HKLM\SOFTWARE\Microsoft\Windows\CurrentVersion\WINEVT\Channels\Microsoft-Windows-WMPNSS-Service/Operational\ChannelAccess</Data><Data Name='Details'>O:BAG:SYD:(A;;0x1;;;SY)(A;;0x5;;;BA)(A;;0x1;;;LA)</Data><Data Name='User'>EC2AMAZ-I41BETP\Administrator</Data></EventData></Event>
<Event xmlns='http://schemas.microsoft.com/win/2004/08/events/event'><System><Provider Name='Microsoft-Windows-Sysmon' Guid='{5770385f-c22a-43e0-bf4c-06f5698ffbd9}'/><EventID>13</EventID><Version>2</Version><Level>4</Level><Task>13</Task><Opcode>0</Opcode><Keywords>0x8000000000000000</Keywords><TimeCreated SystemTime='2026-04-24T10:32:35.8953702Z'/><EventRecordID>10042</EventRecordID><Correlation/><Execution ProcessID='2976' ThreadID='3588'/><Channel>Microsoft-Windows-Sysmon/Operational</Channel><Computer>EC2AMAZ-I41BETP.attackrange.local</Computer><Security UserID='S-1-5-18'/></System><EventData><Data Name='RuleName'>-</Data><Data Name='EventType'>SetValue</Data><Data Name='UtcTime'>2026-04-24 10:32:35.879</Data><Data Name='ProcessGuid'>{0741354c-46aa-69eb-7f07-000000006702}</Data><Data Name='ProcessId'>1844</Data><Data Name='Image'>C:\Intel\Build\LB3.exe</Data><Data Name='TargetObject'>HKLM\SOFTWARE\Microsoft\Windows\CurrentVersion\WINEVT\Channels\Microsoft-Windows-WMPNSS-Service/Operational\Enabled</Data><Data Name='Details'>DWORD (0x00000000)</Data><Data Name='User'>EC2AMAZ-I41BETP\Administrator</Data></EventData></Event>
<Event xmlns='http://schemas.microsoft.com/win/2004/08/events/event'><System><Provider Name='Microsoft-Windows-Sysmon' Guid='{5770385f-c22a-43e0-bf4c-06f5698ffbd9}'/><EventID>13</EventID><Version>2</Version><Level>4</Level><Task>13</Task><Opcode>0</Opcode><Keywords>0x8000000000000000</Keywords><TimeCreated SystemTime='2026-04-24T10:32:35.8870140Z'/><EventRecordID>10041</EventRecordID><Correlation/><Execution ProcessID='2976' ThreadID='3588'/><Channel>Microsoft-Windows-Sysmon/Operational</Channel><Computer>EC2AMAZ-I41BETP.attackrange.local</Computer><Security UserID='S-1-5-18'/></System><EventData><Data Name='RuleName'>-</Data><Data Name='EventType'>SetValue</Data><Data Name='UtcTime'>2026-04-24 10:32:35.879</Data><Data Name='ProcessGuid'>{0741354c-46aa-69eb-7f07-000000006702}</Data><Data Name='ProcessId'>1844</Data><Data Name='Image'>C:\Intel\Build\LB3.exe</Data><Data Name='TargetObject'>HKLM\SOFTWARE\Microsoft\Windows\CurrentVersion\WINEVT\Channels\Microsoft-Windows-WMPNSS-Service/Diagnostic\ChannelAccess</Data><Data Name='Details'>O:BAG:SYD:(A;;0x1;;;SY)(A;;0x5;;;BA)(A;;0x1;;;LA)</Data><Data Name='User'>EC2AMAZ-I41BETP\Administrator</Data></EventData></Event>
<Event xmlns='http://schemas.microsoft.com/win/2004/08/events/event'><System><Provider Name='Microsoft-Windows-Sysmon' Guid='{5770385f-c22a-43e0-bf4c-06f5698ffbd9}'/><EventID>13</EventID><Version>2</Version><Level>4</Level><Task>13</Task><Opcode>0</Opcode><Keywords>0x8000000000000000</Keywords><TimeCreated SystemTime='2026-04-24T10:32:35.8868799Z'/><EventRecordID>10040</EventRecordID><Correlation/><Execution ProcessID='2976' ThreadID='3588'/><Channel>Microsoft-Windows-Sysmon/Operational</Channel><Computer>EC2AMAZ-I41BETP.attackrange.local</Computer><Security UserID='S-1-5-18'/></System><EventData><Data Name='RuleName'>-</Data><Data Name='EventType'>SetValue</Data><Data Name='UtcTime'>2026-04-24 10:32:35.879</Data><Data Name='ProcessGuid'>{0741354c-46aa-69eb-7f07-000000006702}</Data><Data Name='ProcessId'>1844</Data><Data Name='Image'>C:\Intel\Build\LB3.exe</Data><Data Name='TargetObject'>HKLM\SOFTWARE\Microsoft\Windows\CurrentVersion\WINEVT\Channels\Microsoft-Windows-WMPNSS-Service/Diagnostic\Enabled</Data><Data Name='Details'>DWORD (0x00000000)</Data><Data Name='User'>EC2AMAZ-I41BETP\Administrator</Data></EventData></Event>
<Event xmlns='http://schemas.microsoft.com/win/2004/08/events/event'><System><Provider Name='Microsoft-Windows-Sysmon' Guid='{5770385f-c22a-43e0-bf4c-06f5698ffbd9}'/><EventID>13</EventID><Version>2</Version><Level>4</Level><Task>13</Task><Opcode>0</Opcode><Keywords>0x8000000000000000</Keywords><TimeCreated SystemTime='2026-04-24T10:32:35.8783406Z'/><EventRecordID>10039</EventRecordID><Correlation/><Execution ProcessID='2976' ThreadID='3588'/><Channel>Microsoft-Windows-Sysmon/Operational</Channel><Computer>EC2AMAZ-I41BETP.attackrange.local</Computer><Security UserID='S-1-5-18'/></System><EventData><Data Name='RuleName'>-</Data><Data Name='EventType'>SetValue</Data><Data Name='UtcTime'>2026-04-24 10:32:35.875</Data><Data Name='ProcessGuid'>{0741354c-46aa-69eb-7f07-000000006702}</Data><Data Name='ProcessId'>1844</Data><Data Name='Image'>C:\Intel\Build\LB3.exe</Data><Data Name='TargetObject'>HKLM\SOFTWARE\Microsoft\Windows\CurrentVersion\WINEVT\Channels\Microsoft-Windows-WMPNSS-PublicAPI/Diagnostic\ChannelAccess</Data><Data Name='Details'>O:BAG:SYD:(A;;0x1;;;SY)(A;;0x5;;;BA)(A;;0x1;;;LA)</Data><Data Name='User'>EC2AMAZ-I41BETP\Administrator</Data></EventData></Event>
<Event xmlns='http://schemas.microsoft.com/win/2004/08/events/event'><System><Provider Name='Microsoft-Windows-Sysmon' Guid='{5770385f-c22a-43e0-bf4c-06f5698ffbd9}'/><EventID>13</EventID><Version>2</Version><Level>4</Level><Task>13</Task><Opcode>0</Opcode><Keywords>0x8000000000000000</Keywords><TimeCreated SystemTime='2026-04-24T10:32:35.8781969Z'/><EventRecordID>10038</EventRecordID><Correlation/><Execution ProcessID='2976' ThreadID='3588'/><Channel>Microsoft-Windows-Sysmon/Operational</Channel><Computer>EC2AMAZ-I41BETP.attackrange.local</Computer><Security UserID='S-1-5-18'/></System><EventData><Data Name='RuleName'>-</Data><Data Name='EventType'>SetValue</Data><Data Name='UtcTime'>2026-04-24 10:32:35.875</Data><Data Name='ProcessGuid'>{0741354c-46aa-69eb-7f07-000000006702}</Data><Data Name='ProcessId'>1844</Data><Data Name='Image'>C:\Intel\Build\LB3.exe</Data><Data Name='TargetObject'>HKLM\SOFTWARE\Microsoft\Windows\CurrentVersion\WINEVT\Channels\Microsoft-Windows-WMPNSS-PublicAPI/Diagnostic\Enabled</Data><Data Name='Details'>DWORD (0x00000000)</Data><Data Name='User'>EC2AMAZ-I41BETP\Administrator</Data></EventData></Event>
<Event xmlns='http://schemas.microsoft.com/win/2004/08/events/event'><System><Provider Name='Microsoft-Windows-Sysmon' Guid='{5770385f-c22a-43e0-bf4c-06f5698ffbd9}'/><EventID>13</EventID><Version>2</Version><Level>4</Level><Task>13</Task><Opcode>0</Opcode><Keywords>0x8000000000000000</Keywords><TimeCreated SystemTime='2026-04-24T10:32:35.8710554Z'/><EventRecordID>10037</EventRecordID><Correlation/><Execution ProcessID='2976' ThreadID='3588'/><Channel>Microsoft-Windows-Sysmon/Operational</Channel><Computer>EC2AMAZ-I41BETP.attackrange.local</Computer><Security UserID='S-1-5-18'/></System><EventData><Data Name='RuleName'>-</Data><Data Name='EventType'>SetValue</Data><Data Name='UtcTime'>2026-04-24 10:32:35.863</Data><Data Name='ProcessGuid'>{0741354c-46aa-69eb-7f07-000000006702}</Data><Data Name='ProcessId'>1844</Data><Data Name='Image'>C:\Intel\Build\LB3.exe</Data><Data Name='TargetObject'>HKLM\SOFTWARE\Microsoft\Windows\CurrentVersion\WINEVT\Channels\Microsoft-Windows-WMPDMCUI/Diagnostic\ChannelAccess</Data><Data Name='Details'>O:BAG:SYD:(A;;0x1;;;SY)(A;;0x5;;;BA)(A;;0x1;;;LA)</Data><Data Name='User'>EC2AMAZ-I41BETP\Administrator</Data></EventData></Event>
<Event xmlns='http://schemas.microsoft.com/win/2004/08/events/event'><System><Provider Name='Microsoft-Windows-Sysmon' Guid='{5770385f-c22a-43e0-bf4c-06f5698ffbd9}'/><EventID>13</EventID><Version>2</Version><Level>4</Level><Task>13</Task><Opcode>0</Opcode><Keywords>0x8000000000000000</Keywords><TimeCreated SystemTime='2026-04-24T10:32:35.8709175Z'/><EventRecordID>10036</EventRecordID><Correlation/><Execution ProcessID='2976' ThreadID='3588'/><Channel>Microsoft-Windows-Sysmon/Operational</Channel><Computer>EC2AMAZ-I41BETP.attackrange.local</Computer><Security UserID='S-1-5-18'/></System><EventData><Data Name='RuleName'>-</Data><Data Name='EventType'>SetValue</Data><Data Name='UtcTime'>2026-04-24 10:32:35.863</Data><Data Name='ProcessGuid'>{0741354c-46aa-69eb-7f07-000000006702}</Data><Data Name='ProcessId'>1844</Data><Data Name='Image'>C:\Intel\Build\LB3.exe</Data><Data Name='TargetObject'>HKLM\SOFTWARE\Microsoft\Windows\CurrentVersion\WINEVT\Channels\Microsoft-Windows-WMPDMCUI/Diagnostic\Enabled</Data><Data Name='Details'>DWORD (0x00000000)</Data><Data Name='User'>EC2AMAZ-I41BETP\Administrator</Data></EventData></Event>
