<Event xmlns='http://schemas.microsoft.com/win/2004/08/events/event'><System><Provider Name='Microsoft-Windows-Sysmon' Guid='{5770385f-c22a-43e0-bf4c-06f5698ffbd9}'/><EventID>13</EventID><Version>2</Version><Level>4</Level><Task>13</Task><Opcode>0</Opcode><Keywords>0x8000000000000000</Keywords><TimeCreated SystemTime='2026-04-24T10:32:33.6793236Z'/><EventRecordID>9100</EventRecordID><Correlation/><Execution ProcessID='2976' ThreadID='3588'/><Channel>Microsoft-Windows-Sysmon/Operational</Channel><Computer>EC2AMAZ-I41BETP.attackrange.local</Computer><Security UserID='S-1-5-18'/></System><EventData><Data Name='RuleName'>-</Data><Data Name='EventType'>SetValue</Data><Data Name='UtcTime'>2026-04-24 10:32:33.663</Data><Data Name='ProcessGuid'>{0741354c-46aa-69eb-7f07-000000006702}</Data><Data Name='ProcessId'>1844</Data><Data Name='Image'>C:\Intel\Build\LB3.exe</Data><Data Name='TargetObject'>HKLM\SOFTWARE\Microsoft\Windows\CurrentVersion\WINEVT\Channels\Microsoft-Windows-Networking-Correlation/Diagnostic\Enabled</Data><Data Name='Details'>DWORD (0x00000000)</Data><Data Name='User'>EC2AMAZ-I41BETP\Administrator</Data></EventData></Event>
<Event xmlns='http://schemas.microsoft.com/win/2004/08/events/event'><System><Provider Name='Microsoft-Windows-Sysmon' Guid='{5770385f-c22a-43e0-bf4c-06f5698ffbd9}'/><EventID>13</EventID><Version>2</Version><Level>4</Level><Task>13</Task><Opcode>0</Opcode><Keywords>0x8000000000000000</Keywords><TimeCreated SystemTime='2026-04-24T10:32:33.6612277Z'/><EventRecordID>9099</EventRecordID><Correlation/><Execution ProcessID='2976' ThreadID='3588'/><Channel>Microsoft-Windows-Sysmon/Operational</Channel><Computer>EC2AMAZ-I41BETP.attackrange.local</Computer><Security UserID='S-1-5-18'/></System><EventData><Data Name='RuleName'>-</Data><Data Name='EventType'>SetValue</Data><Data Name='UtcTime'>2026-04-24 10:32:33.647</Data><Data Name='ProcessGuid'>{0741354c-46aa-69eb-7f07-000000006702}</Data><Data Name='ProcessId'>1844</Data><Data Name='Image'>C:\Intel\Build\LB3.exe</Data><Data Name='TargetObject'>HKLM\SOFTWARE\Microsoft\Windows\CurrentVersion\WINEVT\Channels\Microsoft-Windows-NetworkBridge/Diagnostic\ChannelAccess</Data><Data Name='Details'>O:BAG:SYD:(A;;0x1;;;SY)(A;;0x5;;;BA)(A;;0x1;;;LA)</Data><Data Name='User'>EC2AMAZ-I41BETP\Administrator</Data></EventData></Event>
<Event xmlns='http://schemas.microsoft.com/win/2004/08/events/event'><System><Provider Name='Microsoft-Windows-Sysmon' Guid='{5770385f-c22a-43e0-bf4c-06f5698ffbd9}'/><EventID>13</EventID><Version>2</Version><Level>4</Level><Task>13</Task><Opcode>0</Opcode><Keywords>0x8000000000000000</Keywords><TimeCreated SystemTime='2026-04-24T10:32:33.6610820Z'/><EventRecordID>9098</EventRecordID><Correlation/><Execution ProcessID='2976' ThreadID='3588'/><Channel>Microsoft-Windows-Sysmon/Operational</Channel><Computer>EC2AMAZ-I41BETP.attackrange.local</Computer><Security UserID='S-1-5-18'/></System><EventData><Data Name='RuleName'>-</Data><Data Name='EventType'>SetValue</Data><Data Name='UtcTime'>2026-04-24 10:32:33.647</Data><Data Name='ProcessGuid'>{0741354c-46aa-69eb-7f07-000000006702}</Data><Data Name='ProcessId'>1844</Data><Data Name='Image'>C:\Intel\Build\LB3.exe</Data><Data Name='TargetObject'>HKLM\SOFTWARE\Microsoft\Windows\CurrentVersion\WINEVT\Channels\Microsoft-Windows-NetworkBridge/Diagnostic\Enabled</Data><Data Name='Details'>DWORD (0x00000000)</Data><Data Name='User'>EC2AMAZ-I41BETP\Administrator</Data></EventData></Event>
<Event xmlns='http://schemas.microsoft.com/win/2004/08/events/event'><System><Provider Name='Microsoft-Windows-Sysmon' Guid='{5770385f-c22a-43e0-bf4c-06f5698ffbd9}'/><EventID>13</EventID><Version>2</Version><Level>4</Level><Task>13</Task><Opcode>0</Opcode><Keywords>0x8000000000000000</Keywords><TimeCreated SystemTime='2026-04-24T10:32:33.6480884Z'/><EventRecordID>9097</EventRecordID><Correlation/><Execution ProcessID='2976' ThreadID='3588'/><Channel>Microsoft-Windows-Sysmon/Operational</Channel><Computer>EC2AMAZ-I41BETP.attackrange.local</Computer><Security UserID='S-1-5-18'/></System><EventData><Data Name='RuleName'>-</Data><Data Name='EventType'>SetValue</Data><Data Name='UtcTime'>2026-04-24 10:32:33.631</Data><Data Name='ProcessGuid'>{0741354c-46aa-69eb-7f07-000000006702}</Data><Data Name='ProcessId'>1844</Data><Data Name='Image'>C:\Intel\Build\LB3.exe</Data><Data Name='TargetObject'>HKLM\SOFTWARE\Microsoft\Windows\CurrentVersion\WINEVT\Channels\Microsoft-Windows-Network-Setup/Diagnostic\ChannelAccess</Data><Data Name='Details'>O:BAG:SYD:(A;;0x1;;;SY)(A;;0x5;;;BA)(A;;0x1;;;LA)</Data><Data Name='User'>EC2AMAZ-I41BETP\Administrator</Data></EventData></Event>
<Event xmlns='http://schemas.microsoft.com/win/2004/08/events/event'><System><Provider Name='Microsoft-Windows-Sysmon' Guid='{5770385f-c22a-43e0-bf4c-06f5698ffbd9}'/><EventID>13</EventID><Version>2</Version><Level>4</Level><Task>13</Task><Opcode>0</Opcode><Keywords>0x8000000000000000</Keywords><TimeCreated SystemTime='2026-04-24T10:32:33.6472793Z'/><EventRecordID>9096</EventRecordID><Correlation/><Execution ProcessID='2976' ThreadID='3588'/><Channel>Microsoft-Windows-Sysmon/Operational</Channel><Computer>EC2AMAZ-I41BETP.attackrange.local</Computer><Security UserID='S-1-5-18'/></System><EventData><Data Name='RuleName'>-</Data><Data Name='EventType'>SetValue</Data><Data Name='UtcTime'>2026-04-24 10:32:33.631</Data><Data Name='ProcessGuid'>{0741354c-46aa-69eb-7f07-000000006702}</Data><Data Name='ProcessId'>1844</Data><Data Name='Image'>C:\Intel\Build\LB3.exe</Data><Data Name='TargetObject'>HKLM\SOFTWARE\Microsoft\Windows\CurrentVersion\WINEVT\Channels\Microsoft-Windows-Network-Setup/Diagnostic\Enabled</Data><Data Name='Details'>DWORD (0x00000000)</Data><Data Name='User'>EC2AMAZ-I41BETP\Administrator</Data></EventData></Event>
<Event xmlns='http://schemas.microsoft.com/win/2004/08/events/event'><System><Provider Name='Microsoft-Windows-Sysmon' Guid='{5770385f-c22a-43e0-bf4c-06f5698ffbd9}'/><EventID>13</EventID><Version>2</Version><Level>4</Level><Task>13</Task><Opcode>0</Opcode><Keywords>0x8000000000000000</Keywords><TimeCreated SystemTime='2026-04-24T10:32:33.6371950Z'/><EventRecordID>9095</EventRecordID><Correlation/><Execution ProcessID='2976' ThreadID='3588'/><Channel>Microsoft-Windows-Sysmon/Operational</Channel><Computer>EC2AMAZ-I41BETP.attackrange.local</Computer><Security UserID='S-1-5-18'/></System><EventData><Data Name='RuleName'>-</Data><Data Name='EventType'>SetValue</Data><Data Name='UtcTime'>2026-04-24 10:32:33.631</Data><Data Name='ProcessGuid'>{0741354c-46aa-69eb-7f07-000000006702}</Data><Data Name='ProcessId'>1844</Data><Data Name='Image'>C:\Intel\Build\LB3.exe</Data><Data Name='TargetObject'>HKLM\SOFTWARE\Microsoft\Windows\CurrentVersion\WINEVT\Channels\Microsoft-Windows-Network-DataUsage/Analytic\ChannelAccess</Data><Data Name='Details'>O:BAG:SYD:(A;;0x1;;;SY)(A;;0x5;;;BA)(A;;0x1;;;LA)</Data><Data Name='User'>EC2AMAZ-I41BETP\Administrator</Data></EventData></Event>
<Event xmlns='http://schemas.microsoft.com/win/2004/08/events/event'><System><Provider Name='Microsoft-Windows-Sysmon' Guid='{5770385f-c22a-43e0-bf4c-06f5698ffbd9}'/><EventID>13</EventID><Version>2</Version><Level>4</Level><Task>13</Task><Opcode>0</Opcode><Keywords>0x8000000000000000</Keywords><TimeCreated SystemTime='2026-04-24T10:32:33.6370557Z'/><EventRecordID>9094</EventRecordID><Correlation/><Execution ProcessID='2976' ThreadID='3588'/><Channel>Microsoft-Windows-Sysmon/Operational</Channel><Computer>EC2AMAZ-I41BETP.attackrange.local</Computer><Security UserID='S-1-5-18'/></System><EventData><Data Name='RuleName'>-</Data><Data Name='EventType'>SetValue</Data><Data Name='UtcTime'>2026-04-24 10:32:33.631</Data><Data Name='ProcessGuid'>{0741354c-46aa-69eb-7f07-000000006702}</Data><Data Name='ProcessId'>1844</Data><Data Name='Image'>C:\Intel\Build\LB3.exe</Data><Data Name='TargetObject'>HKLM\SOFTWARE\Microsoft\Windows\CurrentVersion\WINEVT\Channels\Microsoft-Windows-Network-DataUsage/Analytic\Enabled</Data><Data Name='Details'>DWORD (0x00000000)</Data><Data Name='User'>EC2AMAZ-I41BETP\Administrator</Data></EventData></Event>
<Event xmlns='http://schemas.microsoft.com/win/2004/08/events/event'><System><Provider Name='Microsoft-Windows-Sysmon' Guid='{5770385f-c22a-43e0-bf4c-06f5698ffbd9}'/><EventID>13</EventID><Version>2</Version><Level>4</Level><Task>13</Task><Opcode>0</Opcode><Keywords>0x8000000000000000</Keywords><TimeCreated SystemTime='2026-04-24T10:32:33.6326352Z'/><EventRecordID>9093</EventRecordID><Correlation/><Execution ProcessID='2976' ThreadID='3588'/><Channel>Microsoft-Windows-Sysmon/Operational</Channel><Computer>EC2AMAZ-I41BETP.attackrange.local</Computer><Security UserID='S-1-5-18'/></System><EventData><Data Name='RuleName'>-</Data><Data Name='EventType'>SetValue</Data><Data Name='UtcTime'>2026-04-24 10:32:33.625</Data><Data Name='ProcessGuid'>{0741354c-46aa-69eb-7f07-000000006702}</Data><Data Name='ProcessId'>1844</Data><Data Name='Image'>C:\Intel\Build\LB3.exe</Data><Data Name='TargetObject'>HKLM\SOFTWARE\Microsoft\Windows\CurrentVersion\WINEVT\Channels\Microsoft-Windows-Network-Connection-Broker\ChannelAccess</Data><Data Name='Details'>O:BAG:SYD:(A;;0x1;;;SY)(A;;0x5;;;BA)(A;;0x1;;;LA)</Data><Data Name='User'>EC2AMAZ-I41BETP\Administrator</Data></EventData></Event>
<Event xmlns='http://schemas.microsoft.com/win/2004/08/events/event'><System><Provider Name='Microsoft-Windows-Sysmon' Guid='{5770385f-c22a-43e0-bf4c-06f5698ffbd9}'/><EventID>13</EventID><Version>2</Version><Level>4</Level><Task>13</Task><Opcode>0</Opcode><Keywords>0x8000000000000000</Keywords><TimeCreated SystemTime='2026-04-24T10:32:33.6324786Z'/><EventRecordID>9092</EventRecordID><Correlation/><Execution ProcessID='2976' ThreadID='3588'/><Channel>Microsoft-Windows-Sysmon/Operational</Channel><Computer>EC2AMAZ-I41BETP.attackrange.local</Computer><Security UserID='S-1-5-18'/></System><EventData><Data Name='RuleName'>-</Data><Data Name='EventType'>SetValue</Data><Data Name='UtcTime'>2026-04-24 10:32:33.625</Data><Data Name='ProcessGuid'>{0741354c-46aa-69eb-7f07-000000006702}</Data><Data Name='ProcessId'>1844</Data><Data Name='Image'>C:\Intel\Build\LB3.exe</Data><Data Name='TargetObject'>HKLM\SOFTWARE\Microsoft\Windows\CurrentVersion\WINEVT\Channels\Microsoft-Windows-Network-Connection-Broker\Enabled</Data><Data Name='Details'>DWORD (0x00000000)</Data><Data Name='User'>EC2AMAZ-I41BETP\Administrator</Data></EventData></Event>
<Event xmlns='http://schemas.microsoft.com/win/2004/08/events/event'><System><Provider Name='Microsoft-Windows-Sysmon' Guid='{5770385f-c22a-43e0-bf4c-06f5698ffbd9}'/><EventID>13</EventID><Version>2</Version><Level>4</Level><Task>13</Task><Opcode>0</Opcode><Keywords>0x8000000000000000</Keywords><TimeCreated SystemTime='2026-04-24T10:32:33.6264135Z'/><EventRecordID>9091</EventRecordID><Correlation/><Execution ProcessID='2976' ThreadID='3588'/><Channel>Microsoft-Windows-Sysmon/Operational</Channel><Computer>EC2AMAZ-I41BETP.attackrange.local</Computer><Security UserID='S-1-5-18'/></System><EventData><Data Name='RuleName'>-</Data><Data Name='EventType'>SetValue</Data><Data Name='UtcTime'>2026-04-24 10:32:33.615</Data><Data Name='ProcessGuid'>{0741354c-46aa-69eb-7f07-000000006702}</Data><Data Name='ProcessId'>1844</Data><Data Name='Image'>C:\Intel\Build\LB3.exe</Data><Data Name='TargetObject'>HKLM\SOFTWARE\Microsoft\Windows\CurrentVersion\WINEVT\Channels\Microsoft-Windows-Network-and-Sharing-Center/Diagnostic\ChannelAccess</Data><Data Name='Details'>O:BAG:SYD:(A;;0x1;;;SY)(A;;0x5;;;BA)(A;;0x1;;;LA)</Data><Data Name='User'>EC2AMAZ-I41BETP\Administrator</Data></EventData></Event>
<Event xmlns='http://schemas.microsoft.com/win/2004/08/events/event'><System><Provider Name='Microsoft-Windows-Sysmon' Guid='{5770385f-c22a-43e0-bf4c-06f5698ffbd9}'/><EventID>13</EventID><Version>2</Version><Level>4</Level><Task>13</Task><Opcode>0</Opcode><Keywords>0x8000000000000000</Keywords><TimeCreated SystemTime='2026-04-24T10:32:33.6262405Z'/><EventRecordID>9090</EventRecordID><Correlation/><Execution ProcessID='2976' ThreadID='3588'/><Channel>Microsoft-Windows-Sysmon/Operational</Channel><Computer>EC2AMAZ-I41BETP.attackrange.local</Computer><Security UserID='S-1-5-18'/></System><EventData><Data Name='RuleName'>-</Data><Data Name='EventType'>SetValue</Data><Data Name='UtcTime'>2026-04-24 10:32:33.615</Data><Data Name='ProcessGuid'>{0741354c-46aa-69eb-7f07-000000006702}</Data><Data Name='ProcessId'>1844</Data><Data Name='Image'>C:\Intel\Build\LB3.exe</Data><Data Name='TargetObject'>HKLM\SOFTWARE\Microsoft\Windows\CurrentVersion\WINEVT\Channels\Microsoft-Windows-Network-and-Sharing-Center/Diagnostic\Enabled</Data><Data Name='Details'>DWORD (0x00000000)</Data><Data Name='User'>EC2AMAZ-I41BETP\Administrator</Data></EventData></Event>
<Event xmlns='http://schemas.microsoft.com/win/2004/08/events/event'><System><Provider Name='Microsoft-Windows-Sysmon' Guid='{5770385f-c22a-43e0-bf4c-06f5698ffbd9}'/><EventID>13</EventID><Version>2</Version><Level>4</Level><Task>13</Task><Opcode>0</Opcode><Keywords>0x8000000000000000</Keywords><TimeCreated SystemTime='2026-04-24T10:32:33.6208164Z'/><EventRecordID>9089</EventRecordID><Correlation/><Execution ProcessID='2976' ThreadID='3588'/><Channel>Microsoft-Windows-Sysmon/Operational</Channel><Computer>EC2AMAZ-I41BETP.attackrange.local</Computer><Security UserID='S-1-5-18'/></System><EventData><Data Name='RuleName'>-</Data><Data Name='EventType'>SetValue</Data><Data Name='UtcTime'>2026-04-24 10:32:33.615</Data><Data Name='ProcessGuid'>{0741354c-46aa-69eb-7f07-000000006702}</Data><Data Name='ProcessId'>1844</Data><Data Name='Image'>C:\Intel\Build\LB3.exe</Data><Data Name='TargetObject'>HKLM\SOFTWARE\Microsoft\Windows\CurrentVersion\WINEVT\Channels\Microsoft-Windows-NetShell/Performance\ChannelAccess</Data><Data Name='Details'>O:BAG:SYD:(A;;0x1;;;SY)(A;;0x5;;;BA)(A;;0x1;;;LA)</Data><Data Name='User'>EC2AMAZ-I41BETP\Administrator</Data></EventData></Event>
<Event xmlns='http://schemas.microsoft.com/win/2004/08/events/event'><System><Provider Name='Microsoft-Windows-Sysmon' Guid='{5770385f-c22a-43e0-bf4c-06f5698ffbd9}'/><EventID>13</EventID><Version>2</Version><Level>4</Level><Task>13</Task><Opcode>0</Opcode><Keywords>0x8000000000000000</Keywords><TimeCreated SystemTime='2026-04-24T10:32:33.6206839Z'/><EventRecordID>9088</EventRecordID><Correlation/><Execution ProcessID='2976' ThreadID='3588'/><Channel>Microsoft-Windows-Sysmon/Operational</Channel><Computer>EC2AMAZ-I41BETP.attackrange.local</Computer><Security UserID='S-1-5-18'/></System><EventData><Data Name='RuleName'>-</Data><Data Name='EventType'>SetValue</Data><Data Name='UtcTime'>2026-04-24 10:32:33.615</Data><Data Name='ProcessGuid'>{0741354c-46aa-69eb-7f07-000000006702}</Data><Data Name='ProcessId'>1844</Data><Data Name='Image'>C:\Intel\Build\LB3.exe</Data><Data Name='TargetObject'>HKLM\SOFTWARE\Microsoft\Windows\CurrentVersion\WINEVT\Channels\Microsoft-Windows-NetShell/Performance\Enabled</Data><Data Name='Details'>DWORD (0x00000000)</Data><Data Name='User'>EC2AMAZ-I41BETP\Administrator</Data></EventData></Event>
<Event xmlns='http://schemas.microsoft.com/win/2004/08/events/event'><System><Provider Name='Microsoft-Windows-Sysmon' Guid='{5770385f-c22a-43e0-bf4c-06f5698ffbd9}'/><EventID>13</EventID><Version>2</Version><Level>4</Level><Task>13</Task><Opcode>0</Opcode><Keywords>0x8000000000000000</Keywords><TimeCreated SystemTime='2026-04-24T10:32:33.6124563Z'/><EventRecordID>9087</EventRecordID><Correlation/><Execution ProcessID='2976' ThreadID='3588'/><Channel>Microsoft-Windows-Sysmon/Operational</Channel><Computer>EC2AMAZ-I41BETP.attackrange.local</Computer><Security UserID='S-1-5-18'/></System><EventData><Data Name='RuleName'>-</Data><Data Name='EventType'>SetValue</Data><Data Name='UtcTime'>2026-04-24 10:32:33.599</Data><Data Name='ProcessGuid'>{0741354c-46aa-69eb-7f07-000000006702}</Data><Data Name='ProcessId'>1844</Data><Data Name='Image'>C:\Intel\Build\LB3.exe</Data><Data Name='TargetObject'>HKLM\SOFTWARE\Microsoft\Windows\CurrentVersion\WINEVT\Channels\Microsoft-Windows-NdisImPlatform/Operational\ChannelAccess</Data><Data Name='Details'>O:BAG:SYD:(A;;0x1;;;SY)(A;;0x5;;;BA)(A;;0x1;;;LA)</Data><Data Name='User'>EC2AMAZ-I41BETP\Administrator</Data></EventData></Event>
<Event xmlns='http://schemas.microsoft.com/win/2004/08/events/event'><System><Provider Name='Microsoft-Windows-Sysmon' Guid='{5770385f-c22a-43e0-bf4c-06f5698ffbd9}'/><EventID>13</EventID><Version>2</Version><Level>4</Level><Task>13</Task><Opcode>0</Opcode><Keywords>0x8000000000000000</Keywords><TimeCreated SystemTime='2026-04-24T10:32:33.6123217Z'/><EventRecordID>9086</EventRecordID><Correlation/><Execution ProcessID='2976' ThreadID='3588'/><Channel>Microsoft-Windows-Sysmon/Operational</Channel><Computer>EC2AMAZ-I41BETP.attackrange.local</Computer><Security UserID='S-1-5-18'/></System><EventData><Data Name='RuleName'>-</Data><Data Name='EventType'>SetValue</Data><Data Name='UtcTime'>2026-04-24 10:32:33.599</Data><Data Name='ProcessGuid'>{0741354c-46aa-69eb-7f07-000000006702}</Data><Data Name='ProcessId'>1844</Data><Data Name='Image'>C:\Intel\Build\LB3.exe</Data><Data Name='TargetObject'>HKLM\SOFTWARE\Microsoft\Windows\CurrentVersion\WINEVT\Channels\Microsoft-Windows-NdisImPlatform/Operational\Enabled</Data><Data Name='Details'>DWORD (0x00000000)</Data><Data Name='User'>EC2AMAZ-I41BETP\Administrator</Data></EventData></Event>
<Event xmlns='http://schemas.microsoft.com/win/2004/08/events/event'><System><Provider Name='Microsoft-Windows-Sysmon' Guid='{5770385f-c22a-43e0-bf4c-06f5698ffbd9}'/><EventID>13</EventID><Version>2</Version><Level>4</Level><Task>13</Task><Opcode>0</Opcode><Keywords>0x8000000000000000</Keywords><TimeCreated SystemTime='2026-04-24T10:32:33.6069672Z'/><EventRecordID>9085</EventRecordID><Correlation/><Execution ProcessID='2976' ThreadID='3588'/><Channel>Microsoft-Windows-Sysmon/Operational</Channel><Computer>EC2AMAZ-I41BETP.attackrange.local</Computer><Security UserID='S-1-5-18'/></System><EventData><Data Name='RuleName'>-</Data><Data Name='EventType'>SetValue</Data><Data Name='UtcTime'>2026-04-24 10:32:33.599</Data><Data Name='ProcessGuid'>{0741354c-46aa-69eb-7f07-000000006702}</Data><Data Name='ProcessId'>1844</Data><Data Name='Image'>C:\Intel\Build\LB3.exe</Data><Data Name='TargetObject'>HKLM\SOFTWARE\Microsoft\Windows\CurrentVersion\WINEVT\Channels\Microsoft-Windows-NDIS/Operational\ChannelAccess</Data><Data Name='Details'>O:BAG:SYD:(A;;0x1;;;SY)(A;;0x5;;;BA)(A;;0x1;;;LA)</Data><Data Name='User'>EC2AMAZ-I41BETP\Administrator</Data></EventData></Event>
<Event xmlns='http://schemas.microsoft.com/win/2004/08/events/event'><System><Provider Name='Microsoft-Windows-Sysmon' Guid='{5770385f-c22a-43e0-bf4c-06f5698ffbd9}'/><EventID>13</EventID><Version>2</Version><Level>4</Level><Task>13</Task><Opcode>0</Opcode><Keywords>0x8000000000000000</Keywords><TimeCreated SystemTime='2026-04-24T10:32:33.6068370Z'/><EventRecordID>9084</EventRecordID><Correlation/><Execution ProcessID='2976' ThreadID='3588'/><Channel>Microsoft-Windows-Sysmon/Operational</Channel><Computer>EC2AMAZ-I41BETP.attackrange.local</Computer><Security UserID='S-1-5-18'/></System><EventData><Data Name='RuleName'>-</Data><Data Name='EventType'>SetValue</Data><Data Name='UtcTime'>2026-04-24 10:32:33.599</Data><Data Name='ProcessGuid'>{0741354c-46aa-69eb-7f07-000000006702}</Data><Data Name='ProcessId'>1844</Data><Data Name='Image'>C:\Intel\Build\LB3.exe</Data><Data Name='TargetObject'>HKLM\SOFTWARE\Microsoft\Windows\CurrentVersion\WINEVT\Channels\Microsoft-Windows-NDIS/Operational\Enabled</Data><Data Name='Details'>DWORD (0x00000000)</Data><Data Name='User'>EC2AMAZ-I41BETP\Administrator</Data></EventData></Event>
<Event xmlns='http://schemas.microsoft.com/win/2004/08/events/event'><System><Provider Name='Microsoft-Windows-Sysmon' Guid='{5770385f-c22a-43e0-bf4c-06f5698ffbd9}'/><EventID>13</EventID><Version>2</Version><Level>4</Level><Task>13</Task><Opcode>0</Opcode><Keywords>0x8000000000000000</Keywords><TimeCreated SystemTime='2026-04-24T10:32:33.6037381Z'/><EventRecordID>9083</EventRecordID><Correlation/><Execution ProcessID='2976' ThreadID='3588'/><Channel>Microsoft-Windows-Sysmon/Operational</Channel><Computer>EC2AMAZ-I41BETP.attackrange.local</Computer><Security UserID='S-1-5-18'/></System><EventData><Data Name='RuleName'>-</Data><Data Name='EventType'>SetValue</Data><Data Name='UtcTime'>2026-04-24 10:32:33.594</Data><Data Name='ProcessGuid'>{0741354c-46aa-69eb-7f07-000000006702}</Data><Data Name='ProcessId'>1844</Data><Data Name='Image'>C:\Intel\Build\LB3.exe</Data><Data Name='TargetObject'>HKLM\SOFTWARE\Microsoft\Windows\CurrentVersion\WINEVT\Channels\Microsoft-Windows-NDIS/Diagnostic\ChannelAccess</Data><Data Name='Details'>O:BAG:SYD:(A;;0x1;;;SY)(A;;0x5;;;BA)(A;;0x1;;;LA)</Data><Data Name='User'>EC2AMAZ-I41BETP\Administrator</Data></EventData></Event>
<Event xmlns='http://schemas.microsoft.com/win/2004/08/events/event'><System><Provider Name='Microsoft-Windows-Sysmon' Guid='{5770385f-c22a-43e0-bf4c-06f5698ffbd9}'/><EventID>13</EventID><Version>2</Version><Level>4</Level><Task>13</Task><Opcode>0</Opcode><Keywords>0x8000000000000000</Keywords><TimeCreated SystemTime='2026-04-24T10:32:33.6036079Z'/><EventRecordID>9082</EventRecordID><Correlation/><Execution ProcessID='2976' ThreadID='3588'/><Channel>Microsoft-Windows-Sysmon/Operational</Channel><Computer>EC2AMAZ-I41BETP.attackrange.local</Computer><Security UserID='S-1-5-18'/></System><EventData><Data Name='RuleName'>-</Data><Data Name='EventType'>SetValue</Data><Data Name='UtcTime'>2026-04-24 10:32:33.594</Data><Data Name='ProcessGuid'>{0741354c-46aa-69eb-7f07-000000006702}</Data><Data Name='ProcessId'>1844</Data><Data Name='Image'>C:\Intel\Build\LB3.exe</Data><Data Name='TargetObject'>HKLM\SOFTWARE\Microsoft\Windows\CurrentVersion\WINEVT\Channels\Microsoft-Windows-NDIS/Diagnostic\Enabled</Data><Data Name='Details'>DWORD (0x00000000)</Data><Data Name='User'>EC2AMAZ-I41BETP\Administrator</Data></EventData></Event>
<Event xmlns='http://schemas.microsoft.com/win/2004/08/events/event'><System><Provider Name='Microsoft-Windows-Sysmon' Guid='{5770385f-c22a-43e0-bf4c-06f5698ffbd9}'/><EventID>13</EventID><Version>2</Version><Level>4</Level><Task>13</Task><Opcode>0</Opcode><Keywords>0x8000000000000000</Keywords><TimeCreated SystemTime='2026-04-24T10:32:33.5973549Z'/><EventRecordID>9081</EventRecordID><Correlation/><Execution ProcessID='2976' ThreadID='3588'/><Channel>Microsoft-Windows-Sysmon/Operational</Channel><Computer>EC2AMAZ-I41BETP.attackrange.local</Computer><Security UserID='S-1-5-18'/></System><EventData><Data Name='RuleName'>-</Data><Data Name='EventType'>SetValue</Data><Data Name='UtcTime'>2026-04-24 10:32:33.594</Data><Data Name='ProcessGuid'>{0741354c-46aa-69eb-7f07-000000006702}</Data><Data Name='ProcessId'>1844</Data><Data Name='Image'>C:\Intel\Build\LB3.exe</Data><Data Name='TargetObject'>HKLM\SOFTWARE\Microsoft\Windows\CurrentVersion\WINEVT\Channels\Microsoft-Windows-NDIS-PacketCapture/Diagnostic\ChannelAccess</Data><Data Name='Details'>O:BAG:SYD:(A;;0x1;;;SY)(A;;0x5;;;BA)(A;;0x1;;;LA)</Data><Data Name='User'>EC2AMAZ-I41BETP\Administrator</Data></EventData></Event>
<Event xmlns='http://schemas.microsoft.com/win/2004/08/events/event'><System><Provider Name='Microsoft-Windows-Sysmon' Guid='{5770385f-c22a-43e0-bf4c-06f5698ffbd9}'/><EventID>13</EventID><Version>2</Version><Level>4</Level><Task>13</Task><Opcode>0</Opcode><Keywords>0x8000000000000000</Keywords><TimeCreated SystemTime='2026-04-24T10:32:33.5972167Z'/><EventRecordID>9080</EventRecordID><Correlation/><Execution ProcessID='2976' ThreadID='3588'/><Channel>Microsoft-Windows-Sysmon/Operational</Channel><Computer>EC2AMAZ-I41BETP.attackrange.local</Computer><Security UserID='S-1-5-18'/></System><EventData><Data Name='RuleName'>-</Data><Data Name='EventType'>SetValue</Data><Data Name='UtcTime'>2026-04-24 10:32:33.594</Data><Data Name='ProcessGuid'>{0741354c-46aa-69eb-7f07-000000006702}</Data><Data Name='ProcessId'>1844</Data><Data Name='Image'>C:\Intel\Build\LB3.exe</Data><Data Name='TargetObject'>HKLM\SOFTWARE\Microsoft\Windows\CurrentVersion\WINEVT\Channels\Microsoft-Windows-NDIS-PacketCapture/Diagnostic\Enabled</Data><Data Name='Details'>DWORD (0x00000000)</Data><Data Name='User'>EC2AMAZ-I41BETP\Administrator</Data></EventData></Event>
<Event xmlns='http://schemas.microsoft.com/win/2004/08/events/event'><System><Provider Name='Microsoft-Windows-Sysmon' Guid='{5770385f-c22a-43e0-bf4c-06f5698ffbd9}'/><EventID>13</EventID><Version>2</Version><Level>4</Level><Task>13</Task><Opcode>0</Opcode><Keywords>0x8000000000000000</Keywords><TimeCreated SystemTime='2026-04-24T10:32:33.5926389Z'/><EventRecordID>9079</EventRecordID><Correlation/><Execution ProcessID='2976' ThreadID='3588'/><Channel>Microsoft-Windows-Sysmon/Operational</Channel><Computer>EC2AMAZ-I41BETP.attackrange.local</Computer><Security UserID='S-1-5-18'/></System><EventData><Data Name='RuleName'>-</Data><Data Name='EventType'>SetValue</Data><Data Name='UtcTime'>2026-04-24 10:32:33.583</Data><Data Name='ProcessGuid'>{0741354c-46aa-69eb-7f07-000000006702}</Data><Data Name='ProcessId'>1844</Data><Data Name='Image'>C:\Intel\Build\LB3.exe</Data><Data Name='TargetObject'>HKLM\SOFTWARE\Microsoft\Windows\CurrentVersion\WINEVT\Channels\Microsoft-Windows-NDF-HelperClassDiscovery/Debug\ChannelAccess</Data><Data Name='Details'>O:BAG:SYD:(A;;0x1;;;SY)(A;;0x5;;;BA)(A;;0x1;;;LA)</Data><Data Name='User'>EC2AMAZ-I41BETP\Administrator</Data></EventData></Event>
<Event xmlns='http://schemas.microsoft.com/win/2004/08/events/event'><System><Provider Name='Microsoft-Windows-Sysmon' Guid='{5770385f-c22a-43e0-bf4c-06f5698ffbd9}'/><EventID>13</EventID><Version>2</Version><Level>4</Level><Task>13</Task><Opcode>0</Opcode><Keywords>0x8000000000000000</Keywords><TimeCreated SystemTime='2026-04-24T10:32:33.5924985Z'/><EventRecordID>9078</EventRecordID><Correlation/><Execution ProcessID='2976' ThreadID='3588'/><Channel>Microsoft-Windows-Sysmon/Operational</Channel><Computer>EC2AMAZ-I41BETP.attackrange.local</Computer><Security UserID='S-1-5-18'/></System><EventData><Data Name='RuleName'>-</Data><Data Name='EventType'>SetValue</Data><Data Name='UtcTime'>2026-04-24 10:32:33.583</Data><Data Name='ProcessGuid'>{0741354c-46aa-69eb-7f07-000000006702}</Data><Data Name='ProcessId'>1844</Data><Data Name='Image'>C:\Intel\Build\LB3.exe</Data><Data Name='TargetObject'>HKLM\SOFTWARE\Microsoft\Windows\CurrentVersion\WINEVT\Channels\Microsoft-Windows-NDF-HelperClassDiscovery/Debug\Enabled</Data><Data Name='Details'>DWORD (0x00000000)</Data><Data Name='User'>EC2AMAZ-I41BETP\Administrator</Data></EventData></Event>
<Event xmlns='http://schemas.microsoft.com/win/2004/08/events/event'><System><Provider Name='Microsoft-Windows-Sysmon' Guid='{5770385f-c22a-43e0-bf4c-06f5698ffbd9}'/><EventID>13</EventID><Version>2</Version><Level>4</Level><Task>13</Task><Opcode>0</Opcode><Keywords>0x8000000000000000</Keywords><TimeCreated SystemTime='2026-04-24T10:32:33.5893172Z'/><EventRecordID>9077</EventRecordID><Correlation/><Execution ProcessID='2976' ThreadID='3588'/><Channel>Microsoft-Windows-Sysmon/Operational</Channel><Computer>EC2AMAZ-I41BETP.attackrange.local</Computer><Security UserID='S-1-5-18'/></System><EventData><Data Name='RuleName'>-</Data><Data Name='EventType'>SetValue</Data><Data Name='UtcTime'>2026-04-24 10:32:33.583</Data><Data Name='ProcessGuid'>{0741354c-46aa-69eb-7f07-000000006702}</Data><Data Name='ProcessId'>1844</Data><Data Name='Image'>C:\Intel\Build\LB3.exe</Data><Data Name='TargetObject'>HKLM\SOFTWARE\Microsoft\Windows\CurrentVersion\WINEVT\Channels\Microsoft-Windows-NCSI/Operational\ChannelAccess</Data><Data Name='Details'>O:BAG:SYD:(A;;0x1;;;SY)(A;;0x5;;;BA)(A;;0x1;;;LA)</Data><Data Name='User'>EC2AMAZ-I41BETP\Administrator</Data></EventData></Event>
<Event xmlns='http://schemas.microsoft.com/win/2004/08/events/event'><System><Provider Name='Microsoft-Windows-Sysmon' Guid='{5770385f-c22a-43e0-bf4c-06f5698ffbd9}'/><EventID>13</EventID><Version>2</Version><Level>4</Level><Task>13</Task><Opcode>0</Opcode><Keywords>0x8000000000000000</Keywords><TimeCreated SystemTime='2026-04-24T10:32:33.5891868Z'/><EventRecordID>9076</EventRecordID><Correlation/><Execution ProcessID='2976' ThreadID='3588'/><Channel>Microsoft-Windows-Sysmon/Operational</Channel><Computer>EC2AMAZ-I41BETP.attackrange.local</Computer><Security UserID='S-1-5-18'/></System><EventData><Data Name='RuleName'>-</Data><Data Name='EventType'>SetValue</Data><Data Name='UtcTime'>2026-04-24 10:32:33.583</Data><Data Name='ProcessGuid'>{0741354c-46aa-69eb-7f07-000000006702}</Data><Data Name='ProcessId'>1844</Data><Data Name='Image'>C:\Intel\Build\LB3.exe</Data><Data Name='TargetObject'>HKLM\SOFTWARE\Microsoft\Windows\CurrentVersion\WINEVT\Channels\Microsoft-Windows-NCSI/Operational\Enabled</Data><Data Name='Details'>DWORD (0x00000000)</Data><Data Name='User'>EC2AMAZ-I41BETP\Administrator</Data></EventData></Event>
<Event xmlns='http://schemas.microsoft.com/win/2004/08/events/event'><System><Provider Name='Microsoft-Windows-Sysmon' Guid='{5770385f-c22a-43e0-bf4c-06f5698ffbd9}'/><EventID>13</EventID><Version>2</Version><Level>4</Level><Task>13</Task><Opcode>0</Opcode><Keywords>0x8000000000000000</Keywords><TimeCreated SystemTime='2026-04-24T10:32:33.5853552Z'/><EventRecordID>9075</EventRecordID><Correlation/><Execution ProcessID='2976' ThreadID='3588'/><Channel>Microsoft-Windows-Sysmon/Operational</Channel><Computer>EC2AMAZ-I41BETP.attackrange.local</Computer><Security UserID='S-1-5-18'/></System><EventData><Data Name='RuleName'>-</Data><Data Name='EventType'>SetValue</Data><Data Name='UtcTime'>2026-04-24 10:32:33.583</Data><Data Name='ProcessGuid'>{0741354c-46aa-69eb-7f07-000000006702}</Data><Data Name='ProcessId'>1844</Data><Data Name='Image'>C:\Intel\Build\LB3.exe</Data><Data Name='TargetObject'>HKLM\SOFTWARE\Microsoft\Windows\CurrentVersion\WINEVT\Channels\Microsoft-Windows-NCSI/Analytic\ChannelAccess</Data><Data Name='Details'>O:BAG:SYD:(A;;0x1;;;SY)(A;;0x5;;;BA)(A;;0x1;;;LA)</Data><Data Name='User'>EC2AMAZ-I41BETP\Administrator</Data></EventData></Event>
<Event xmlns='http://schemas.microsoft.com/win/2004/08/events/event'><System><Provider Name='Microsoft-Windows-Sysmon' Guid='{5770385f-c22a-43e0-bf4c-06f5698ffbd9}'/><EventID>13</EventID><Version>2</Version><Level>4</Level><Task>13</Task><Opcode>0</Opcode><Keywords>0x8000000000000000</Keywords><TimeCreated SystemTime='2026-04-24T10:32:33.5852278Z'/><EventRecordID>9074</EventRecordID><Correlation/><Execution ProcessID='2976' ThreadID='3588'/><Channel>Microsoft-Windows-Sysmon/Operational</Channel><Computer>EC2AMAZ-I41BETP.attackrange.local</Computer><Security UserID='S-1-5-18'/></System><EventData><Data Name='RuleName'>-</Data><Data Name='EventType'>SetValue</Data><Data Name='UtcTime'>2026-04-24 10:32:33.583</Data><Data Name='ProcessGuid'>{0741354c-46aa-69eb-7f07-000000006702}</Data><Data Name='ProcessId'>1844</Data><Data Name='Image'>C:\Intel\Build\LB3.exe</Data><Data Name='TargetObject'>HKLM\SOFTWARE\Microsoft\Windows\CurrentVersion\WINEVT\Channels\Microsoft-Windows-NCSI/Analytic\Enabled</Data><Data Name='Details'>DWORD (0x00000000)</Data><Data Name='User'>EC2AMAZ-I41BETP\Administrator</Data></EventData></Event>
<Event xmlns='http://schemas.microsoft.com/win/2004/08/events/event'><System><Provider Name='Microsoft-Windows-Sysmon' Guid='{5770385f-c22a-43e0-bf4c-06f5698ffbd9}'/><EventID>13</EventID><Version>2</Version><Level>4</Level><Task>13</Task><Opcode>0</Opcode><Keywords>0x8000000000000000</Keywords><TimeCreated SystemTime='2026-04-24T10:32:33.5815885Z'/><EventRecordID>9073</EventRecordID><Correlation/><Execution ProcessID='2976' ThreadID='3588'/><Channel>Microsoft-Windows-Sysmon/Operational</Channel><Computer>EC2AMAZ-I41BETP.attackrange.local</Computer><Security UserID='S-1-5-18'/></System><EventData><Data Name='RuleName'>-</Data><Data Name='EventType'>SetValue</Data><Data Name='UtcTime'>2026-04-24 10:32:33.567</Data><Data Name='ProcessGuid'>{0741354c-46aa-69eb-7f07-000000006702}</Data><Data Name='ProcessId'>1844</Data><Data Name='Image'>C:\Intel\Build\LB3.exe</Data><Data Name='TargetObject'>HKLM\SOFTWARE\Microsoft\Windows\CurrentVersion\WINEVT\Channels\Microsoft-Windows-Ncasvc/Operational\ChannelAccess</Data><Data Name='Details'>O:BAG:SYD:(A;;0x1;;;SY)(A;;0x5;;;BA)(A;;0x1;;;LA)</Data><Data Name='User'>EC2AMAZ-I41BETP\Administrator</Data></EventData></Event>
<Event xmlns='http://schemas.microsoft.com/win/2004/08/events/event'><System><Provider Name='Microsoft-Windows-Sysmon' Guid='{5770385f-c22a-43e0-bf4c-06f5698ffbd9}'/><EventID>13</EventID><Version>2</Version><Level>4</Level><Task>13</Task><Opcode>0</Opcode><Keywords>0x8000000000000000</Keywords><TimeCreated SystemTime='2026-04-24T10:32:33.5814591Z'/><EventRecordID>9072</EventRecordID><Correlation/><Execution ProcessID='2976' ThreadID='3588'/><Channel>Microsoft-Windows-Sysmon/Operational</Channel><Computer>EC2AMAZ-I41BETP.attackrange.local</Computer><Security UserID='S-1-5-18'/></System><EventData><Data Name='RuleName'>-</Data><Data Name='EventType'>SetValue</Data><Data Name='UtcTime'>2026-04-24 10:32:33.567</Data><Data Name='ProcessGuid'>{0741354c-46aa-69eb-7f07-000000006702}</Data><Data Name='ProcessId'>1844</Data><Data Name='Image'>C:\Intel\Build\LB3.exe</Data><Data Name='TargetObject'>HKLM\SOFTWARE\Microsoft\Windows\CurrentVersion\WINEVT\Channels\Microsoft-Windows-Ncasvc/Operational\Enabled</Data><Data Name='Details'>DWORD (0x00000000)</Data><Data Name='User'>EC2AMAZ-I41BETP\Administrator</Data></EventData></Event>
<Event xmlns='http://schemas.microsoft.com/win/2004/08/events/event'><System><Provider Name='Microsoft-Windows-Sysmon' Guid='{5770385f-c22a-43e0-bf4c-06f5698ffbd9}'/><EventID>13</EventID><Version>2</Version><Level>4</Level><Task>13</Task><Opcode>0</Opcode><Keywords>0x8000000000000000</Keywords><TimeCreated SystemTime='2026-04-24T10:32:33.5615966Z'/><EventRecordID>9071</EventRecordID><Correlation/><Execution ProcessID='2976' ThreadID='3588'/><Channel>Microsoft-Windows-Sysmon/Operational</Channel><Computer>EC2AMAZ-I41BETP.attackrange.local</Computer><Security UserID='S-1-5-18'/></System><EventData><Data Name='RuleName'>-</Data><Data Name='EventType'>SetValue</Data><Data Name='UtcTime'>2026-04-24 10:32:33.551</Data><Data Name='ProcessGuid'>{0741354c-46aa-69eb-7f07-000000006702}</Data><Data Name='ProcessId'>1844</Data><Data Name='Image'>C:\Intel\Build\LB3.exe</Data><Data Name='TargetObject'>HKLM\SOFTWARE\Microsoft\Windows\CurrentVersion\WINEVT\Channels\Microsoft-Windows-Narrator/Diagnostic\ChannelAccess</Data><Data Name='Details'>O:BAG:SYD:(A;;0x1;;;SY)(A;;0x5;;;BA)(A;;0x1;;;LA)</Data><Data Name='User'>EC2AMAZ-I41BETP\Administrator</Data></EventData></Event>
<Event xmlns='http://schemas.microsoft.com/win/2004/08/events/event'><System><Provider Name='Microsoft-Windows-Sysmon' Guid='{5770385f-c22a-43e0-bf4c-06f5698ffbd9}'/><EventID>13</EventID><Version>2</Version><Level>4</Level><Task>13</Task><Opcode>0</Opcode><Keywords>0x8000000000000000</Keywords><TimeCreated SystemTime='2026-04-24T10:32:33.5614661Z'/><EventRecordID>9070</EventRecordID><Correlation/><Execution ProcessID='2976' ThreadID='3588'/><Channel>Microsoft-Windows-Sysmon/Operational</Channel><Computer>EC2AMAZ-I41BETP.attackrange.local</Computer><Security UserID='S-1-5-18'/></System><EventData><Data Name='RuleName'>-</Data><Data Name='EventType'>SetValue</Data><Data Name='UtcTime'>2026-04-24 10:32:33.551</Data><Data Name='ProcessGuid'>{0741354c-46aa-69eb-7f07-000000006702}</Data><Data Name='ProcessId'>1844</Data><Data Name='Image'>C:\Intel\Build\LB3.exe</Data><Data Name='TargetObject'>HKLM\SOFTWARE\Microsoft\Windows\CurrentVersion\WINEVT\Channels\Microsoft-Windows-Narrator/Diagnostic\Enabled</Data><Data Name='Details'>DWORD (0x00000000)</Data><Data Name='User'>EC2AMAZ-I41BETP\Administrator</Data></EventData></Event>
<Event xmlns='http://schemas.microsoft.com/win/2004/08/events/event'><System><Provider Name='Microsoft-Windows-Sysmon' Guid='{5770385f-c22a-43e0-bf4c-06f5698ffbd9}'/><EventID>13</EventID><Version>2</Version><Level>4</Level><Task>13</Task><Opcode>0</Opcode><Keywords>0x8000000000000000</Keywords><TimeCreated SystemTime='2026-04-24T10:32:33.5562369Z'/><EventRecordID>9069</EventRecordID><Correlation/><Execution ProcessID='2976' ThreadID='3588'/><Channel>Microsoft-Windows-Sysmon/Operational</Channel><Computer>EC2AMAZ-I41BETP.attackrange.local</Computer><Security UserID='S-1-5-18'/></System><EventData><Data Name='RuleName'>-</Data><Data Name='EventType'>SetValue</Data><Data Name='UtcTime'>2026-04-24 10:32:33.551</Data><Data Name='ProcessGuid'>{0741354c-46aa-69eb-7f07-000000006702}</Data><Data Name='ProcessId'>1844</Data><Data Name='Image'>C:\Intel\Build\LB3.exe</Data><Data Name='TargetObject'>HKLM\SOFTWARE\Microsoft\Windows\CurrentVersion\WINEVT\Channels\Microsoft-Windows-MUI/Operational\ChannelAccess</Data><Data Name='Details'>O:BAG:SYD:(A;;0x1;;;SY)(A;;0x5;;;BA)(A;;0x1;;;LA)</Data><Data Name='User'>EC2AMAZ-I41BETP\Administrator</Data></EventData></Event>
<Event xmlns='http://schemas.microsoft.com/win/2004/08/events/event'><System><Provider Name='Microsoft-Windows-Sysmon' Guid='{5770385f-c22a-43e0-bf4c-06f5698ffbd9}'/><EventID>13</EventID><Version>2</Version><Level>4</Level><Task>13</Task><Opcode>0</Opcode><Keywords>0x8000000000000000</Keywords><TimeCreated SystemTime='2026-04-24T10:32:33.5560952Z'/><EventRecordID>9068</EventRecordID><Correlation/><Execution ProcessID='2976' ThreadID='3588'/><Channel>Microsoft-Windows-Sysmon/Operational</Channel><Computer>EC2AMAZ-I41BETP.attackrange.local</Computer><Security UserID='S-1-5-18'/></System><EventData><Data Name='RuleName'>-</Data><Data Name='EventType'>SetValue</Data><Data Name='UtcTime'>2026-04-24 10:32:33.551</Data><Data Name='ProcessGuid'>{0741354c-46aa-69eb-7f07-000000006702}</Data><Data Name='ProcessId'>1844</Data><Data Name='Image'>C:\Intel\Build\LB3.exe</Data><Data Name='TargetObject'>HKLM\SOFTWARE\Microsoft\Windows\CurrentVersion\WINEVT\Channels\Microsoft-Windows-MUI/Operational\Enabled</Data><Data Name='Details'>DWORD (0x00000000)</Data><Data Name='User'>EC2AMAZ-I41BETP\Administrator</Data></EventData></Event>
<Event xmlns='http://schemas.microsoft.com/win/2004/08/events/event'><System><Provider Name='Microsoft-Windows-Sysmon' Guid='{5770385f-c22a-43e0-bf4c-06f5698ffbd9}'/><EventID>1</EventID><Version>5</Version><Level>4</Level><Task>1</Task><Opcode>0</Opcode><Keywords>0x8000000000000000</Keywords><TimeCreated SystemTime='2026-04-24T10:32:33.5558516Z'/><EventRecordID>9067</EventRecordID><Correlation/><Execution ProcessID='2976' ThreadID='3588'/><Channel>Microsoft-Windows-Sysmon/Operational</Channel><Computer>EC2AMAZ-I41BETP.attackrange.local</Computer><Security UserID='S-1-5-18'/></System><EventData><Data Name='RuleName'>-</Data><Data Name='UtcTime'>2026-04-24 10:32:33.546</Data><Data Name='ProcessGuid'>{0741354c-46c1-69eb-8407-000000006702}</Data><Data Name='ProcessId'>1004</Data><Data Name='Image'>C:\Windows\System32\notepad.exe</Data><Data Name='FileVersion'>10.0.20348.3451 (WinBuild.160101.0800)</Data><Data Name='Description'>Notepad</Data><Data Name='Product'>Microsoft® Windows® Operating System</Data><Data Name='Company'>Microsoft Corporation</Data><Data Name='OriginalFileName'>NOTEPAD.EXE</Data><Data Name='CommandLine'>"C:\Windows\system32\NOTEPAD.EXE" C:\Users\Administrator\Desktop\7duXYi3SC.README.txt</Data><Data Name='CurrentDirectory'>C:\Users\Administrator\Desktop\</Data><Data Name='User'>EC2AMAZ-I41BETP\Administrator</Data><Data Name='LogonGuid'>{0741354c-1bf4-69eb-5cc1-110000000000}</Data><Data Name='LogonId'>0x11c15c</Data><Data Name='TerminalSessionId'>2</Data><Data Name='IntegrityLevel'>High</Data><Data Name='Hashes'>MD5=F13E161C2B44E5232FA92228F29EDF95,SHA256=7D453801B059E4DAB59B1B159CCD713E1D3593FAA537C6AC5BBC2CE6C1E78A4D,IMPHASH=01C58048892B7C8200168186256493A9</Data><Data Name='ParentProcessGuid'>{0741354c-1bf6-69eb-ee01-000000006702}</Data><Data Name='ParentProcessId'>5032</Data><Data Name='ParentImage'>C:\Windows\explorer.exe</Data><Data Name='ParentCommandLine'>C:\Windows\Explorer.EXE</Data><Data Name='ParentUser'>EC2AMAZ-I41BETP\Administrator</Data></EventData></Event>
<Event xmlns='http://schemas.microsoft.com/win/2004/08/events/event'><System><Provider Name='Microsoft-Windows-Sysmon' Guid='{5770385f-c22a-43e0-bf4c-06f5698ffbd9}'/><EventID>13</EventID><Version>2</Version><Level>4</Level><Task>13</Task><Opcode>0</Opcode><Keywords>0x8000000000000000</Keywords><TimeCreated SystemTime='2026-04-24T10:32:33.5493949Z'/><EventRecordID>9066</EventRecordID><Correlation/><Execution ProcessID='2976' ThreadID='3588'/><Channel>Microsoft-Windows-Sysmon/Operational</Channel><Computer>EC2AMAZ-I41BETP.attackrange.local</Computer><Security UserID='S-1-5-18'/></System><EventData><Data Name='RuleName'>-</Data><Data Name='EventType'>SetValue</Data><Data Name='UtcTime'>2026-04-24 10:32:33.535</Data><Data Name='ProcessGuid'>{0741354c-46aa-69eb-7f07-000000006702}</Data><Data Name='ProcessId'>1844</Data><Data Name='Image'>C:\Intel\Build\LB3.exe</Data><Data Name='TargetObject'>HKLM\SOFTWARE\Microsoft\Windows\CurrentVersion\WINEVT\Channels\Microsoft-Windows-MUI/Debug\ChannelAccess</Data><Data Name='Details'>O:BAG:SYD:(A;;0x1;;;SY)(A;;0x5;;;BA)(A;;0x1;;;LA)</Data><Data Name='User'>EC2AMAZ-I41BETP\Administrator</Data></EventData></Event>
<Event xmlns='http://schemas.microsoft.com/win/2004/08/events/event'><System><Provider Name='Microsoft-Windows-Sysmon' Guid='{5770385f-c22a-43e0-bf4c-06f5698ffbd9}'/><EventID>13</EventID><Version>2</Version><Level>4</Level><Task>13</Task><Opcode>0</Opcode><Keywords>0x8000000000000000</Keywords><TimeCreated SystemTime='2026-04-24T10:32:33.5492709Z'/><EventRecordID>9065</EventRecordID><Correlation/><Execution ProcessID='2976' ThreadID='3588'/><Channel>Microsoft-Windows-Sysmon/Operational</Channel><Computer>EC2AMAZ-I41BETP.attackrange.local</Computer><Security UserID='S-1-5-18'/></System><EventData><Data Name='RuleName'>-</Data><Data Name='EventType'>SetValue</Data><Data Name='UtcTime'>2026-04-24 10:32:33.535</Data><Data Name='ProcessGuid'>{0741354c-46aa-69eb-7f07-000000006702}</Data><Data Name='ProcessId'>1844</Data><Data Name='Image'>C:\Intel\Build\LB3.exe</Data><Data Name='TargetObject'>HKLM\SOFTWARE\Microsoft\Windows\CurrentVersion\WINEVT\Channels\Microsoft-Windows-MUI/Debug\Enabled</Data><Data Name='Details'>DWORD (0x00000000)</Data><Data Name='User'>EC2AMAZ-I41BETP\Administrator</Data></EventData></Event>
<Event xmlns='http://schemas.microsoft.com/win/2004/08/events/event'><System><Provider Name='Microsoft-Windows-Sysmon' Guid='{5770385f-c22a-43e0-bf4c-06f5698ffbd9}'/><EventID>13</EventID><Version>2</Version><Level>4</Level><Task>13</Task><Opcode>0</Opcode><Keywords>0x8000000000000000</Keywords><TimeCreated SystemTime='2026-04-24T10:32:33.5410488Z'/><EventRecordID>9064</EventRecordID><Correlation/><Execution ProcessID='2976' ThreadID='3588'/><Channel>Microsoft-Windows-Sysmon/Operational</Channel><Computer>EC2AMAZ-I41BETP.attackrange.local</Computer><Security UserID='S-1-5-18'/></System><EventData><Data Name='RuleName'>-</Data><Data Name='EventType'>SetValue</Data><Data Name='UtcTime'>2026-04-24 10:32:33.535</Data><Data Name='ProcessGuid'>{0741354c-46aa-69eb-7f07-000000006702}</Data><Data Name='ProcessId'>1844</Data><Data Name='Image'>C:\Intel\Build\LB3.exe</Data><Data Name='TargetObject'>HKLM\SOFTWARE\Microsoft\Windows\CurrentVersion\WINEVT\Channels\Microsoft-Windows-MUI/Analytic\ChannelAccess</Data><Data Name='Details'>O:BAG:SYD:(A;;0x1;;;SY)(A;;0x5;;;BA)(A;;0x1;;;LA)</Data><Data Name='User'>EC2AMAZ-I41BETP\Administrator</Data></EventData></Event>
<Event xmlns='http://schemas.microsoft.com/win/2004/08/events/event'><System><Provider Name='Microsoft-Windows-Sysmon' Guid='{5770385f-c22a-43e0-bf4c-06f5698ffbd9}'/><EventID>13</EventID><Version>2</Version><Level>4</Level><Task>13</Task><Opcode>0</Opcode><Keywords>0x8000000000000000</Keywords><TimeCreated SystemTime='2026-04-24T10:32:33.5408134Z'/><EventRecordID>9063</EventRecordID><Correlation/><Execution ProcessID='2976' ThreadID='3588'/><Channel>Microsoft-Windows-Sysmon/Operational</Channel><Computer>EC2AMAZ-I41BETP.attackrange.local</Computer><Security UserID='S-1-5-18'/></System><EventData><Data Name='RuleName'>-</Data><Data Name='EventType'>SetValue</Data><Data Name='UtcTime'>2026-04-24 10:32:33.535</Data><Data Name='ProcessGuid'>{0741354c-46aa-69eb-7f07-000000006702}</Data><Data Name='ProcessId'>1844</Data><Data Name='Image'>C:\Intel\Build\LB3.exe</Data><Data Name='TargetObject'>HKLM\SOFTWARE\Microsoft\Windows\CurrentVersion\WINEVT\Channels\Microsoft-Windows-MUI/Analytic\Enabled</Data><Data Name='Details'>DWORD (0x00000000)</Data><Data Name='User'>EC2AMAZ-I41BETP\Administrator</Data></EventData></Event>
<Event xmlns='http://schemas.microsoft.com/win/2004/08/events/event'><System><Provider Name='Microsoft-Windows-Sysmon' Guid='{5770385f-c22a-43e0-bf4c-06f5698ffbd9}'/><EventID>13</EventID><Version>2</Version><Level>4</Level><Task>13</Task><Opcode>0</Opcode><Keywords>0x8000000000000000</Keywords><TimeCreated SystemTime='2026-04-24T10:32:33.5344505Z'/><EventRecordID>9062</EventRecordID><Correlation/><Execution ProcessID='2976' ThreadID='3588'/><Channel>Microsoft-Windows-Sysmon/Operational</Channel><Computer>EC2AMAZ-I41BETP.attackrange.local</Computer><Security UserID='S-1-5-18'/></System><EventData><Data Name='RuleName'>-</Data><Data Name='EventType'>SetValue</Data><Data Name='UtcTime'>2026-04-24 10:32:33.519</Data><Data Name='ProcessGuid'>{0741354c-46aa-69eb-7f07-000000006702}</Data><Data Name='ProcessId'>1844</Data><Data Name='Image'>C:\Intel\Build\LB3.exe</Data><Data Name='TargetObject'>HKLM\SOFTWARE\Microsoft\Windows\CurrentVersion\WINEVT\Channels\Microsoft-Windows-MUI/Admin\ChannelAccess</Data><Data Name='Details'>O:BAG:SYD:(A;;0x1;;;SY)(A;;0x5;;;BA)(A;;0x1;;;LA)</Data><Data Name='User'>EC2AMAZ-I41BETP\Administrator</Data></EventData></Event>
<Event xmlns='http://schemas.microsoft.com/win/2004/08/events/event'><System><Provider Name='Microsoft-Windows-Sysmon' Guid='{5770385f-c22a-43e0-bf4c-06f5698ffbd9}'/><EventID>13</EventID><Version>2</Version><Level>4</Level><Task>13</Task><Opcode>0</Opcode><Keywords>0x8000000000000000</Keywords><TimeCreated SystemTime='2026-04-24T10:32:33.5341117Z'/><EventRecordID>9061</EventRecordID><Correlation/><Execution ProcessID='2976' ThreadID='3588'/><Channel>Microsoft-Windows-Sysmon/Operational</Channel><Computer>EC2AMAZ-I41BETP.attackrange.local</Computer><Security UserID='S-1-5-18'/></System><EventData><Data Name='RuleName'>-</Data><Data Name='EventType'>SetValue</Data><Data Name='UtcTime'>2026-04-24 10:32:33.519</Data><Data Name='ProcessGuid'>{0741354c-46aa-69eb-7f07-000000006702}</Data><Data Name='ProcessId'>1844</Data><Data Name='Image'>C:\Intel\Build\LB3.exe</Data><Data Name='TargetObject'>HKLM\SOFTWARE\Microsoft\Windows\CurrentVersion\WINEVT\Channels\Microsoft-Windows-MUI/Admin\Enabled</Data><Data Name='Details'>DWORD (0x00000000)</Data><Data Name='User'>EC2AMAZ-I41BETP\Administrator</Data></EventData></Event>
<Event xmlns='http://schemas.microsoft.com/win/2004/08/events/event'><System><Provider Name='Microsoft-Windows-Sysmon' Guid='{5770385f-c22a-43e0-bf4c-06f5698ffbd9}'/><EventID>13</EventID><Version>2</Version><Level>4</Level><Task>13</Task><Opcode>0</Opcode><Keywords>0x8000000000000000</Keywords><TimeCreated SystemTime='2026-04-24T10:32:33.5272601Z'/><EventRecordID>9060</EventRecordID><Correlation/><Execution ProcessID='2976' ThreadID='3588'/><Channel>Microsoft-Windows-Sysmon/Operational</Channel><Computer>EC2AMAZ-I41BETP.attackrange.local</Computer><Security UserID='S-1-5-18'/></System><EventData><Data Name='RuleName'>-</Data><Data Name='EventType'>SetValue</Data><Data Name='UtcTime'>2026-04-24 10:32:33.519</Data><Data Name='ProcessGuid'>{0741354c-46aa-69eb-7f07-000000006702}</Data><Data Name='ProcessId'>1844</Data><Data Name='Image'>C:\Intel\Build\LB3.exe</Data><Data Name='TargetObject'>HKLM\SOFTWARE\Microsoft\Windows\CurrentVersion\WINEVT\Channels\Microsoft-Windows-MSPaint/Diagnostic\ChannelAccess</Data><Data Name='Details'>O:BAG:SYD:(A;;0x1;;;SY)(A;;0x5;;;BA)(A;;0x1;;;LA)</Data><Data Name='User'>EC2AMAZ-I41BETP\Administrator</Data></EventData></Event>
<Event xmlns='http://schemas.microsoft.com/win/2004/08/events/event'><System><Provider Name='Microsoft-Windows-Sysmon' Guid='{5770385f-c22a-43e0-bf4c-06f5698ffbd9}'/><EventID>13</EventID><Version>2</Version><Level>4</Level><Task>13</Task><Opcode>0</Opcode><Keywords>0x8000000000000000</Keywords><TimeCreated SystemTime='2026-04-24T10:32:33.5271305Z'/><EventRecordID>9059</EventRecordID><Correlation/><Execution ProcessID='2976' ThreadID='3588'/><Channel>Microsoft-Windows-Sysmon/Operational</Channel><Computer>EC2AMAZ-I41BETP.attackrange.local</Computer><Security UserID='S-1-5-18'/></System><EventData><Data Name='RuleName'>-</Data><Data Name='EventType'>SetValue</Data><Data Name='UtcTime'>2026-04-24 10:32:33.519</Data><Data Name='ProcessGuid'>{0741354c-46aa-69eb-7f07-000000006702}</Data><Data Name='ProcessId'>1844</Data><Data Name='Image'>C:\Intel\Build\LB3.exe</Data><Data Name='TargetObject'>HKLM\SOFTWARE\Microsoft\Windows\CurrentVersion\WINEVT\Channels\Microsoft-Windows-MSPaint/Diagnostic\Enabled</Data><Data Name='Details'>DWORD (0x00000000)</Data><Data Name='User'>EC2AMAZ-I41BETP\Administrator</Data></EventData></Event>
