<Event xmlns='http://schemas.microsoft.com/win/2004/08/events/event'><System><Provider Name='Microsoft-Windows-Sysmon' Guid='{5770385f-c22a-43e0-bf4c-06f5698ffbd9}'/><EventID>13</EventID><Version>2</Version><Level>4</Level><Task>13</Task><Opcode>0</Opcode><Keywords>0x8000000000000000</Keywords><TimeCreated SystemTime='2026-04-24T10:32:34.8208302Z'/><EventRecordID>9566</EventRecordID><Correlation/><Execution ProcessID='2976' ThreadID='3588'/><Channel>Microsoft-Windows-Sysmon/Operational</Channel><Computer>EC2AMAZ-I41BETP.attackrange.local</Computer><Security UserID='S-1-5-18'/></System><EventData><Data Name='RuleName'>-</Data><Data Name='EventType'>SetValue</Data><Data Name='UtcTime'>2026-04-24 10:32:34.818</Data><Data Name='ProcessGuid'>{0741354c-46aa-69eb-7f07-000000006702}</Data><Data Name='ProcessId'>1844</Data><Data Name='Image'>C:\Intel\Build\LB3.exe</Data><Data Name='TargetObject'>HKLM\SOFTWARE\Microsoft\Windows\CurrentVersion\WINEVT\Channels\Microsoft-Windows-SruMon/Diagnostic\ChannelAccess</Data><Data Name='Details'>O:BAG:SYD:(A;;0x1;;;SY)(A;;0x5;;;BA)(A;;0x1;;;LA)</Data><Data Name='User'>EC2AMAZ-I41BETP\Administrator</Data></EventData></Event>
<Event xmlns='http://schemas.microsoft.com/win/2004/08/events/event'><System><Provider Name='Microsoft-Windows-Sysmon' Guid='{5770385f-c22a-43e0-bf4c-06f5698ffbd9}'/><EventID>13</EventID><Version>2</Version><Level>4</Level><Task>13</Task><Opcode>0</Opcode><Keywords>0x8000000000000000</Keywords><TimeCreated SystemTime='2026-04-24T10:32:34.8205915Z'/><EventRecordID>9565</EventRecordID><Correlation/><Execution ProcessID='2976' ThreadID='3588'/><Channel>Microsoft-Windows-Sysmon/Operational</Channel><Computer>EC2AMAZ-I41BETP.attackrange.local</Computer><Security UserID='S-1-5-18'/></System><EventData><Data Name='RuleName'>-</Data><Data Name='EventType'>SetValue</Data><Data Name='UtcTime'>2026-04-24 10:32:34.818</Data><Data Name='ProcessGuid'>{0741354c-46aa-69eb-7f07-000000006702}</Data><Data Name='ProcessId'>1844</Data><Data Name='Image'>C:\Intel\Build\LB3.exe</Data><Data Name='TargetObject'>HKLM\SOFTWARE\Microsoft\Windows\CurrentVersion\WINEVT\Channels\Microsoft-Windows-SruMon/Diagnostic\Enabled</Data><Data Name='Details'>DWORD (0x00000000)</Data><Data Name='User'>EC2AMAZ-I41BETP\Administrator</Data></EventData></Event>
<Event xmlns='http://schemas.microsoft.com/win/2004/08/events/event'><System><Provider Name='Microsoft-Windows-Sysmon' Guid='{5770385f-c22a-43e0-bf4c-06f5698ffbd9}'/><EventID>13</EventID><Version>2</Version><Level>4</Level><Task>13</Task><Opcode>0</Opcode><Keywords>0x8000000000000000</Keywords><TimeCreated SystemTime='2026-04-24T10:32:34.8167604Z'/><EventRecordID>9564</EventRecordID><Correlation/><Execution ProcessID='2976' ThreadID='3588'/><Channel>Microsoft-Windows-Sysmon/Operational</Channel><Computer>EC2AMAZ-I41BETP.attackrange.local</Computer><Security UserID='S-1-5-18'/></System><EventData><Data Name='RuleName'>-</Data><Data Name='EventType'>SetValue</Data><Data Name='UtcTime'>2026-04-24 10:32:34.813</Data><Data Name='ProcessGuid'>{0741354c-46aa-69eb-7f07-000000006702}</Data><Data Name='ProcessId'>1844</Data><Data Name='Image'>C:\Intel\Build\LB3.exe</Data><Data Name='TargetObject'>HKLM\SOFTWARE\Microsoft\Windows\CurrentVersion\WINEVT\Channels\Microsoft-Windows-Spellchecking-Host/Analytic\ChannelAccess</Data><Data Name='Details'>O:BAG:SYD:(A;;0x1;;;SY)(A;;0x5;;;BA)(A;;0x1;;;LA)</Data><Data Name='User'>EC2AMAZ-I41BETP\Administrator</Data></EventData></Event>
<Event xmlns='http://schemas.microsoft.com/win/2004/08/events/event'><System><Provider Name='Microsoft-Windows-Sysmon' Guid='{5770385f-c22a-43e0-bf4c-06f5698ffbd9}'/><EventID>13</EventID><Version>2</Version><Level>4</Level><Task>13</Task><Opcode>0</Opcode><Keywords>0x8000000000000000</Keywords><TimeCreated SystemTime='2026-04-24T10:32:34.8166208Z'/><EventRecordID>9563</EventRecordID><Correlation/><Execution ProcessID='2976' ThreadID='3588'/><Channel>Microsoft-Windows-Sysmon/Operational</Channel><Computer>EC2AMAZ-I41BETP.attackrange.local</Computer><Security UserID='S-1-5-18'/></System><EventData><Data Name='RuleName'>-</Data><Data Name='EventType'>SetValue</Data><Data Name='UtcTime'>2026-04-24 10:32:34.813</Data><Data Name='ProcessGuid'>{0741354c-46aa-69eb-7f07-000000006702}</Data><Data Name='ProcessId'>1844</Data><Data Name='Image'>C:\Intel\Build\LB3.exe</Data><Data Name='TargetObject'>HKLM\SOFTWARE\Microsoft\Windows\CurrentVersion\WINEVT\Channels\Microsoft-Windows-Spellchecking-Host/Analytic\Enabled</Data><Data Name='Details'>DWORD (0x00000000)</Data><Data Name='User'>EC2AMAZ-I41BETP\Administrator</Data></EventData></Event>
<Event xmlns='http://schemas.microsoft.com/win/2004/08/events/event'><System><Provider Name='Microsoft-Windows-Sysmon' Guid='{5770385f-c22a-43e0-bf4c-06f5698ffbd9}'/><EventID>13</EventID><Version>2</Version><Level>4</Level><Task>13</Task><Opcode>0</Opcode><Keywords>0x8000000000000000</Keywords><TimeCreated SystemTime='2026-04-24T10:32:34.8121175Z'/><EventRecordID>9562</EventRecordID><Correlation/><Execution ProcessID='2976' ThreadID='3588'/><Channel>Microsoft-Windows-Sysmon/Operational</Channel><Computer>EC2AMAZ-I41BETP.attackrange.local</Computer><Security UserID='S-1-5-18'/></System><EventData><Data Name='RuleName'>-</Data><Data Name='EventType'>SetValue</Data><Data Name='UtcTime'>2026-04-24 10:32:34.801</Data><Data Name='ProcessGuid'>{0741354c-46aa-69eb-7f07-000000006702}</Data><Data Name='ProcessId'>1844</Data><Data Name='Image'>C:\Intel\Build\LB3.exe</Data><Data Name='TargetObject'>HKLM\SOFTWARE\Microsoft\Windows\CurrentVersion\WINEVT\Channels\Microsoft-Windows-SpellChecker/Analytic\ChannelAccess</Data><Data Name='Details'>O:BAG:SYD:(A;;0x1;;;SY)(A;;0x5;;;BA)(A;;0x1;;;LA)</Data><Data Name='User'>EC2AMAZ-I41BETP\Administrator</Data></EventData></Event>
<Event xmlns='http://schemas.microsoft.com/win/2004/08/events/event'><System><Provider Name='Microsoft-Windows-Sysmon' Guid='{5770385f-c22a-43e0-bf4c-06f5698ffbd9}'/><EventID>13</EventID><Version>2</Version><Level>4</Level><Task>13</Task><Opcode>0</Opcode><Keywords>0x8000000000000000</Keywords><TimeCreated SystemTime='2026-04-24T10:32:34.8119747Z'/><EventRecordID>9561</EventRecordID><Correlation/><Execution ProcessID='2976' ThreadID='3588'/><Channel>Microsoft-Windows-Sysmon/Operational</Channel><Computer>EC2AMAZ-I41BETP.attackrange.local</Computer><Security UserID='S-1-5-18'/></System><EventData><Data Name='RuleName'>-</Data><Data Name='EventType'>SetValue</Data><Data Name='UtcTime'>2026-04-24 10:32:34.801</Data><Data Name='ProcessGuid'>{0741354c-46aa-69eb-7f07-000000006702}</Data><Data Name='ProcessId'>1844</Data><Data Name='Image'>C:\Intel\Build\LB3.exe</Data><Data Name='TargetObject'>HKLM\SOFTWARE\Microsoft\Windows\CurrentVersion\WINEVT\Channels\Microsoft-Windows-SpellChecker/Analytic\Enabled</Data><Data Name='Details'>DWORD (0x00000000)</Data><Data Name='User'>EC2AMAZ-I41BETP\Administrator</Data></EventData></Event>
<Event xmlns='http://schemas.microsoft.com/win/2004/08/events/event'><System><Provider Name='Microsoft-Windows-Sysmon' Guid='{5770385f-c22a-43e0-bf4c-06f5698ffbd9}'/><EventID>13</EventID><Version>2</Version><Level>4</Level><Task>13</Task><Opcode>0</Opcode><Keywords>0x8000000000000000</Keywords><TimeCreated SystemTime='2026-04-24T10:32:34.8060139Z'/><EventRecordID>9560</EventRecordID><Correlation/><Execution ProcessID='2976' ThreadID='3588'/><Channel>Microsoft-Windows-Sysmon/Operational</Channel><Computer>EC2AMAZ-I41BETP.attackrange.local</Computer><Security UserID='S-1-5-18'/></System><EventData><Data Name='RuleName'>-</Data><Data Name='EventType'>SetValue</Data><Data Name='UtcTime'>2026-04-24 10:32:34.801</Data><Data Name='ProcessGuid'>{0741354c-46aa-69eb-7f07-000000006702}</Data><Data Name='ProcessId'>1844</Data><Data Name='Image'>C:\Intel\Build\LB3.exe</Data><Data Name='TargetObject'>HKLM\SOFTWARE\Microsoft\Windows\CurrentVersion\WINEVT\Channels\Microsoft-Windows-Spell-Checking/Analytic\ChannelAccess</Data><Data Name='Details'>O:BAG:SYD:(A;;0x1;;;SY)(A;;0x5;;;BA)(A;;0x1;;;LA)</Data><Data Name='User'>EC2AMAZ-I41BETP\Administrator</Data></EventData></Event>
<Event xmlns='http://schemas.microsoft.com/win/2004/08/events/event'><System><Provider Name='Microsoft-Windows-Sysmon' Guid='{5770385f-c22a-43e0-bf4c-06f5698ffbd9}'/><EventID>13</EventID><Version>2</Version><Level>4</Level><Task>13</Task><Opcode>0</Opcode><Keywords>0x8000000000000000</Keywords><TimeCreated SystemTime='2026-04-24T10:32:34.8058818Z'/><EventRecordID>9559</EventRecordID><Correlation/><Execution ProcessID='2976' ThreadID='3588'/><Channel>Microsoft-Windows-Sysmon/Operational</Channel><Computer>EC2AMAZ-I41BETP.attackrange.local</Computer><Security UserID='S-1-5-18'/></System><EventData><Data Name='RuleName'>-</Data><Data Name='EventType'>SetValue</Data><Data Name='UtcTime'>2026-04-24 10:32:34.801</Data><Data Name='ProcessGuid'>{0741354c-46aa-69eb-7f07-000000006702}</Data><Data Name='ProcessId'>1844</Data><Data Name='Image'>C:\Intel\Build\LB3.exe</Data><Data Name='TargetObject'>HKLM\SOFTWARE\Microsoft\Windows\CurrentVersion\WINEVT\Channels\Microsoft-Windows-Spell-Checking/Analytic\Enabled</Data><Data Name='Details'>DWORD (0x00000000)</Data><Data Name='User'>EC2AMAZ-I41BETP\Administrator</Data></EventData></Event>
<Event xmlns='http://schemas.microsoft.com/win/2004/08/events/event'><System><Provider Name='Microsoft-Windows-Sysmon' Guid='{5770385f-c22a-43e0-bf4c-06f5698ffbd9}'/><EventID>13</EventID><Version>2</Version><Level>4</Level><Task>13</Task><Opcode>0</Opcode><Keywords>0x8000000000000000</Keywords><TimeCreated SystemTime='2026-04-24T10:32:34.8009477Z'/><EventRecordID>9558</EventRecordID><Correlation/><Execution ProcessID='2976' ThreadID='3588'/><Channel>Microsoft-Windows-Sysmon/Operational</Channel><Computer>EC2AMAZ-I41BETP.attackrange.local</Computer><Security UserID='S-1-5-18'/></System><EventData><Data Name='RuleName'>-</Data><Data Name='EventType'>SetValue</Data><Data Name='UtcTime'>2026-04-24 10:32:34.786</Data><Data Name='ProcessGuid'>{0741354c-46aa-69eb-7f07-000000006702}</Data><Data Name='ProcessId'>1844</Data><Data Name='Image'>C:\Intel\Build\LB3.exe</Data><Data Name='TargetObject'>HKLM\SOFTWARE\Microsoft\Windows\CurrentVersion\WINEVT\Channels\Microsoft-Windows-Speech-UserExperience/Diagnostic\ChannelAccess</Data><Data Name='Details'>O:BAG:SYD:(A;;0x1;;;SY)(A;;0x5;;;BA)(A;;0x1;;;LA)</Data><Data Name='User'>EC2AMAZ-I41BETP\Administrator</Data></EventData></Event>
<Event xmlns='http://schemas.microsoft.com/win/2004/08/events/event'><System><Provider Name='Microsoft-Windows-Sysmon' Guid='{5770385f-c22a-43e0-bf4c-06f5698ffbd9}'/><EventID>13</EventID><Version>2</Version><Level>4</Level><Task>13</Task><Opcode>0</Opcode><Keywords>0x8000000000000000</Keywords><TimeCreated SystemTime='2026-04-24T10:32:34.8008104Z'/><EventRecordID>9557</EventRecordID><Correlation/><Execution ProcessID='2976' ThreadID='3588'/><Channel>Microsoft-Windows-Sysmon/Operational</Channel><Computer>EC2AMAZ-I41BETP.attackrange.local</Computer><Security UserID='S-1-5-18'/></System><EventData><Data Name='RuleName'>-</Data><Data Name='EventType'>SetValue</Data><Data Name='UtcTime'>2026-04-24 10:32:34.786</Data><Data Name='ProcessGuid'>{0741354c-46aa-69eb-7f07-000000006702}</Data><Data Name='ProcessId'>1844</Data><Data Name='Image'>C:\Intel\Build\LB3.exe</Data><Data Name='TargetObject'>HKLM\SOFTWARE\Microsoft\Windows\CurrentVersion\WINEVT\Channels\Microsoft-Windows-Speech-UserExperience/Diagnostic\Enabled</Data><Data Name='Details'>DWORD (0x00000000)</Data><Data Name='User'>EC2AMAZ-I41BETP\Administrator</Data></EventData></Event>
<Event xmlns='http://schemas.microsoft.com/win/2004/08/events/event'><System><Provider Name='Microsoft-Windows-Sysmon' Guid='{5770385f-c22a-43e0-bf4c-06f5698ffbd9}'/><EventID>13</EventID><Version>2</Version><Level>4</Level><Task>13</Task><Opcode>0</Opcode><Keywords>0x8000000000000000</Keywords><TimeCreated SystemTime='2026-04-24T10:32:34.7957937Z'/><EventRecordID>9556</EventRecordID><Correlation/><Execution ProcessID='2976' ThreadID='3588'/><Channel>Microsoft-Windows-Sysmon/Operational</Channel><Computer>EC2AMAZ-I41BETP.attackrange.local</Computer><Security UserID='S-1-5-18'/></System><EventData><Data Name='RuleName'>-</Data><Data Name='EventType'>SetValue</Data><Data Name='UtcTime'>2026-04-24 10:32:34.786</Data><Data Name='ProcessGuid'>{0741354c-46aa-69eb-7f07-000000006702}</Data><Data Name='ProcessId'>1844</Data><Data Name='Image'>C:\Intel\Build\LB3.exe</Data><Data Name='TargetObject'>HKLM\SOFTWARE\Microsoft\Windows\CurrentVersion\WINEVT\Channels\Microsoft-Windows-SPB-HIDI2C/Analytic\ChannelAccess</Data><Data Name='Details'>O:BAG:SYD:(A;;0x1;;;SY)(A;;0x5;;;BA)(A;;0x1;;;LA)</Data><Data Name='User'>EC2AMAZ-I41BETP\Administrator</Data></EventData></Event>
<Event xmlns='http://schemas.microsoft.com/win/2004/08/events/event'><System><Provider Name='Microsoft-Windows-Sysmon' Guid='{5770385f-c22a-43e0-bf4c-06f5698ffbd9}'/><EventID>13</EventID><Version>2</Version><Level>4</Level><Task>13</Task><Opcode>0</Opcode><Keywords>0x8000000000000000</Keywords><TimeCreated SystemTime='2026-04-24T10:32:34.7956619Z'/><EventRecordID>9555</EventRecordID><Correlation/><Execution ProcessID='2976' ThreadID='3588'/><Channel>Microsoft-Windows-Sysmon/Operational</Channel><Computer>EC2AMAZ-I41BETP.attackrange.local</Computer><Security UserID='S-1-5-18'/></System><EventData><Data Name='RuleName'>-</Data><Data Name='EventType'>SetValue</Data><Data Name='UtcTime'>2026-04-24 10:32:34.786</Data><Data Name='ProcessGuid'>{0741354c-46aa-69eb-7f07-000000006702}</Data><Data Name='ProcessId'>1844</Data><Data Name='Image'>C:\Intel\Build\LB3.exe</Data><Data Name='TargetObject'>HKLM\SOFTWARE\Microsoft\Windows\CurrentVersion\WINEVT\Channels\Microsoft-Windows-SPB-HIDI2C/Analytic\Enabled</Data><Data Name='Details'>DWORD (0x00000000)</Data><Data Name='User'>EC2AMAZ-I41BETP\Administrator</Data></EventData></Event>
<Event xmlns='http://schemas.microsoft.com/win/2004/08/events/event'><System><Provider Name='Microsoft-Windows-Sysmon' Guid='{5770385f-c22a-43e0-bf4c-06f5698ffbd9}'/><EventID>13</EventID><Version>2</Version><Level>4</Level><Task>13</Task><Opcode>0</Opcode><Keywords>0x8000000000000000</Keywords><TimeCreated SystemTime='2026-04-24T10:32:34.7918244Z'/><EventRecordID>9554</EventRecordID><Correlation/><Execution ProcessID='2976' ThreadID='3588'/><Channel>Microsoft-Windows-Sysmon/Operational</Channel><Computer>EC2AMAZ-I41BETP.attackrange.local</Computer><Security UserID='S-1-5-18'/></System><EventData><Data Name='RuleName'>-</Data><Data Name='EventType'>SetValue</Data><Data Name='UtcTime'>2026-04-24 10:32:34.786</Data><Data Name='ProcessGuid'>{0741354c-46aa-69eb-7f07-000000006702}</Data><Data Name='ProcessId'>1844</Data><Data Name='Image'>C:\Intel\Build\LB3.exe</Data><Data Name='TargetObject'>HKLM\SOFTWARE\Microsoft\Windows\CurrentVersion\WINEVT\Channels\Microsoft-Windows-SPB-ClassExtension/Analytic\ChannelAccess</Data><Data Name='Details'>O:BAG:SYD:(A;;0x1;;;SY)(A;;0x5;;;BA)(A;;0x1;;;LA)</Data><Data Name='User'>EC2AMAZ-I41BETP\Administrator</Data></EventData></Event>
<Event xmlns='http://schemas.microsoft.com/win/2004/08/events/event'><System><Provider Name='Microsoft-Windows-Sysmon' Guid='{5770385f-c22a-43e0-bf4c-06f5698ffbd9}'/><EventID>13</EventID><Version>2</Version><Level>4</Level><Task>13</Task><Opcode>0</Opcode><Keywords>0x8000000000000000</Keywords><TimeCreated SystemTime='2026-04-24T10:32:34.7916836Z'/><EventRecordID>9553</EventRecordID><Correlation/><Execution ProcessID='2976' ThreadID='3588'/><Channel>Microsoft-Windows-Sysmon/Operational</Channel><Computer>EC2AMAZ-I41BETP.attackrange.local</Computer><Security UserID='S-1-5-18'/></System><EventData><Data Name='RuleName'>-</Data><Data Name='EventType'>SetValue</Data><Data Name='UtcTime'>2026-04-24 10:32:34.786</Data><Data Name='ProcessGuid'>{0741354c-46aa-69eb-7f07-000000006702}</Data><Data Name='ProcessId'>1844</Data><Data Name='Image'>C:\Intel\Build\LB3.exe</Data><Data Name='TargetObject'>HKLM\SOFTWARE\Microsoft\Windows\CurrentVersion\WINEVT\Channels\Microsoft-Windows-SPB-ClassExtension/Analytic\Enabled</Data><Data Name='Details'>DWORD (0x00000000)</Data><Data Name='User'>EC2AMAZ-I41BETP\Administrator</Data></EventData></Event>
<Event xmlns='http://schemas.microsoft.com/win/2004/08/events/event'><System><Provider Name='Microsoft-Windows-Sysmon' Guid='{5770385f-c22a-43e0-bf4c-06f5698ffbd9}'/><EventID>13</EventID><Version>2</Version><Level>4</Level><Task>13</Task><Opcode>0</Opcode><Keywords>0x8000000000000000</Keywords><TimeCreated SystemTime='2026-04-24T10:32:34.7877702Z'/><EventRecordID>9552</EventRecordID><Correlation/><Execution ProcessID='2976' ThreadID='3588'/><Channel>Microsoft-Windows-Sysmon/Operational</Channel><Computer>EC2AMAZ-I41BETP.attackrange.local</Computer><Security UserID='S-1-5-18'/></System><EventData><Data Name='RuleName'>-</Data><Data Name='EventType'>SetValue</Data><Data Name='UtcTime'>2026-04-24 10:32:34.781</Data><Data Name='ProcessGuid'>{0741354c-46aa-69eb-7f07-000000006702}</Data><Data Name='ProcessId'>1844</Data><Data Name='Image'>C:\Intel\Build\LB3.exe</Data><Data Name='TargetObject'>HKLM\SOFTWARE\Microsoft\Windows\CurrentVersion\WINEVT\Channels\Microsoft-Windows-SMBWitnessClient/Informational\ChannelAccess</Data><Data Name='Details'>O:BAG:SYD:(A;;0x1;;;SY)(A;;0x5;;;BA)(A;;0x1;;;LA)</Data><Data Name='User'>EC2AMAZ-I41BETP\Administrator</Data></EventData></Event>
<Event xmlns='http://schemas.microsoft.com/win/2004/08/events/event'><System><Provider Name='Microsoft-Windows-Sysmon' Guid='{5770385f-c22a-43e0-bf4c-06f5698ffbd9}'/><EventID>13</EventID><Version>2</Version><Level>4</Level><Task>13</Task><Opcode>0</Opcode><Keywords>0x8000000000000000</Keywords><TimeCreated SystemTime='2026-04-24T10:32:34.7876274Z'/><EventRecordID>9551</EventRecordID><Correlation/><Execution ProcessID='2976' ThreadID='3588'/><Channel>Microsoft-Windows-Sysmon/Operational</Channel><Computer>EC2AMAZ-I41BETP.attackrange.local</Computer><Security UserID='S-1-5-18'/></System><EventData><Data Name='RuleName'>-</Data><Data Name='EventType'>SetValue</Data><Data Name='UtcTime'>2026-04-24 10:32:34.781</Data><Data Name='ProcessGuid'>{0741354c-46aa-69eb-7f07-000000006702}</Data><Data Name='ProcessId'>1844</Data><Data Name='Image'>C:\Intel\Build\LB3.exe</Data><Data Name='TargetObject'>HKLM\SOFTWARE\Microsoft\Windows\CurrentVersion\WINEVT\Channels\Microsoft-Windows-SMBWitnessClient/Informational\Enabled</Data><Data Name='Details'>DWORD (0x00000000)</Data><Data Name='User'>EC2AMAZ-I41BETP\Administrator</Data></EventData></Event>
<Event xmlns='http://schemas.microsoft.com/win/2004/08/events/event'><System><Provider Name='Microsoft-Windows-Sysmon' Guid='{5770385f-c22a-43e0-bf4c-06f5698ffbd9}'/><EventID>13</EventID><Version>2</Version><Level>4</Level><Task>13</Task><Opcode>0</Opcode><Keywords>0x8000000000000000</Keywords><TimeCreated SystemTime='2026-04-24T10:32:34.7824576Z'/><EventRecordID>9550</EventRecordID><Correlation/><Execution ProcessID='2976' ThreadID='3588'/><Channel>Microsoft-Windows-Sysmon/Operational</Channel><Computer>EC2AMAZ-I41BETP.attackrange.local</Computer><Security UserID='S-1-5-18'/></System><EventData><Data Name='RuleName'>-</Data><Data Name='EventType'>SetValue</Data><Data Name='UtcTime'>2026-04-24 10:32:34.770</Data><Data Name='ProcessGuid'>{0741354c-46aa-69eb-7f07-000000006702}</Data><Data Name='ProcessId'>1844</Data><Data Name='Image'>C:\Intel\Build\LB3.exe</Data><Data Name='TargetObject'>HKLM\SOFTWARE\Microsoft\Windows\CurrentVersion\WINEVT\Channels\Microsoft-Windows-SMBWitnessClient/Admin\ChannelAccess</Data><Data Name='Details'>O:BAG:SYD:(A;;0x1;;;SY)(A;;0x5;;;BA)(A;;0x1;;;LA)</Data><Data Name='User'>EC2AMAZ-I41BETP\Administrator</Data></EventData></Event>
<Event xmlns='http://schemas.microsoft.com/win/2004/08/events/event'><System><Provider Name='Microsoft-Windows-Sysmon' Guid='{5770385f-c22a-43e0-bf4c-06f5698ffbd9}'/><EventID>13</EventID><Version>2</Version><Level>4</Level><Task>13</Task><Opcode>0</Opcode><Keywords>0x8000000000000000</Keywords><TimeCreated SystemTime='2026-04-24T10:32:34.7823323Z'/><EventRecordID>9549</EventRecordID><Correlation/><Execution ProcessID='2976' ThreadID='3588'/><Channel>Microsoft-Windows-Sysmon/Operational</Channel><Computer>EC2AMAZ-I41BETP.attackrange.local</Computer><Security UserID='S-1-5-18'/></System><EventData><Data Name='RuleName'>-</Data><Data Name='EventType'>SetValue</Data><Data Name='UtcTime'>2026-04-24 10:32:34.770</Data><Data Name='ProcessGuid'>{0741354c-46aa-69eb-7f07-000000006702}</Data><Data Name='ProcessId'>1844</Data><Data Name='Image'>C:\Intel\Build\LB3.exe</Data><Data Name='TargetObject'>HKLM\SOFTWARE\Microsoft\Windows\CurrentVersion\WINEVT\Channels\Microsoft-Windows-SMBWitnessClient/Admin\Enabled</Data><Data Name='Details'>DWORD (0x00000000)</Data><Data Name='User'>EC2AMAZ-I41BETP\Administrator</Data></EventData></Event>
<Event xmlns='http://schemas.microsoft.com/win/2004/08/events/event'><System><Provider Name='Microsoft-Windows-Sysmon' Guid='{5770385f-c22a-43e0-bf4c-06f5698ffbd9}'/><EventID>13</EventID><Version>2</Version><Level>4</Level><Task>13</Task><Opcode>0</Opcode><Keywords>0x8000000000000000</Keywords><TimeCreated SystemTime='2026-04-24T10:32:34.7743157Z'/><EventRecordID>9548</EventRecordID><Correlation/><Execution ProcessID='2976' ThreadID='3588'/><Channel>Microsoft-Windows-Sysmon/Operational</Channel><Computer>EC2AMAZ-I41BETP.attackrange.local</Computer><Security UserID='S-1-5-18'/></System><EventData><Data Name='RuleName'>-</Data><Data Name='EventType'>SetValue</Data><Data Name='UtcTime'>2026-04-24 10:32:34.770</Data><Data Name='ProcessGuid'>{0741354c-46aa-69eb-7f07-000000006702}</Data><Data Name='ProcessId'>1844</Data><Data Name='Image'>C:\Intel\Build\LB3.exe</Data><Data Name='TargetObject'>HKLM\SOFTWARE\Microsoft\Windows\CurrentVersion\WINEVT\Channels\Microsoft-Windows-SMBServer/Security\ChannelAccess</Data><Data Name='Details'>O:BAG:SYD:(A;;0x1;;;SY)(A;;0x5;;;BA)(A;;0x1;;;LA)</Data><Data Name='User'>EC2AMAZ-I41BETP\Administrator</Data></EventData></Event>
<Event xmlns='http://schemas.microsoft.com/win/2004/08/events/event'><System><Provider Name='Microsoft-Windows-Sysmon' Guid='{5770385f-c22a-43e0-bf4c-06f5698ffbd9}'/><EventID>13</EventID><Version>2</Version><Level>4</Level><Task>13</Task><Opcode>0</Opcode><Keywords>0x8000000000000000</Keywords><TimeCreated SystemTime='2026-04-24T10:32:34.7739912Z'/><EventRecordID>9547</EventRecordID><Correlation/><Execution ProcessID='2976' ThreadID='3588'/><Channel>Microsoft-Windows-Sysmon/Operational</Channel><Computer>EC2AMAZ-I41BETP.attackrange.local</Computer><Security UserID='S-1-5-18'/></System><EventData><Data Name='RuleName'>-</Data><Data Name='EventType'>SetValue</Data><Data Name='UtcTime'>2026-04-24 10:32:34.770</Data><Data Name='ProcessGuid'>{0741354c-46aa-69eb-7f07-000000006702}</Data><Data Name='ProcessId'>1844</Data><Data Name='Image'>C:\Intel\Build\LB3.exe</Data><Data Name='TargetObject'>HKLM\SOFTWARE\Microsoft\Windows\CurrentVersion\WINEVT\Channels\Microsoft-Windows-SMBServer/Security\Enabled</Data><Data Name='Details'>DWORD (0x00000000)</Data><Data Name='User'>EC2AMAZ-I41BETP\Administrator</Data></EventData></Event>
<Event xmlns='http://schemas.microsoft.com/win/2004/08/events/event'><System><Provider Name='Microsoft-Windows-Sysmon' Guid='{5770385f-c22a-43e0-bf4c-06f5698ffbd9}'/><EventID>1</EventID><Version>5</Version><Level>4</Level><Task>1</Task><Opcode>0</Opcode><Keywords>0x8000000000000000</Keywords><TimeCreated SystemTime='2026-04-24T10:32:34.7728584Z'/><EventRecordID>9546</EventRecordID><Correlation/><Execution ProcessID='2976' ThreadID='3588'/><Channel>Microsoft-Windows-Sysmon/Operational</Channel><Computer>EC2AMAZ-I41BETP.attackrange.local</Computer><Security UserID='S-1-5-18'/></System><EventData><Data Name='RuleName'>-</Data><Data Name='UtcTime'>2026-04-24 10:32:34.771</Data><Data Name='ProcessGuid'>{0741354c-46c2-69eb-8507-000000006702}</Data><Data Name='ProcessId'>4336</Data><Data Name='Image'>C:\Program Files\SplunkUniversalForwarder\bin\splunk-MonitorNoHandle.exe</Data><Data Name='FileVersion'>10.0.10011.16384</Data><Data Name='Description'>SplunkMonNoHandle Control Program</Data><Data Name='Product'>Windows (R) Win 7 DDK driver</Data><Data Name='Company'>Windows (R) Win 7 DDK provider</Data><Data Name='OriginalFileName'>SplunkMonNoHandle.exe</Data><Data Name='CommandLine'>"C:\Program Files\SplunkUniversalForwarder\bin\splunk-MonitorNoHandle.exe"</Data><Data Name='CurrentDirectory'>C:\Windows\system32\</Data><Data Name='User'>NT AUTHORITY\SYSTEM</Data><Data Name='LogonGuid'>{0741354c-10c9-69eb-e703-000000000000}</Data><Data Name='LogonId'>0x3e7</Data><Data Name='TerminalSessionId'>0</Data><Data Name='IntegrityLevel'>System</Data><Data Name='Hashes'>MD5=509F459BAA92E3C3D2B8AF2ABEE90640,SHA256=12576AFDC3B84FA47162F3FE31DC926B5B1F82EC1B4A4721A656274275CB7B20,IMPHASH=AA49C0FBBD591DE7932A03B49B088142</Data><Data Name='ParentProcessGuid'>{0741354c-10cc-69eb-4100-000000006702}</Data><Data Name='ParentProcessId'>2788</Data><Data Name='ParentImage'>C:\Program Files\SplunkUniversalForwarder\bin\splunkd.exe</Data><Data Name='ParentCommandLine'>"C:\Program Files\SplunkUniversalForwarder\bin\splunkd.exe" service</Data><Data Name='ParentUser'>NT AUTHORITY\SYSTEM</Data></EventData></Event>
<Event xmlns='http://schemas.microsoft.com/win/2004/08/events/event'><System><Provider Name='Microsoft-Windows-Sysmon' Guid='{5770385f-c22a-43e0-bf4c-06f5698ffbd9}'/><EventID>13</EventID><Version>2</Version><Level>4</Level><Task>13</Task><Opcode>0</Opcode><Keywords>0x8000000000000000</Keywords><TimeCreated SystemTime='2026-04-24T10:32:34.7696443Z'/><EventRecordID>9545</EventRecordID><Correlation/><Execution ProcessID='2976' ThreadID='3588'/><Channel>Microsoft-Windows-Sysmon/Operational</Channel><Computer>EC2AMAZ-I41BETP.attackrange.local</Computer><Security UserID='S-1-5-18'/></System><EventData><Data Name='RuleName'>-</Data><Data Name='EventType'>SetValue</Data><Data Name='UtcTime'>2026-04-24 10:32:34.754</Data><Data Name='ProcessGuid'>{0741354c-46aa-69eb-7f07-000000006702}</Data><Data Name='ProcessId'>1844</Data><Data Name='Image'>C:\Intel\Build\LB3.exe</Data><Data Name='TargetObject'>HKLM\SOFTWARE\Microsoft\Windows\CurrentVersion\WINEVT\Channels\Microsoft-Windows-SMBServer/Performance\ChannelAccess</Data><Data Name='Details'>O:BAG:SYD:(A;;0x1;;;SY)(A;;0x5;;;BA)(A;;0x1;;;LA)</Data><Data Name='User'>EC2AMAZ-I41BETP\Administrator</Data></EventData></Event>
<Event xmlns='http://schemas.microsoft.com/win/2004/08/events/event'><System><Provider Name='Microsoft-Windows-Sysmon' Guid='{5770385f-c22a-43e0-bf4c-06f5698ffbd9}'/><EventID>13</EventID><Version>2</Version><Level>4</Level><Task>13</Task><Opcode>0</Opcode><Keywords>0x8000000000000000</Keywords><TimeCreated SystemTime='2026-04-24T10:32:34.7695088Z'/><EventRecordID>9544</EventRecordID><Correlation/><Execution ProcessID='2976' ThreadID='3588'/><Channel>Microsoft-Windows-Sysmon/Operational</Channel><Computer>EC2AMAZ-I41BETP.attackrange.local</Computer><Security UserID='S-1-5-18'/></System><EventData><Data Name='RuleName'>-</Data><Data Name='EventType'>SetValue</Data><Data Name='UtcTime'>2026-04-24 10:32:34.754</Data><Data Name='ProcessGuid'>{0741354c-46aa-69eb-7f07-000000006702}</Data><Data Name='ProcessId'>1844</Data><Data Name='Image'>C:\Intel\Build\LB3.exe</Data><Data Name='TargetObject'>HKLM\SOFTWARE\Microsoft\Windows\CurrentVersion\WINEVT\Channels\Microsoft-Windows-SMBServer/Performance\Enabled</Data><Data Name='Details'>DWORD (0x00000000)</Data><Data Name='User'>EC2AMAZ-I41BETP\Administrator</Data></EventData></Event>
<Event xmlns='http://schemas.microsoft.com/win/2004/08/events/event'><System><Provider Name='Microsoft-Windows-Sysmon' Guid='{5770385f-c22a-43e0-bf4c-06f5698ffbd9}'/><EventID>13</EventID><Version>2</Version><Level>4</Level><Task>13</Task><Opcode>0</Opcode><Keywords>0x8000000000000000</Keywords><TimeCreated SystemTime='2026-04-24T10:32:34.7640521Z'/><EventRecordID>9543</EventRecordID><Correlation/><Execution ProcessID='2976' ThreadID='3588'/><Channel>Microsoft-Windows-Sysmon/Operational</Channel><Computer>EC2AMAZ-I41BETP.attackrange.local</Computer><Security UserID='S-1-5-18'/></System><EventData><Data Name='RuleName'>-</Data><Data Name='EventType'>SetValue</Data><Data Name='UtcTime'>2026-04-24 10:32:34.754</Data><Data Name='ProcessGuid'>{0741354c-46aa-69eb-7f07-000000006702}</Data><Data Name='ProcessId'>1844</Data><Data Name='Image'>C:\Intel\Build\LB3.exe</Data><Data Name='TargetObject'>HKLM\SOFTWARE\Microsoft\Windows\CurrentVersion\WINEVT\Channels\Microsoft-Windows-SMBServer/Operational\ChannelAccess</Data><Data Name='Details'>O:BAG:SYD:(A;;0x1;;;SY)(A;;0x5;;;BA)(A;;0x1;;;LA)</Data><Data Name='User'>EC2AMAZ-I41BETP\Administrator</Data></EventData></Event>
<Event xmlns='http://schemas.microsoft.com/win/2004/08/events/event'><System><Provider Name='Microsoft-Windows-Sysmon' Guid='{5770385f-c22a-43e0-bf4c-06f5698ffbd9}'/><EventID>13</EventID><Version>2</Version><Level>4</Level><Task>13</Task><Opcode>0</Opcode><Keywords>0x8000000000000000</Keywords><TimeCreated SystemTime='2026-04-24T10:32:34.7639176Z'/><EventRecordID>9542</EventRecordID><Correlation/><Execution ProcessID='2976' ThreadID='3588'/><Channel>Microsoft-Windows-Sysmon/Operational</Channel><Computer>EC2AMAZ-I41BETP.attackrange.local</Computer><Security UserID='S-1-5-18'/></System><EventData><Data Name='RuleName'>-</Data><Data Name='EventType'>SetValue</Data><Data Name='UtcTime'>2026-04-24 10:32:34.754</Data><Data Name='ProcessGuid'>{0741354c-46aa-69eb-7f07-000000006702}</Data><Data Name='ProcessId'>1844</Data><Data Name='Image'>C:\Intel\Build\LB3.exe</Data><Data Name='TargetObject'>HKLM\SOFTWARE\Microsoft\Windows\CurrentVersion\WINEVT\Channels\Microsoft-Windows-SMBServer/Operational\Enabled</Data><Data Name='Details'>DWORD (0x00000000)</Data><Data Name='User'>EC2AMAZ-I41BETP\Administrator</Data></EventData></Event>
<Event xmlns='http://schemas.microsoft.com/win/2004/08/events/event'><System><Provider Name='Microsoft-Windows-Sysmon' Guid='{5770385f-c22a-43e0-bf4c-06f5698ffbd9}'/><EventID>13</EventID><Version>2</Version><Level>4</Level><Task>13</Task><Opcode>0</Opcode><Keywords>0x8000000000000000</Keywords><TimeCreated SystemTime='2026-04-24T10:32:34.7573509Z'/><EventRecordID>9541</EventRecordID><Correlation/><Execution ProcessID='2976' ThreadID='3588'/><Channel>Microsoft-Windows-Sysmon/Operational</Channel><Computer>EC2AMAZ-I41BETP.attackrange.local</Computer><Security UserID='S-1-5-18'/></System><EventData><Data Name='RuleName'>-</Data><Data Name='EventType'>SetValue</Data><Data Name='UtcTime'>2026-04-24 10:32:34.754</Data><Data Name='ProcessGuid'>{0741354c-46aa-69eb-7f07-000000006702}</Data><Data Name='ProcessId'>1844</Data><Data Name='Image'>C:\Intel\Build\LB3.exe</Data><Data Name='TargetObject'>HKLM\SOFTWARE\Microsoft\Windows\CurrentVersion\WINEVT\Channels\Microsoft-Windows-SMBServer/Diagnostic\ChannelAccess</Data><Data Name='Details'>O:BAG:SYD:(A;;0x1;;;SY)(A;;0x5;;;BA)(A;;0x1;;;LA)</Data><Data Name='User'>EC2AMAZ-I41BETP\Administrator</Data></EventData></Event>
<Event xmlns='http://schemas.microsoft.com/win/2004/08/events/event'><System><Provider Name='Microsoft-Windows-Sysmon' Guid='{5770385f-c22a-43e0-bf4c-06f5698ffbd9}'/><EventID>13</EventID><Version>2</Version><Level>4</Level><Task>13</Task><Opcode>0</Opcode><Keywords>0x8000000000000000</Keywords><TimeCreated SystemTime='2026-04-24T10:32:34.7572171Z'/><EventRecordID>9540</EventRecordID><Correlation/><Execution ProcessID='2976' ThreadID='3588'/><Channel>Microsoft-Windows-Sysmon/Operational</Channel><Computer>EC2AMAZ-I41BETP.attackrange.local</Computer><Security UserID='S-1-5-18'/></System><EventData><Data Name='RuleName'>-</Data><Data Name='EventType'>SetValue</Data><Data Name='UtcTime'>2026-04-24 10:32:34.754</Data><Data Name='ProcessGuid'>{0741354c-46aa-69eb-7f07-000000006702}</Data><Data Name='ProcessId'>1844</Data><Data Name='Image'>C:\Intel\Build\LB3.exe</Data><Data Name='TargetObject'>HKLM\SOFTWARE\Microsoft\Windows\CurrentVersion\WINEVT\Channels\Microsoft-Windows-SMBServer/Diagnostic\Enabled</Data><Data Name='Details'>DWORD (0x00000000)</Data><Data Name='User'>EC2AMAZ-I41BETP\Administrator</Data></EventData></Event>
<Event xmlns='http://schemas.microsoft.com/win/2004/08/events/event'><System><Provider Name='Microsoft-Windows-Sysmon' Guid='{5770385f-c22a-43e0-bf4c-06f5698ffbd9}'/><EventID>13</EventID><Version>2</Version><Level>4</Level><Task>13</Task><Opcode>0</Opcode><Keywords>0x8000000000000000</Keywords><TimeCreated SystemTime='2026-04-24T10:32:34.7512559Z'/><EventRecordID>9539</EventRecordID><Correlation/><Execution ProcessID='2976' ThreadID='3588'/><Channel>Microsoft-Windows-Sysmon/Operational</Channel><Computer>EC2AMAZ-I41BETP.attackrange.local</Computer><Security UserID='S-1-5-18'/></System><EventData><Data Name='RuleName'>-</Data><Data Name='EventType'>SetValue</Data><Data Name='UtcTime'>2026-04-24 10:32:34.738</Data><Data Name='ProcessGuid'>{0741354c-46aa-69eb-7f07-000000006702}</Data><Data Name='ProcessId'>1844</Data><Data Name='Image'>C:\Intel\Build\LB3.exe</Data><Data Name='TargetObject'>HKLM\SOFTWARE\Microsoft\Windows\CurrentVersion\WINEVT\Channels\Microsoft-Windows-SMBServer/Connectivity\ChannelAccess</Data><Data Name='Details'>O:BAG:SYD:(A;;0x1;;;SY)(A;;0x5;;;BA)(A;;0x1;;;LA)</Data><Data Name='User'>EC2AMAZ-I41BETP\Administrator</Data></EventData></Event>
<Event xmlns='http://schemas.microsoft.com/win/2004/08/events/event'><System><Provider Name='Microsoft-Windows-Sysmon' Guid='{5770385f-c22a-43e0-bf4c-06f5698ffbd9}'/><EventID>13</EventID><Version>2</Version><Level>4</Level><Task>13</Task><Opcode>0</Opcode><Keywords>0x8000000000000000</Keywords><TimeCreated SystemTime='2026-04-24T10:32:34.7511049Z'/><EventRecordID>9538</EventRecordID><Correlation/><Execution ProcessID='2976' ThreadID='3588'/><Channel>Microsoft-Windows-Sysmon/Operational</Channel><Computer>EC2AMAZ-I41BETP.attackrange.local</Computer><Security UserID='S-1-5-18'/></System><EventData><Data Name='RuleName'>-</Data><Data Name='EventType'>SetValue</Data><Data Name='UtcTime'>2026-04-24 10:32:34.738</Data><Data Name='ProcessGuid'>{0741354c-46aa-69eb-7f07-000000006702}</Data><Data Name='ProcessId'>1844</Data><Data Name='Image'>C:\Intel\Build\LB3.exe</Data><Data Name='TargetObject'>HKLM\SOFTWARE\Microsoft\Windows\CurrentVersion\WINEVT\Channels\Microsoft-Windows-SMBServer/Connectivity\Enabled</Data><Data Name='Details'>DWORD (0x00000000)</Data><Data Name='User'>EC2AMAZ-I41BETP\Administrator</Data></EventData></Event>
<Event xmlns='http://schemas.microsoft.com/win/2004/08/events/event'><System><Provider Name='Microsoft-Windows-Sysmon' Guid='{5770385f-c22a-43e0-bf4c-06f5698ffbd9}'/><EventID>13</EventID><Version>2</Version><Level>4</Level><Task>13</Task><Opcode>0</Opcode><Keywords>0x8000000000000000</Keywords><TimeCreated SystemTime='2026-04-24T10:32:34.7451964Z'/><EventRecordID>9537</EventRecordID><Correlation/><Execution ProcessID='2976' ThreadID='3588'/><Channel>Microsoft-Windows-Sysmon/Operational</Channel><Computer>EC2AMAZ-I41BETP.attackrange.local</Computer><Security UserID='S-1-5-18'/></System><EventData><Data Name='RuleName'>-</Data><Data Name='EventType'>SetValue</Data><Data Name='UtcTime'>2026-04-24 10:32:34.738</Data><Data Name='ProcessGuid'>{0741354c-46aa-69eb-7f07-000000006702}</Data><Data Name='ProcessId'>1844</Data><Data Name='Image'>C:\Intel\Build\LB3.exe</Data><Data Name='TargetObject'>HKLM\SOFTWARE\Microsoft\Windows\CurrentVersion\WINEVT\Channels\Microsoft-Windows-SMBServer/Audit\ChannelAccess</Data><Data Name='Details'>O:BAG:SYD:(A;;0x1;;;SY)(A;;0x5;;;BA)(A;;0x1;;;LA)</Data><Data Name='User'>EC2AMAZ-I41BETP\Administrator</Data></EventData></Event>
<Event xmlns='http://schemas.microsoft.com/win/2004/08/events/event'><System><Provider Name='Microsoft-Windows-Sysmon' Guid='{5770385f-c22a-43e0-bf4c-06f5698ffbd9}'/><EventID>13</EventID><Version>2</Version><Level>4</Level><Task>13</Task><Opcode>0</Opcode><Keywords>0x8000000000000000</Keywords><TimeCreated SystemTime='2026-04-24T10:32:34.7450528Z'/><EventRecordID>9536</EventRecordID><Correlation/><Execution ProcessID='2976' ThreadID='3588'/><Channel>Microsoft-Windows-Sysmon/Operational</Channel><Computer>EC2AMAZ-I41BETP.attackrange.local</Computer><Security UserID='S-1-5-18'/></System><EventData><Data Name='RuleName'>-</Data><Data Name='EventType'>SetValue</Data><Data Name='UtcTime'>2026-04-24 10:32:34.738</Data><Data Name='ProcessGuid'>{0741354c-46aa-69eb-7f07-000000006702}</Data><Data Name='ProcessId'>1844</Data><Data Name='Image'>C:\Intel\Build\LB3.exe</Data><Data Name='TargetObject'>HKLM\SOFTWARE\Microsoft\Windows\CurrentVersion\WINEVT\Channels\Microsoft-Windows-SMBServer/Audit\Enabled</Data><Data Name='Details'>DWORD (0x00000000)</Data><Data Name='User'>EC2AMAZ-I41BETP\Administrator</Data></EventData></Event>
<Event xmlns='http://schemas.microsoft.com/win/2004/08/events/event'><System><Provider Name='Microsoft-Windows-Sysmon' Guid='{5770385f-c22a-43e0-bf4c-06f5698ffbd9}'/><EventID>13</EventID><Version>2</Version><Level>4</Level><Task>13</Task><Opcode>0</Opcode><Keywords>0x8000000000000000</Keywords><TimeCreated SystemTime='2026-04-24T10:32:34.7394368Z'/><EventRecordID>9535</EventRecordID><Correlation/><Execution ProcessID='2976' ThreadID='3588'/><Channel>Microsoft-Windows-Sysmon/Operational</Channel><Computer>EC2AMAZ-I41BETP.attackrange.local</Computer><Security UserID='S-1-5-18'/></System><EventData><Data Name='RuleName'>-</Data><Data Name='EventType'>SetValue</Data><Data Name='UtcTime'>2026-04-24 10:32:34.722</Data><Data Name='ProcessGuid'>{0741354c-46aa-69eb-7f07-000000006702}</Data><Data Name='ProcessId'>1844</Data><Data Name='Image'>C:\Intel\Build\LB3.exe</Data><Data Name='TargetObject'>HKLM\SOFTWARE\Microsoft\Windows\CurrentVersion\WINEVT\Channels\Microsoft-Windows-SMBServer/Analytic\ChannelAccess</Data><Data Name='Details'>O:BAG:SYD:(A;;0x1;;;SY)(A;;0x5;;;BA)(A;;0x1;;;LA)</Data><Data Name='User'>EC2AMAZ-I41BETP\Administrator</Data></EventData></Event>
<Event xmlns='http://schemas.microsoft.com/win/2004/08/events/event'><System><Provider Name='Microsoft-Windows-Sysmon' Guid='{5770385f-c22a-43e0-bf4c-06f5698ffbd9}'/><EventID>13</EventID><Version>2</Version><Level>4</Level><Task>13</Task><Opcode>0</Opcode><Keywords>0x8000000000000000</Keywords><TimeCreated SystemTime='2026-04-24T10:32:34.7392956Z'/><EventRecordID>9534</EventRecordID><Correlation/><Execution ProcessID='2976' ThreadID='3588'/><Channel>Microsoft-Windows-Sysmon/Operational</Channel><Computer>EC2AMAZ-I41BETP.attackrange.local</Computer><Security UserID='S-1-5-18'/></System><EventData><Data Name='RuleName'>-</Data><Data Name='EventType'>SetValue</Data><Data Name='UtcTime'>2026-04-24 10:32:34.722</Data><Data Name='ProcessGuid'>{0741354c-46aa-69eb-7f07-000000006702}</Data><Data Name='ProcessId'>1844</Data><Data Name='Image'>C:\Intel\Build\LB3.exe</Data><Data Name='TargetObject'>HKLM\SOFTWARE\Microsoft\Windows\CurrentVersion\WINEVT\Channels\Microsoft-Windows-SMBServer/Analytic\Enabled</Data><Data Name='Details'>DWORD (0x00000000)</Data><Data Name='User'>EC2AMAZ-I41BETP\Administrator</Data></EventData></Event>
<Event xmlns='http://schemas.microsoft.com/win/2004/08/events/event'><System><Provider Name='Microsoft-Windows-Sysmon' Guid='{5770385f-c22a-43e0-bf4c-06f5698ffbd9}'/><EventID>13</EventID><Version>2</Version><Level>4</Level><Task>13</Task><Opcode>0</Opcode><Keywords>0x8000000000000000</Keywords><TimeCreated SystemTime='2026-04-24T10:32:34.7329272Z'/><EventRecordID>9533</EventRecordID><Correlation/><Execution ProcessID='2976' ThreadID='3588'/><Channel>Microsoft-Windows-Sysmon/Operational</Channel><Computer>EC2AMAZ-I41BETP.attackrange.local</Computer><Security UserID='S-1-5-18'/></System><EventData><Data Name='RuleName'>-</Data><Data Name='EventType'>SetValue</Data><Data Name='UtcTime'>2026-04-24 10:32:34.722</Data><Data Name='ProcessGuid'>{0741354c-46aa-69eb-7f07-000000006702}</Data><Data Name='ProcessId'>1844</Data><Data Name='Image'>C:\Intel\Build\LB3.exe</Data><Data Name='TargetObject'>HKLM\SOFTWARE\Microsoft\Windows\CurrentVersion\WINEVT\Channels\Microsoft-Windows-SMBDirect/Netmon\ChannelAccess</Data><Data Name='Details'>O:BAG:SYD:(A;;0x1;;;SY)(A;;0x5;;;BA)(A;;0x1;;;LA)</Data><Data Name='User'>EC2AMAZ-I41BETP\Administrator</Data></EventData></Event>
<Event xmlns='http://schemas.microsoft.com/win/2004/08/events/event'><System><Provider Name='Microsoft-Windows-Sysmon' Guid='{5770385f-c22a-43e0-bf4c-06f5698ffbd9}'/><EventID>13</EventID><Version>2</Version><Level>4</Level><Task>13</Task><Opcode>0</Opcode><Keywords>0x8000000000000000</Keywords><TimeCreated SystemTime='2026-04-24T10:32:34.7327923Z'/><EventRecordID>9532</EventRecordID><Correlation/><Execution ProcessID='2976' ThreadID='3588'/><Channel>Microsoft-Windows-Sysmon/Operational</Channel><Computer>EC2AMAZ-I41BETP.attackrange.local</Computer><Security UserID='S-1-5-18'/></System><EventData><Data Name='RuleName'>-</Data><Data Name='EventType'>SetValue</Data><Data Name='UtcTime'>2026-04-24 10:32:34.722</Data><Data Name='ProcessGuid'>{0741354c-46aa-69eb-7f07-000000006702}</Data><Data Name='ProcessId'>1844</Data><Data Name='Image'>C:\Intel\Build\LB3.exe</Data><Data Name='TargetObject'>HKLM\SOFTWARE\Microsoft\Windows\CurrentVersion\WINEVT\Channels\Microsoft-Windows-SMBDirect/Netmon\Enabled</Data><Data Name='Details'>DWORD (0x00000000)</Data><Data Name='User'>EC2AMAZ-I41BETP\Administrator</Data></EventData></Event>
<Event xmlns='http://schemas.microsoft.com/win/2004/08/events/event'><System><Provider Name='Microsoft-Windows-Sysmon' Guid='{5770385f-c22a-43e0-bf4c-06f5698ffbd9}'/><EventID>13</EventID><Version>2</Version><Level>4</Level><Task>13</Task><Opcode>0</Opcode><Keywords>0x8000000000000000</Keywords><TimeCreated SystemTime='2026-04-24T10:32:34.7269111Z'/><EventRecordID>9531</EventRecordID><Correlation/><Execution ProcessID='2976' ThreadID='3588'/><Channel>Microsoft-Windows-Sysmon/Operational</Channel><Computer>EC2AMAZ-I41BETP.attackrange.local</Computer><Security UserID='S-1-5-18'/></System><EventData><Data Name='RuleName'>-</Data><Data Name='EventType'>SetValue</Data><Data Name='UtcTime'>2026-04-24 10:32:34.722</Data><Data Name='ProcessGuid'>{0741354c-46aa-69eb-7f07-000000006702}</Data><Data Name='ProcessId'>1844</Data><Data Name='Image'>C:\Intel\Build\LB3.exe</Data><Data Name='TargetObject'>HKLM\SOFTWARE\Microsoft\Windows\CurrentVersion\WINEVT\Channels\Microsoft-Windows-SMBDirect/Debug\ChannelAccess</Data><Data Name='Details'>O:BAG:SYD:(A;;0x1;;;SY)(A;;0x5;;;BA)(A;;0x1;;;LA)</Data><Data Name='User'>EC2AMAZ-I41BETP\Administrator</Data></EventData></Event>
<Event xmlns='http://schemas.microsoft.com/win/2004/08/events/event'><System><Provider Name='Microsoft-Windows-Sysmon' Guid='{5770385f-c22a-43e0-bf4c-06f5698ffbd9}'/><EventID>13</EventID><Version>2</Version><Level>4</Level><Task>13</Task><Opcode>0</Opcode><Keywords>0x8000000000000000</Keywords><TimeCreated SystemTime='2026-04-24T10:32:34.7267783Z'/><EventRecordID>9530</EventRecordID><Correlation/><Execution ProcessID='2976' ThreadID='3588'/><Channel>Microsoft-Windows-Sysmon/Operational</Channel><Computer>EC2AMAZ-I41BETP.attackrange.local</Computer><Security UserID='S-1-5-18'/></System><EventData><Data Name='RuleName'>-</Data><Data Name='EventType'>SetValue</Data><Data Name='UtcTime'>2026-04-24 10:32:34.722</Data><Data Name='ProcessGuid'>{0741354c-46aa-69eb-7f07-000000006702}</Data><Data Name='ProcessId'>1844</Data><Data Name='Image'>C:\Intel\Build\LB3.exe</Data><Data Name='TargetObject'>HKLM\SOFTWARE\Microsoft\Windows\CurrentVersion\WINEVT\Channels\Microsoft-Windows-SMBDirect/Debug\Enabled</Data><Data Name='Details'>DWORD (0x00000000)</Data><Data Name='User'>EC2AMAZ-I41BETP\Administrator</Data></EventData></Event>
<Event xmlns='http://schemas.microsoft.com/win/2004/08/events/event'><System><Provider Name='Microsoft-Windows-Sysmon' Guid='{5770385f-c22a-43e0-bf4c-06f5698ffbd9}'/><EventID>13</EventID><Version>2</Version><Level>4</Level><Task>13</Task><Opcode>0</Opcode><Keywords>0x8000000000000000</Keywords><TimeCreated SystemTime='2026-04-24T10:32:34.7213153Z'/><EventRecordID>9529</EventRecordID><Correlation/><Execution ProcessID='2976' ThreadID='3588'/><Channel>Microsoft-Windows-Sysmon/Operational</Channel><Computer>EC2AMAZ-I41BETP.attackrange.local</Computer><Security UserID='S-1-5-18'/></System><EventData><Data Name='RuleName'>-</Data><Data Name='EventType'>SetValue</Data><Data Name='UtcTime'>2026-04-24 10:32:34.719</Data><Data Name='ProcessGuid'>{0741354c-46aa-69eb-7f07-000000006702}</Data><Data Name='ProcessId'>1844</Data><Data Name='Image'>C:\Intel\Build\LB3.exe</Data><Data Name='TargetObject'>HKLM\SOFTWARE\Microsoft\Windows\CurrentVersion\WINEVT\Channels\Microsoft-Windows-SMBDirect/Admin\ChannelAccess</Data><Data Name='Details'>O:BAG:SYD:(A;;0x1;;;SY)(A;;0x5;;;BA)(A;;0x1;;;LA)</Data><Data Name='User'>EC2AMAZ-I41BETP\Administrator</Data></EventData></Event>
<Event xmlns='http://schemas.microsoft.com/win/2004/08/events/event'><System><Provider Name='Microsoft-Windows-Sysmon' Guid='{5770385f-c22a-43e0-bf4c-06f5698ffbd9}'/><EventID>13</EventID><Version>2</Version><Level>4</Level><Task>13</Task><Opcode>0</Opcode><Keywords>0x8000000000000000</Keywords><TimeCreated SystemTime='2026-04-24T10:32:34.7211608Z'/><EventRecordID>9528</EventRecordID><Correlation/><Execution ProcessID='2976' ThreadID='3588'/><Channel>Microsoft-Windows-Sysmon/Operational</Channel><Computer>EC2AMAZ-I41BETP.attackrange.local</Computer><Security UserID='S-1-5-18'/></System><EventData><Data Name='RuleName'>-</Data><Data Name='EventType'>SetValue</Data><Data Name='UtcTime'>2026-04-24 10:32:34.719</Data><Data Name='ProcessGuid'>{0741354c-46aa-69eb-7f07-000000006702}</Data><Data Name='ProcessId'>1844</Data><Data Name='Image'>C:\Intel\Build\LB3.exe</Data><Data Name='TargetObject'>HKLM\SOFTWARE\Microsoft\Windows\CurrentVersion\WINEVT\Channels\Microsoft-Windows-SMBDirect/Admin\Enabled</Data><Data Name='Details'>DWORD (0x00000000)</Data><Data Name='User'>EC2AMAZ-I41BETP\Administrator</Data></EventData></Event>
<Event xmlns='http://schemas.microsoft.com/win/2004/08/events/event'><System><Provider Name='Microsoft-Windows-Sysmon' Guid='{5770385f-c22a-43e0-bf4c-06f5698ffbd9}'/><EventID>13</EventID><Version>2</Version><Level>4</Level><Task>13</Task><Opcode>0</Opcode><Keywords>0x8000000000000000</Keywords><TimeCreated SystemTime='2026-04-24T10:32:34.7150359Z'/><EventRecordID>9527</EventRecordID><Correlation/><Execution ProcessID='2976' ThreadID='3588'/><Channel>Microsoft-Windows-Sysmon/Operational</Channel><Computer>EC2AMAZ-I41BETP.attackrange.local</Computer><Security UserID='S-1-5-18'/></System><EventData><Data Name='RuleName'>-</Data><Data Name='EventType'>SetValue</Data><Data Name='UtcTime'>2026-04-24 10:32:34.706</Data><Data Name='ProcessGuid'>{0741354c-46aa-69eb-7f07-000000006702}</Data><Data Name='ProcessId'>1844</Data><Data Name='Image'>C:\Intel\Build\LB3.exe</Data><Data Name='TargetObject'>HKLM\SOFTWARE\Microsoft\Windows\CurrentVersion\WINEVT\Channels\Microsoft-Windows-SmbClient/Security\ChannelAccess</Data><Data Name='Details'>O:BAG:SYD:(A;;0x1;;;SY)(A;;0x5;;;BA)(A;;0x1;;;LA)</Data><Data Name='User'>EC2AMAZ-I41BETP\Administrator</Data></EventData></Event>
<Event xmlns='http://schemas.microsoft.com/win/2004/08/events/event'><System><Provider Name='Microsoft-Windows-Sysmon' Guid='{5770385f-c22a-43e0-bf4c-06f5698ffbd9}'/><EventID>13</EventID><Version>2</Version><Level>4</Level><Task>13</Task><Opcode>0</Opcode><Keywords>0x8000000000000000</Keywords><TimeCreated SystemTime='2026-04-24T10:32:34.7148952Z'/><EventRecordID>9526</EventRecordID><Correlation/><Execution ProcessID='2976' ThreadID='3588'/><Channel>Microsoft-Windows-Sysmon/Operational</Channel><Computer>EC2AMAZ-I41BETP.attackrange.local</Computer><Security UserID='S-1-5-18'/></System><EventData><Data Name='RuleName'>-</Data><Data Name='EventType'>SetValue</Data><Data Name='UtcTime'>2026-04-24 10:32:34.706</Data><Data Name='ProcessGuid'>{0741354c-46aa-69eb-7f07-000000006702}</Data><Data Name='ProcessId'>1844</Data><Data Name='Image'>C:\Intel\Build\LB3.exe</Data><Data Name='TargetObject'>HKLM\SOFTWARE\Microsoft\Windows\CurrentVersion\WINEVT\Channels\Microsoft-Windows-SmbClient/Security\Enabled</Data><Data Name='Details'>DWORD (0x00000000)</Data><Data Name='User'>EC2AMAZ-I41BETP\Administrator</Data></EventData></Event>
<Event xmlns='http://schemas.microsoft.com/win/2004/08/events/event'><System><Provider Name='Microsoft-Windows-Sysmon' Guid='{5770385f-c22a-43e0-bf4c-06f5698ffbd9}'/><EventID>13</EventID><Version>2</Version><Level>4</Level><Task>13</Task><Opcode>0</Opcode><Keywords>0x8000000000000000</Keywords><TimeCreated SystemTime='2026-04-24T10:32:34.7089413Z'/><EventRecordID>9525</EventRecordID><Correlation/><Execution ProcessID='2976' ThreadID='3588'/><Channel>Microsoft-Windows-Sysmon/Operational</Channel><Computer>EC2AMAZ-I41BETP.attackrange.local</Computer><Security UserID='S-1-5-18'/></System><EventData><Data Name='RuleName'>-</Data><Data Name='EventType'>SetValue</Data><Data Name='UtcTime'>2026-04-24 10:32:34.706</Data><Data Name='ProcessGuid'>{0741354c-46aa-69eb-7f07-000000006702}</Data><Data Name='ProcessId'>1844</Data><Data Name='Image'>C:\Intel\Build\LB3.exe</Data><Data Name='TargetObject'>HKLM\SOFTWARE\Microsoft\Windows\CurrentVersion\WINEVT\Channels\Microsoft-Windows-SMBClient/Operational\ChannelAccess</Data><Data Name='Details'>O:BAG:SYD:(A;;0x1;;;SY)(A;;0x5;;;BA)(A;;0x1;;;LA)</Data><Data Name='User'>EC2AMAZ-I41BETP\Administrator</Data></EventData></Event>
