<Event xmlns='http://schemas.microsoft.com/win/2004/08/events/event'><System><Provider Name='Microsoft-Windows-Sysmon' Guid='{5770385f-c22a-43e0-bf4c-06f5698ffbd9}'/><EventID>13</EventID><Version>2</Version><Level>4</Level><Task>13</Task><Opcode>0</Opcode><Keywords>0x8000000000000000</Keywords><TimeCreated SystemTime='2026-04-24T10:32:35.7071394Z'/><EventRecordID>9992</EventRecordID><Correlation/><Execution ProcessID='2976' ThreadID='3588'/><Channel>Microsoft-Windows-Sysmon/Operational</Channel><Computer>EC2AMAZ-I41BETP.attackrange.local</Computer><Security UserID='S-1-5-18'/></System><EventData><Data Name='RuleName'>-</Data><Data Name='EventType'>SetValue</Data><Data Name='UtcTime'>2026-04-24 10:32:35.703</Data><Data Name='ProcessGuid'>{0741354c-46aa-69eb-7f07-000000006702}</Data><Data Name='ProcessId'>1844</Data><Data Name='Image'>C:\Intel\Build\LB3.exe</Data><Data Name='TargetObject'>HKLM\SOFTWARE\Microsoft\Windows\CurrentVersion\WINEVT\Channels\Microsoft-Windows-Wininit/Diagnostic\Enabled</Data><Data Name='Details'>DWORD (0x00000000)</Data><Data Name='User'>EC2AMAZ-I41BETP\Administrator</Data></EventData></Event>
<Event xmlns='http://schemas.microsoft.com/win/2004/08/events/event'><System><Provider Name='Microsoft-Windows-Sysmon' Guid='{5770385f-c22a-43e0-bf4c-06f5698ffbd9}'/><EventID>13</EventID><Version>2</Version><Level>4</Level><Task>13</Task><Opcode>0</Opcode><Keywords>0x8000000000000000</Keywords><TimeCreated SystemTime='2026-04-24T10:32:35.7012279Z'/><EventRecordID>9991</EventRecordID><Correlation/><Execution ProcessID='2976' ThreadID='3588'/><Channel>Microsoft-Windows-Sysmon/Operational</Channel><Computer>EC2AMAZ-I41BETP.attackrange.local</Computer><Security UserID='S-1-5-18'/></System><EventData><Data Name='RuleName'>-</Data><Data Name='EventType'>SetValue</Data><Data Name='UtcTime'>2026-04-24 10:32:35.688</Data><Data Name='ProcessGuid'>{0741354c-46aa-69eb-7f07-000000006702}</Data><Data Name='ProcessId'>1844</Data><Data Name='Image'>C:\Intel\Build\LB3.exe</Data><Data Name='TargetObject'>HKLM\SOFTWARE\Microsoft\Windows\CurrentVersion\WINEVT\Channels\Microsoft-Windows-WinINet/WebSocket\ChannelAccess</Data><Data Name='Details'>O:BAG:SYD:(A;;0x1;;;SY)(A;;0x5;;;BA)(A;;0x1;;;LA)</Data><Data Name='User'>EC2AMAZ-I41BETP\Administrator</Data></EventData></Event>
<Event xmlns='http://schemas.microsoft.com/win/2004/08/events/event'><System><Provider Name='Microsoft-Windows-Sysmon' Guid='{5770385f-c22a-43e0-bf4c-06f5698ffbd9}'/><EventID>13</EventID><Version>2</Version><Level>4</Level><Task>13</Task><Opcode>0</Opcode><Keywords>0x8000000000000000</Keywords><TimeCreated SystemTime='2026-04-24T10:32:35.7010980Z'/><EventRecordID>9990</EventRecordID><Correlation/><Execution ProcessID='2976' ThreadID='3588'/><Channel>Microsoft-Windows-Sysmon/Operational</Channel><Computer>EC2AMAZ-I41BETP.attackrange.local</Computer><Security UserID='S-1-5-18'/></System><EventData><Data Name='RuleName'>-</Data><Data Name='EventType'>SetValue</Data><Data Name='UtcTime'>2026-04-24 10:32:35.688</Data><Data Name='ProcessGuid'>{0741354c-46aa-69eb-7f07-000000006702}</Data><Data Name='ProcessId'>1844</Data><Data Name='Image'>C:\Intel\Build\LB3.exe</Data><Data Name='TargetObject'>HKLM\SOFTWARE\Microsoft\Windows\CurrentVersion\WINEVT\Channels\Microsoft-Windows-WinINet/WebSocket\Enabled</Data><Data Name='Details'>DWORD (0x00000000)</Data><Data Name='User'>EC2AMAZ-I41BETP\Administrator</Data></EventData></Event>
<Event xmlns='http://schemas.microsoft.com/win/2004/08/events/event'><System><Provider Name='Microsoft-Windows-Sysmon' Guid='{5770385f-c22a-43e0-bf4c-06f5698ffbd9}'/><EventID>13</EventID><Version>2</Version><Level>4</Level><Task>13</Task><Opcode>0</Opcode><Keywords>0x8000000000000000</Keywords><TimeCreated SystemTime='2026-04-24T10:32:35.6958241Z'/><EventRecordID>9989</EventRecordID><Correlation/><Execution ProcessID='2976' ThreadID='3588'/><Channel>Microsoft-Windows-Sysmon/Operational</Channel><Computer>EC2AMAZ-I41BETP.attackrange.local</Computer><Security UserID='S-1-5-18'/></System><EventData><Data Name='RuleName'>-</Data><Data Name='EventType'>SetValue</Data><Data Name='UtcTime'>2026-04-24 10:32:35.688</Data><Data Name='ProcessGuid'>{0741354c-46aa-69eb-7f07-000000006702}</Data><Data Name='ProcessId'>1844</Data><Data Name='Image'>C:\Intel\Build\LB3.exe</Data><Data Name='TargetObject'>HKLM\SOFTWARE\Microsoft\Windows\CurrentVersion\WINEVT\Channels\Microsoft-Windows-WinINet/UsageLog\ChannelAccess</Data><Data Name='Details'>O:BAG:SYD:(A;;0x1;;;SY)(A;;0x5;;;BA)(A;;0x1;;;LA)</Data><Data Name='User'>EC2AMAZ-I41BETP\Administrator</Data></EventData></Event>
<Event xmlns='http://schemas.microsoft.com/win/2004/08/events/event'><System><Provider Name='Microsoft-Windows-Sysmon' Guid='{5770385f-c22a-43e0-bf4c-06f5698ffbd9}'/><EventID>13</EventID><Version>2</Version><Level>4</Level><Task>13</Task><Opcode>0</Opcode><Keywords>0x8000000000000000</Keywords><TimeCreated SystemTime='2026-04-24T10:32:35.6956777Z'/><EventRecordID>9988</EventRecordID><Correlation/><Execution ProcessID='2976' ThreadID='3588'/><Channel>Microsoft-Windows-Sysmon/Operational</Channel><Computer>EC2AMAZ-I41BETP.attackrange.local</Computer><Security UserID='S-1-5-18'/></System><EventData><Data Name='RuleName'>-</Data><Data Name='EventType'>SetValue</Data><Data Name='UtcTime'>2026-04-24 10:32:35.688</Data><Data Name='ProcessGuid'>{0741354c-46aa-69eb-7f07-000000006702}</Data><Data Name='ProcessId'>1844</Data><Data Name='Image'>C:\Intel\Build\LB3.exe</Data><Data Name='TargetObject'>HKLM\SOFTWARE\Microsoft\Windows\CurrentVersion\WINEVT\Channels\Microsoft-Windows-WinINet/UsageLog\Enabled</Data><Data Name='Details'>DWORD (0x00000000)</Data><Data Name='User'>EC2AMAZ-I41BETP\Administrator</Data></EventData></Event>
<Event xmlns='http://schemas.microsoft.com/win/2004/08/events/event'><System><Provider Name='Microsoft-Windows-Sysmon' Guid='{5770385f-c22a-43e0-bf4c-06f5698ffbd9}'/><EventID>13</EventID><Version>2</Version><Level>4</Level><Task>13</Task><Opcode>0</Opcode><Keywords>0x8000000000000000</Keywords><TimeCreated SystemTime='2026-04-24T10:32:35.6901051Z'/><EventRecordID>9987</EventRecordID><Correlation/><Execution ProcessID='2976' ThreadID='3588'/><Channel>Microsoft-Windows-Sysmon/Operational</Channel><Computer>EC2AMAZ-I41BETP.attackrange.local</Computer><Security UserID='S-1-5-18'/></System><EventData><Data Name='RuleName'>-</Data><Data Name='EventType'>SetValue</Data><Data Name='UtcTime'>2026-04-24 10:32:35.688</Data><Data Name='ProcessGuid'>{0741354c-46aa-69eb-7f07-000000006702}</Data><Data Name='ProcessId'>1844</Data><Data Name='Image'>C:\Intel\Build\LB3.exe</Data><Data Name='TargetObject'>HKLM\SOFTWARE\Microsoft\Windows\CurrentVersion\WINEVT\Channels\Microsoft-Windows-WinINet/Pca\ChannelAccess</Data><Data Name='Details'>O:BAG:SYD:(A;;0x1;;;SY)(A;;0x5;;;BA)(A;;0x1;;;LA)</Data><Data Name='User'>EC2AMAZ-I41BETP\Administrator</Data></EventData></Event>
<Event xmlns='http://schemas.microsoft.com/win/2004/08/events/event'><System><Provider Name='Microsoft-Windows-Sysmon' Guid='{5770385f-c22a-43e0-bf4c-06f5698ffbd9}'/><EventID>13</EventID><Version>2</Version><Level>4</Level><Task>13</Task><Opcode>0</Opcode><Keywords>0x8000000000000000</Keywords><TimeCreated SystemTime='2026-04-24T10:32:35.6899754Z'/><EventRecordID>9986</EventRecordID><Correlation/><Execution ProcessID='2976' ThreadID='3588'/><Channel>Microsoft-Windows-Sysmon/Operational</Channel><Computer>EC2AMAZ-I41BETP.attackrange.local</Computer><Security UserID='S-1-5-18'/></System><EventData><Data Name='RuleName'>-</Data><Data Name='EventType'>SetValue</Data><Data Name='UtcTime'>2026-04-24 10:32:35.688</Data><Data Name='ProcessGuid'>{0741354c-46aa-69eb-7f07-000000006702}</Data><Data Name='ProcessId'>1844</Data><Data Name='Image'>C:\Intel\Build\LB3.exe</Data><Data Name='TargetObject'>HKLM\SOFTWARE\Microsoft\Windows\CurrentVersion\WINEVT\Channels\Microsoft-Windows-WinINet/Pca\Enabled</Data><Data Name='Details'>DWORD (0x00000000)</Data><Data Name='User'>EC2AMAZ-I41BETP\Administrator</Data></EventData></Event>
<Event xmlns='http://schemas.microsoft.com/win/2004/08/events/event'><System><Provider Name='Microsoft-Windows-Sysmon' Guid='{5770385f-c22a-43e0-bf4c-06f5698ffbd9}'/><EventID>13</EventID><Version>2</Version><Level>4</Level><Task>13</Task><Opcode>0</Opcode><Keywords>0x8000000000000000</Keywords><TimeCreated SystemTime='2026-04-24T10:32:35.6854682Z'/><EventRecordID>9985</EventRecordID><Correlation/><Execution ProcessID='2976' ThreadID='3588'/><Channel>Microsoft-Windows-Sysmon/Operational</Channel><Computer>EC2AMAZ-I41BETP.attackrange.local</Computer><Security UserID='S-1-5-18'/></System><EventData><Data Name='RuleName'>-</Data><Data Name='EventType'>SetValue</Data><Data Name='UtcTime'>2026-04-24 10:32:35.672</Data><Data Name='ProcessGuid'>{0741354c-46aa-69eb-7f07-000000006702}</Data><Data Name='ProcessId'>1844</Data><Data Name='Image'>C:\Intel\Build\LB3.exe</Data><Data Name='TargetObject'>HKLM\SOFTWARE\Microsoft\Windows\CurrentVersion\WINEVT\Channels\Microsoft-Windows-WinINet/Operational\ChannelAccess</Data><Data Name='Details'>O:BAG:SYD:(A;;0x1;;;SY)(A;;0x5;;;BA)(A;;0x1;;;LA)</Data><Data Name='User'>EC2AMAZ-I41BETP\Administrator</Data></EventData></Event>
<Event xmlns='http://schemas.microsoft.com/win/2004/08/events/event'><System><Provider Name='Microsoft-Windows-Sysmon' Guid='{5770385f-c22a-43e0-bf4c-06f5698ffbd9}'/><EventID>13</EventID><Version>2</Version><Level>4</Level><Task>13</Task><Opcode>0</Opcode><Keywords>0x8000000000000000</Keywords><TimeCreated SystemTime='2026-04-24T10:32:35.6853390Z'/><EventRecordID>9984</EventRecordID><Correlation/><Execution ProcessID='2976' ThreadID='3588'/><Channel>Microsoft-Windows-Sysmon/Operational</Channel><Computer>EC2AMAZ-I41BETP.attackrange.local</Computer><Security UserID='S-1-5-18'/></System><EventData><Data Name='RuleName'>-</Data><Data Name='EventType'>SetValue</Data><Data Name='UtcTime'>2026-04-24 10:32:35.672</Data><Data Name='ProcessGuid'>{0741354c-46aa-69eb-7f07-000000006702}</Data><Data Name='ProcessId'>1844</Data><Data Name='Image'>C:\Intel\Build\LB3.exe</Data><Data Name='TargetObject'>HKLM\SOFTWARE\Microsoft\Windows\CurrentVersion\WINEVT\Channels\Microsoft-Windows-WinINet/Operational\Enabled</Data><Data Name='Details'>DWORD (0x00000000)</Data><Data Name='User'>EC2AMAZ-I41BETP\Administrator</Data></EventData></Event>
<Event xmlns='http://schemas.microsoft.com/win/2004/08/events/event'><System><Provider Name='Microsoft-Windows-Sysmon' Guid='{5770385f-c22a-43e0-bf4c-06f5698ffbd9}'/><EventID>13</EventID><Version>2</Version><Level>4</Level><Task>13</Task><Opcode>0</Opcode><Keywords>0x8000000000000000</Keywords><TimeCreated SystemTime='2026-04-24T10:32:35.6813080Z'/><EventRecordID>9983</EventRecordID><Correlation/><Execution ProcessID='2976' ThreadID='3588'/><Channel>Microsoft-Windows-Sysmon/Operational</Channel><Computer>EC2AMAZ-I41BETP.attackrange.local</Computer><Security UserID='S-1-5-18'/></System><EventData><Data Name='RuleName'>-</Data><Data Name='EventType'>SetValue</Data><Data Name='UtcTime'>2026-04-24 10:32:35.672</Data><Data Name='ProcessGuid'>{0741354c-46aa-69eb-7f07-000000006702}</Data><Data Name='ProcessId'>1844</Data><Data Name='Image'>C:\Intel\Build\LB3.exe</Data><Data Name='TargetObject'>HKLM\SOFTWARE\Microsoft\Windows\CurrentVersion\WINEVT\Channels\Microsoft-Windows-WinINet/Analytic\ChannelAccess</Data><Data Name='Details'>O:BAG:SYD:(A;;0x1;;;SY)(A;;0x5;;;BA)(A;;0x1;;;LA)</Data><Data Name='User'>EC2AMAZ-I41BETP\Administrator</Data></EventData></Event>
<Event xmlns='http://schemas.microsoft.com/win/2004/08/events/event'><System><Provider Name='Microsoft-Windows-Sysmon' Guid='{5770385f-c22a-43e0-bf4c-06f5698ffbd9}'/><EventID>13</EventID><Version>2</Version><Level>4</Level><Task>13</Task><Opcode>0</Opcode><Keywords>0x8000000000000000</Keywords><TimeCreated SystemTime='2026-04-24T10:32:35.6811795Z'/><EventRecordID>9982</EventRecordID><Correlation/><Execution ProcessID='2976' ThreadID='3588'/><Channel>Microsoft-Windows-Sysmon/Operational</Channel><Computer>EC2AMAZ-I41BETP.attackrange.local</Computer><Security UserID='S-1-5-18'/></System><EventData><Data Name='RuleName'>-</Data><Data Name='EventType'>SetValue</Data><Data Name='UtcTime'>2026-04-24 10:32:35.672</Data><Data Name='ProcessGuid'>{0741354c-46aa-69eb-7f07-000000006702}</Data><Data Name='ProcessId'>1844</Data><Data Name='Image'>C:\Intel\Build\LB3.exe</Data><Data Name='TargetObject'>HKLM\SOFTWARE\Microsoft\Windows\CurrentVersion\WINEVT\Channels\Microsoft-Windows-WinINet/Analytic\Enabled</Data><Data Name='Details'>DWORD (0x00000000)</Data><Data Name='User'>EC2AMAZ-I41BETP\Administrator</Data></EventData></Event>
<Event xmlns='http://schemas.microsoft.com/win/2004/08/events/event'><System><Provider Name='Microsoft-Windows-Sysmon' Guid='{5770385f-c22a-43e0-bf4c-06f5698ffbd9}'/><EventID>13</EventID><Version>2</Version><Level>4</Level><Task>13</Task><Opcode>0</Opcode><Keywords>0x8000000000000000</Keywords><TimeCreated SystemTime='2026-04-24T10:32:35.6774884Z'/><EventRecordID>9981</EventRecordID><Correlation/><Execution ProcessID='2976' ThreadID='3588'/><Channel>Microsoft-Windows-Sysmon/Operational</Channel><Computer>EC2AMAZ-I41BETP.attackrange.local</Computer><Security UserID='S-1-5-18'/></System><EventData><Data Name='RuleName'>-</Data><Data Name='EventType'>SetValue</Data><Data Name='UtcTime'>2026-04-24 10:32:35.672</Data><Data Name='ProcessGuid'>{0741354c-46aa-69eb-7f07-000000006702}</Data><Data Name='ProcessId'>1844</Data><Data Name='Image'>C:\Intel\Build\LB3.exe</Data><Data Name='TargetObject'>HKLM\SOFTWARE\Microsoft\Windows\CurrentVersion\WINEVT\Channels\Microsoft-Windows-WinINet-Config/ProxyConfigChanged\ChannelAccess</Data><Data Name='Details'>O:BAG:SYD:(A;;0x1;;;SY)(A;;0x5;;;BA)(A;;0x1;;;LA)</Data><Data Name='User'>EC2AMAZ-I41BETP\Administrator</Data></EventData></Event>
<Event xmlns='http://schemas.microsoft.com/win/2004/08/events/event'><System><Provider Name='Microsoft-Windows-Sysmon' Guid='{5770385f-c22a-43e0-bf4c-06f5698ffbd9}'/><EventID>13</EventID><Version>2</Version><Level>4</Level><Task>13</Task><Opcode>0</Opcode><Keywords>0x8000000000000000</Keywords><TimeCreated SystemTime='2026-04-24T10:32:35.6773456Z'/><EventRecordID>9980</EventRecordID><Correlation/><Execution ProcessID='2976' ThreadID='3588'/><Channel>Microsoft-Windows-Sysmon/Operational</Channel><Computer>EC2AMAZ-I41BETP.attackrange.local</Computer><Security UserID='S-1-5-18'/></System><EventData><Data Name='RuleName'>-</Data><Data Name='EventType'>SetValue</Data><Data Name='UtcTime'>2026-04-24 10:32:35.672</Data><Data Name='ProcessGuid'>{0741354c-46aa-69eb-7f07-000000006702}</Data><Data Name='ProcessId'>1844</Data><Data Name='Image'>C:\Intel\Build\LB3.exe</Data><Data Name='TargetObject'>HKLM\SOFTWARE\Microsoft\Windows\CurrentVersion\WINEVT\Channels\Microsoft-Windows-WinINet-Config/ProxyConfigChanged\Enabled</Data><Data Name='Details'>DWORD (0x00000000)</Data><Data Name='User'>EC2AMAZ-I41BETP\Administrator</Data></EventData></Event>
<Event xmlns='http://schemas.microsoft.com/win/2004/08/events/event'><System><Provider Name='Microsoft-Windows-Sysmon' Guid='{5770385f-c22a-43e0-bf4c-06f5698ffbd9}'/><EventID>13</EventID><Version>2</Version><Level>4</Level><Task>13</Task><Opcode>0</Opcode><Keywords>0x8000000000000000</Keywords><TimeCreated SystemTime='2026-04-24T10:32:35.6739220Z'/><EventRecordID>9979</EventRecordID><Correlation/><Execution ProcessID='2976' ThreadID='3588'/><Channel>Microsoft-Windows-Sysmon/Operational</Channel><Computer>EC2AMAZ-I41BETP.attackrange.local</Computer><Security UserID='S-1-5-18'/></System><EventData><Data Name='RuleName'>-</Data><Data Name='EventType'>SetValue</Data><Data Name='UtcTime'>2026-04-24 10:32:35.672</Data><Data Name='ProcessGuid'>{0741354c-46aa-69eb-7f07-000000006702}</Data><Data Name='ProcessId'>1844</Data><Data Name='Image'>C:\Intel\Build\LB3.exe</Data><Data Name='TargetObject'>HKLM\SOFTWARE\Microsoft\Windows\CurrentVersion\WINEVT\Channels\Microsoft-Windows-WinINet-Capture/Analytic\ChannelAccess</Data><Data Name='Details'>O:BAG:SYD:(A;;0x1;;;SY)(A;;0x5;;;BA)(A;;0x1;;;LA)</Data><Data Name='User'>EC2AMAZ-I41BETP\Administrator</Data></EventData></Event>
<Event xmlns='http://schemas.microsoft.com/win/2004/08/events/event'><System><Provider Name='Microsoft-Windows-Sysmon' Guid='{5770385f-c22a-43e0-bf4c-06f5698ffbd9}'/><EventID>13</EventID><Version>2</Version><Level>4</Level><Task>13</Task><Opcode>0</Opcode><Keywords>0x8000000000000000</Keywords><TimeCreated SystemTime='2026-04-24T10:32:35.6737849Z'/><EventRecordID>9978</EventRecordID><Correlation/><Execution ProcessID='2976' ThreadID='3588'/><Channel>Microsoft-Windows-Sysmon/Operational</Channel><Computer>EC2AMAZ-I41BETP.attackrange.local</Computer><Security UserID='S-1-5-18'/></System><EventData><Data Name='RuleName'>-</Data><Data Name='EventType'>SetValue</Data><Data Name='UtcTime'>2026-04-24 10:32:35.672</Data><Data Name='ProcessGuid'>{0741354c-46aa-69eb-7f07-000000006702}</Data><Data Name='ProcessId'>1844</Data><Data Name='Image'>C:\Intel\Build\LB3.exe</Data><Data Name='TargetObject'>HKLM\SOFTWARE\Microsoft\Windows\CurrentVersion\WINEVT\Channels\Microsoft-Windows-WinINet-Capture/Analytic\Enabled</Data><Data Name='Details'>DWORD (0x00000000)</Data><Data Name='User'>EC2AMAZ-I41BETP\Administrator</Data></EventData></Event>
<Event xmlns='http://schemas.microsoft.com/win/2004/08/events/event'><System><Provider Name='Microsoft-Windows-Sysmon' Guid='{5770385f-c22a-43e0-bf4c-06f5698ffbd9}'/><EventID>13</EventID><Version>2</Version><Level>4</Level><Task>13</Task><Opcode>0</Opcode><Keywords>0x8000000000000000</Keywords><TimeCreated SystemTime='2026-04-24T10:32:35.6702584Z'/><EventRecordID>9977</EventRecordID><Correlation/><Execution ProcessID='2976' ThreadID='3588'/><Channel>Microsoft-Windows-Sysmon/Operational</Channel><Computer>EC2AMAZ-I41BETP.attackrange.local</Computer><Security UserID='S-1-5-18'/></System><EventData><Data Name='RuleName'>-</Data><Data Name='EventType'>SetValue</Data><Data Name='UtcTime'>2026-04-24 10:32:35.656</Data><Data Name='ProcessGuid'>{0741354c-46aa-69eb-7f07-000000006702}</Data><Data Name='ProcessId'>1844</Data><Data Name='Image'>C:\Intel\Build\LB3.exe</Data><Data Name='TargetObject'>HKLM\SOFTWARE\Microsoft\Windows\CurrentVersion\WINEVT\Channels\Microsoft-Windows-WinHttp/Operational\ChannelAccess</Data><Data Name='Details'>O:BAG:SYD:(A;;0x1;;;SY)(A;;0x5;;;BA)(A;;0x1;;;LA)</Data><Data Name='User'>EC2AMAZ-I41BETP\Administrator</Data></EventData></Event>
<Event xmlns='http://schemas.microsoft.com/win/2004/08/events/event'><System><Provider Name='Microsoft-Windows-Sysmon' Guid='{5770385f-c22a-43e0-bf4c-06f5698ffbd9}'/><EventID>13</EventID><Version>2</Version><Level>4</Level><Task>13</Task><Opcode>0</Opcode><Keywords>0x8000000000000000</Keywords><TimeCreated SystemTime='2026-04-24T10:32:35.6701269Z'/><EventRecordID>9976</EventRecordID><Correlation/><Execution ProcessID='2976' ThreadID='3588'/><Channel>Microsoft-Windows-Sysmon/Operational</Channel><Computer>EC2AMAZ-I41BETP.attackrange.local</Computer><Security UserID='S-1-5-18'/></System><EventData><Data Name='RuleName'>-</Data><Data Name='EventType'>SetValue</Data><Data Name='UtcTime'>2026-04-24 10:32:35.656</Data><Data Name='ProcessGuid'>{0741354c-46aa-69eb-7f07-000000006702}</Data><Data Name='ProcessId'>1844</Data><Data Name='Image'>C:\Intel\Build\LB3.exe</Data><Data Name='TargetObject'>HKLM\SOFTWARE\Microsoft\Windows\CurrentVersion\WINEVT\Channels\Microsoft-Windows-WinHttp/Operational\Enabled</Data><Data Name='Details'>DWORD (0x00000000)</Data><Data Name='User'>EC2AMAZ-I41BETP\Administrator</Data></EventData></Event>
<Event xmlns='http://schemas.microsoft.com/win/2004/08/events/event'><System><Provider Name='Microsoft-Windows-Sysmon' Guid='{5770385f-c22a-43e0-bf4c-06f5698ffbd9}'/><EventID>13</EventID><Version>2</Version><Level>4</Level><Task>13</Task><Opcode>0</Opcode><Keywords>0x8000000000000000</Keywords><TimeCreated SystemTime='2026-04-24T10:32:35.6676429Z'/><EventRecordID>9975</EventRecordID><Correlation/><Execution ProcessID='2976' ThreadID='3588'/><Channel>Microsoft-Windows-Sysmon/Operational</Channel><Computer>EC2AMAZ-I41BETP.attackrange.local</Computer><Security UserID='S-1-5-18'/></System><EventData><Data Name='RuleName'>-</Data><Data Name='EventType'>SetValue</Data><Data Name='UtcTime'>2026-04-24 10:32:35.656</Data><Data Name='ProcessGuid'>{0741354c-46aa-69eb-7f07-000000006702}</Data><Data Name='ProcessId'>1844</Data><Data Name='Image'>C:\Intel\Build\LB3.exe</Data><Data Name='TargetObject'>HKLM\SOFTWARE\Microsoft\Windows\CurrentVersion\WINEVT\Channels\Microsoft-Windows-WinHttp/Diagnostic\ChannelAccess</Data><Data Name='Details'>O:BAG:SYD:(A;;0x1;;;SY)(A;;0x5;;;BA)(A;;0x1;;;LA)</Data><Data Name='User'>EC2AMAZ-I41BETP\Administrator</Data></EventData></Event>
<Event xmlns='http://schemas.microsoft.com/win/2004/08/events/event'><System><Provider Name='Microsoft-Windows-Sysmon' Guid='{5770385f-c22a-43e0-bf4c-06f5698ffbd9}'/><EventID>13</EventID><Version>2</Version><Level>4</Level><Task>13</Task><Opcode>0</Opcode><Keywords>0x8000000000000000</Keywords><TimeCreated SystemTime='2026-04-24T10:32:35.6675043Z'/><EventRecordID>9974</EventRecordID><Correlation/><Execution ProcessID='2976' ThreadID='3588'/><Channel>Microsoft-Windows-Sysmon/Operational</Channel><Computer>EC2AMAZ-I41BETP.attackrange.local</Computer><Security UserID='S-1-5-18'/></System><EventData><Data Name='RuleName'>-</Data><Data Name='EventType'>SetValue</Data><Data Name='UtcTime'>2026-04-24 10:32:35.656</Data><Data Name='ProcessGuid'>{0741354c-46aa-69eb-7f07-000000006702}</Data><Data Name='ProcessId'>1844</Data><Data Name='Image'>C:\Intel\Build\LB3.exe</Data><Data Name='TargetObject'>HKLM\SOFTWARE\Microsoft\Windows\CurrentVersion\WINEVT\Channels\Microsoft-Windows-WinHttp/Diagnostic\Enabled</Data><Data Name='Details'>DWORD (0x00000000)</Data><Data Name='User'>EC2AMAZ-I41BETP\Administrator</Data></EventData></Event>
<Event xmlns='http://schemas.microsoft.com/win/2004/08/events/event'><System><Provider Name='Microsoft-Windows-Sysmon' Guid='{5770385f-c22a-43e0-bf4c-06f5698ffbd9}'/><EventID>13</EventID><Version>2</Version><Level>4</Level><Task>13</Task><Opcode>0</Opcode><Keywords>0x8000000000000000</Keywords><TimeCreated SystemTime='2026-04-24T10:32:35.6638457Z'/><EventRecordID>9973</EventRecordID><Correlation/><Execution ProcessID='2976' ThreadID='3588'/><Channel>Microsoft-Windows-Sysmon/Operational</Channel><Computer>EC2AMAZ-I41BETP.attackrange.local</Computer><Security UserID='S-1-5-18'/></System><EventData><Data Name='RuleName'>-</Data><Data Name='EventType'>SetValue</Data><Data Name='UtcTime'>2026-04-24 10:32:35.656</Data><Data Name='ProcessGuid'>{0741354c-46aa-69eb-7f07-000000006702}</Data><Data Name='ProcessId'>1844</Data><Data Name='Image'>C:\Intel\Build\LB3.exe</Data><Data Name='TargetObject'>HKLM\SOFTWARE\Microsoft\Windows\CurrentVersion\WINEVT\Channels\Microsoft-Windows-WinHttp-Pca\ChannelAccess</Data><Data Name='Details'>O:BAG:SYD:(A;;0x1;;;SY)(A;;0x5;;;BA)(A;;0x1;;;LA)</Data><Data Name='User'>EC2AMAZ-I41BETP\Administrator</Data></EventData></Event>
<Event xmlns='http://schemas.microsoft.com/win/2004/08/events/event'><System><Provider Name='Microsoft-Windows-Sysmon' Guid='{5770385f-c22a-43e0-bf4c-06f5698ffbd9}'/><EventID>13</EventID><Version>2</Version><Level>4</Level><Task>13</Task><Opcode>0</Opcode><Keywords>0x8000000000000000</Keywords><TimeCreated SystemTime='2026-04-24T10:32:35.6637213Z'/><EventRecordID>9972</EventRecordID><Correlation/><Execution ProcessID='2976' ThreadID='3588'/><Channel>Microsoft-Windows-Sysmon/Operational</Channel><Computer>EC2AMAZ-I41BETP.attackrange.local</Computer><Security UserID='S-1-5-18'/></System><EventData><Data Name='RuleName'>-</Data><Data Name='EventType'>SetValue</Data><Data Name='UtcTime'>2026-04-24 10:32:35.656</Data><Data Name='ProcessGuid'>{0741354c-46aa-69eb-7f07-000000006702}</Data><Data Name='ProcessId'>1844</Data><Data Name='Image'>C:\Intel\Build\LB3.exe</Data><Data Name='TargetObject'>HKLM\SOFTWARE\Microsoft\Windows\CurrentVersion\WINEVT\Channels\Microsoft-Windows-WinHttp-Pca\Enabled</Data><Data Name='Details'>DWORD (0x00000000)</Data><Data Name='User'>EC2AMAZ-I41BETP\Administrator</Data></EventData></Event>
<Event xmlns='http://schemas.microsoft.com/win/2004/08/events/event'><System><Provider Name='Microsoft-Windows-Sysmon' Guid='{5770385f-c22a-43e0-bf4c-06f5698ffbd9}'/><EventID>13</EventID><Version>2</Version><Level>4</Level><Task>13</Task><Opcode>0</Opcode><Keywords>0x8000000000000000</Keywords><TimeCreated SystemTime='2026-04-24T10:32:35.6586981Z'/><EventRecordID>9971</EventRecordID><Correlation/><Execution ProcessID='2976' ThreadID='3588'/><Channel>Microsoft-Windows-Sysmon/Operational</Channel><Computer>EC2AMAZ-I41BETP.attackrange.local</Computer><Security UserID='S-1-5-18'/></System><EventData><Data Name='RuleName'>-</Data><Data Name='EventType'>SetValue</Data><Data Name='UtcTime'>2026-04-24 10:32:35.656</Data><Data Name='ProcessGuid'>{0741354c-46aa-69eb-7f07-000000006702}</Data><Data Name='ProcessId'>1844</Data><Data Name='Image'>C:\Intel\Build\LB3.exe</Data><Data Name='TargetObject'>HKLM\SOFTWARE\Microsoft\Windows\CurrentVersion\WINEVT\Channels\Microsoft-Windows-WinHTTP-NDF/Diagnostic\ChannelAccess</Data><Data Name='Details'>O:BAG:SYD:(A;;0x1;;;SY)(A;;0x5;;;BA)(A;;0x1;;;LA)</Data><Data Name='User'>EC2AMAZ-I41BETP\Administrator</Data></EventData></Event>
<Event xmlns='http://schemas.microsoft.com/win/2004/08/events/event'><System><Provider Name='Microsoft-Windows-Sysmon' Guid='{5770385f-c22a-43e0-bf4c-06f5698ffbd9}'/><EventID>13</EventID><Version>2</Version><Level>4</Level><Task>13</Task><Opcode>0</Opcode><Keywords>0x8000000000000000</Keywords><TimeCreated SystemTime='2026-04-24T10:32:35.6585636Z'/><EventRecordID>9970</EventRecordID><Correlation/><Execution ProcessID='2976' ThreadID='3588'/><Channel>Microsoft-Windows-Sysmon/Operational</Channel><Computer>EC2AMAZ-I41BETP.attackrange.local</Computer><Security UserID='S-1-5-18'/></System><EventData><Data Name='RuleName'>-</Data><Data Name='EventType'>SetValue</Data><Data Name='UtcTime'>2026-04-24 10:32:35.656</Data><Data Name='ProcessGuid'>{0741354c-46aa-69eb-7f07-000000006702}</Data><Data Name='ProcessId'>1844</Data><Data Name='Image'>C:\Intel\Build\LB3.exe</Data><Data Name='TargetObject'>HKLM\SOFTWARE\Microsoft\Windows\CurrentVersion\WINEVT\Channels\Microsoft-Windows-WinHTTP-NDF/Diagnostic\Enabled</Data><Data Name='Details'>DWORD (0x00000000)</Data><Data Name='User'>EC2AMAZ-I41BETP\Administrator</Data></EventData></Event>
<Event xmlns='http://schemas.microsoft.com/win/2004/08/events/event'><System><Provider Name='Microsoft-Windows-Sysmon' Guid='{5770385f-c22a-43e0-bf4c-06f5698ffbd9}'/><EventID>13</EventID><Version>2</Version><Level>4</Level><Task>13</Task><Opcode>0</Opcode><Keywords>0x8000000000000000</Keywords><TimeCreated SystemTime='2026-04-24T10:32:35.6522073Z'/><EventRecordID>9969</EventRecordID><Correlation/><Execution ProcessID='2976' ThreadID='3588'/><Channel>Microsoft-Windows-Sysmon/Operational</Channel><Computer>EC2AMAZ-I41BETP.attackrange.local</Computer><Security UserID='S-1-5-18'/></System><EventData><Data Name='RuleName'>-</Data><Data Name='EventType'>SetValue</Data><Data Name='UtcTime'>2026-04-24 10:32:35.641</Data><Data Name='ProcessGuid'>{0741354c-46aa-69eb-7f07-000000006702}</Data><Data Name='ProcessId'>1844</Data><Data Name='Image'>C:\Intel\Build\LB3.exe</Data><Data Name='TargetObject'>HKLM\SOFTWARE\Microsoft\Windows\CurrentVersion\WINEVT\Channels\Microsoft-Windows-WindowsUpdateClient/Operational\ChannelAccess</Data><Data Name='Details'>O:BAG:SYD:(A;;0x1;;;SY)(A;;0x5;;;BA)(A;;0x1;;;LA)</Data><Data Name='User'>EC2AMAZ-I41BETP\Administrator</Data></EventData></Event>
<Event xmlns='http://schemas.microsoft.com/win/2004/08/events/event'><System><Provider Name='Microsoft-Windows-Sysmon' Guid='{5770385f-c22a-43e0-bf4c-06f5698ffbd9}'/><EventID>13</EventID><Version>2</Version><Level>4</Level><Task>13</Task><Opcode>0</Opcode><Keywords>0x8000000000000000</Keywords><TimeCreated SystemTime='2026-04-24T10:32:35.6520677Z'/><EventRecordID>9968</EventRecordID><Correlation/><Execution ProcessID='2976' ThreadID='3588'/><Channel>Microsoft-Windows-Sysmon/Operational</Channel><Computer>EC2AMAZ-I41BETP.attackrange.local</Computer><Security UserID='S-1-5-18'/></System><EventData><Data Name='RuleName'>-</Data><Data Name='EventType'>SetValue</Data><Data Name='UtcTime'>2026-04-24 10:32:35.641</Data><Data Name='ProcessGuid'>{0741354c-46aa-69eb-7f07-000000006702}</Data><Data Name='ProcessId'>1844</Data><Data Name='Image'>C:\Intel\Build\LB3.exe</Data><Data Name='TargetObject'>HKLM\SOFTWARE\Microsoft\Windows\CurrentVersion\WINEVT\Channels\Microsoft-Windows-WindowsUpdateClient/Operational\Enabled</Data><Data Name='Details'>DWORD (0x00000000)</Data><Data Name='User'>EC2AMAZ-I41BETP\Administrator</Data></EventData></Event>
<Event xmlns='http://schemas.microsoft.com/win/2004/08/events/event'><System><Provider Name='Microsoft-Windows-Sysmon' Guid='{5770385f-c22a-43e0-bf4c-06f5698ffbd9}'/><EventID>13</EventID><Version>2</Version><Level>4</Level><Task>13</Task><Opcode>0</Opcode><Keywords>0x8000000000000000</Keywords><TimeCreated SystemTime='2026-04-24T10:32:35.6482590Z'/><EventRecordID>9967</EventRecordID><Correlation/><Execution ProcessID='2976' ThreadID='3588'/><Channel>Microsoft-Windows-Sysmon/Operational</Channel><Computer>EC2AMAZ-I41BETP.attackrange.local</Computer><Security UserID='S-1-5-18'/></System><EventData><Data Name='RuleName'>-</Data><Data Name='EventType'>SetValue</Data><Data Name='UtcTime'>2026-04-24 10:32:35.641</Data><Data Name='ProcessGuid'>{0741354c-46aa-69eb-7f07-000000006702}</Data><Data Name='ProcessId'>1844</Data><Data Name='Image'>C:\Intel\Build\LB3.exe</Data><Data Name='TargetObject'>HKLM\SOFTWARE\Microsoft\Windows\CurrentVersion\WINEVT\Channels\Microsoft-Windows-WindowsUpdateClient/Analytic\ChannelAccess</Data><Data Name='Details'>O:BAG:SYD:(A;;0x1;;;SY)(A;;0x5;;;BA)(A;;0x1;;;LA)</Data><Data Name='User'>EC2AMAZ-I41BETP\Administrator</Data></EventData></Event>
<Event xmlns='http://schemas.microsoft.com/win/2004/08/events/event'><System><Provider Name='Microsoft-Windows-Sysmon' Guid='{5770385f-c22a-43e0-bf4c-06f5698ffbd9}'/><EventID>13</EventID><Version>2</Version><Level>4</Level><Task>13</Task><Opcode>0</Opcode><Keywords>0x8000000000000000</Keywords><TimeCreated SystemTime='2026-04-24T10:32:35.6481186Z'/><EventRecordID>9966</EventRecordID><Correlation/><Execution ProcessID='2976' ThreadID='3588'/><Channel>Microsoft-Windows-Sysmon/Operational</Channel><Computer>EC2AMAZ-I41BETP.attackrange.local</Computer><Security UserID='S-1-5-18'/></System><EventData><Data Name='RuleName'>-</Data><Data Name='EventType'>SetValue</Data><Data Name='UtcTime'>2026-04-24 10:32:35.641</Data><Data Name='ProcessGuid'>{0741354c-46aa-69eb-7f07-000000006702}</Data><Data Name='ProcessId'>1844</Data><Data Name='Image'>C:\Intel\Build\LB3.exe</Data><Data Name='TargetObject'>HKLM\SOFTWARE\Microsoft\Windows\CurrentVersion\WINEVT\Channels\Microsoft-Windows-WindowsUpdateClient/Analytic\Enabled</Data><Data Name='Details'>DWORD (0x00000000)</Data><Data Name='User'>EC2AMAZ-I41BETP\Administrator</Data></EventData></Event>
<Event xmlns='http://schemas.microsoft.com/win/2004/08/events/event'><System><Provider Name='Microsoft-Windows-Sysmon' Guid='{5770385f-c22a-43e0-bf4c-06f5698ffbd9}'/><EventID>13</EventID><Version>2</Version><Level>4</Level><Task>13</Task><Opcode>0</Opcode><Keywords>0x8000000000000000</Keywords><TimeCreated SystemTime='2026-04-24T10:32:35.6449053Z'/><EventRecordID>9965</EventRecordID><Correlation/><Execution ProcessID='2976' ThreadID='3588'/><Channel>Microsoft-Windows-Sysmon/Operational</Channel><Computer>EC2AMAZ-I41BETP.attackrange.local</Computer><Security UserID='S-1-5-18'/></System><EventData><Data Name='RuleName'>-</Data><Data Name='EventType'>SetValue</Data><Data Name='UtcTime'>2026-04-24 10:32:35.641</Data><Data Name='ProcessGuid'>{0741354c-46aa-69eb-7f07-000000006702}</Data><Data Name='ProcessId'>1844</Data><Data Name='Image'>C:\Intel\Build\LB3.exe</Data><Data Name='TargetObject'>HKLM\SOFTWARE\Microsoft\Windows\CurrentVersion\WINEVT\Channels\Microsoft-Windows-WindowsUIImmersive/Operational\ChannelAccess</Data><Data Name='Details'>O:BAG:SYD:(A;;0x1;;;SY)(A;;0x5;;;BA)(A;;0x1;;;LA)</Data><Data Name='User'>EC2AMAZ-I41BETP\Administrator</Data></EventData></Event>
<Event xmlns='http://schemas.microsoft.com/win/2004/08/events/event'><System><Provider Name='Microsoft-Windows-Sysmon' Guid='{5770385f-c22a-43e0-bf4c-06f5698ffbd9}'/><EventID>13</EventID><Version>2</Version><Level>4</Level><Task>13</Task><Opcode>0</Opcode><Keywords>0x8000000000000000</Keywords><TimeCreated SystemTime='2026-04-24T10:32:35.6447655Z'/><EventRecordID>9964</EventRecordID><Correlation/><Execution ProcessID='2976' ThreadID='3588'/><Channel>Microsoft-Windows-Sysmon/Operational</Channel><Computer>EC2AMAZ-I41BETP.attackrange.local</Computer><Security UserID='S-1-5-18'/></System><EventData><Data Name='RuleName'>-</Data><Data Name='EventType'>SetValue</Data><Data Name='UtcTime'>2026-04-24 10:32:35.641</Data><Data Name='ProcessGuid'>{0741354c-46aa-69eb-7f07-000000006702}</Data><Data Name='ProcessId'>1844</Data><Data Name='Image'>C:\Intel\Build\LB3.exe</Data><Data Name='TargetObject'>HKLM\SOFTWARE\Microsoft\Windows\CurrentVersion\WINEVT\Channels\Microsoft-Windows-WindowsUIImmersive/Operational\Enabled</Data><Data Name='Details'>DWORD (0x00000000)</Data><Data Name='User'>EC2AMAZ-I41BETP\Administrator</Data></EventData></Event>
<Event xmlns='http://schemas.microsoft.com/win/2004/08/events/event'><System><Provider Name='Microsoft-Windows-Sysmon' Guid='{5770385f-c22a-43e0-bf4c-06f5698ffbd9}'/><EventID>1</EventID><Version>5</Version><Level>4</Level><Task>1</Task><Opcode>0</Opcode><Keywords>0x8000000000000000</Keywords><TimeCreated SystemTime='2026-04-24T10:32:35.6445422Z'/><EventRecordID>9963</EventRecordID><Correlation/><Execution ProcessID='2976' ThreadID='3588'/><Channel>Microsoft-Windows-Sysmon/Operational</Channel><Computer>EC2AMAZ-I41BETP.attackrange.local</Computer><Security UserID='S-1-5-18'/></System><EventData><Data Name='RuleName'>-</Data><Data Name='UtcTime'>2026-04-24 10:32:35.642</Data><Data Name='ProcessGuid'>{0741354c-46c3-69eb-8607-000000006702}</Data><Data Name='ProcessId'>6404</Data><Data Name='Image'>C:\Program Files\SplunkUniversalForwarder\bin\splunk-netmon.exe</Data><Data Name='FileVersion'>9.3.0</Data><Data Name='Description'>Network monitor</Data><Data Name='Product'>Splunk Application</Data><Data Name='Company'>Splunk Inc.</Data><Data Name='OriginalFileName'>splunk-netmon.exe</Data><Data Name='CommandLine'>"C:\Program Files\SplunkUniversalForwarder\bin\splunk-netmon.exe"</Data><Data Name='CurrentDirectory'>C:\Windows\system32\</Data><Data Name='User'>NT AUTHORITY\SYSTEM</Data><Data Name='LogonGuid'>{0741354c-10c9-69eb-e703-000000000000}</Data><Data Name='LogonId'>0x3e7</Data><Data Name='TerminalSessionId'>0</Data><Data Name='IntegrityLevel'>System</Data><Data Name='Hashes'>MD5=E30CB50BE9EC2FB49497F136DC71448F,SHA256=7835B39374396001E12637509AE0D22FCB7E2A89F6143DED03186B500276E537,IMPHASH=D30C8E545B1C24DE4E0DC100EF70F2D0</Data><Data Name='ParentProcessGuid'>{0741354c-10cc-69eb-4100-000000006702}</Data><Data Name='ParentProcessId'>2788</Data><Data Name='ParentImage'>C:\Program Files\SplunkUniversalForwarder\bin\splunkd.exe</Data><Data Name='ParentCommandLine'>"C:\Program Files\SplunkUniversalForwarder\bin\splunkd.exe" service</Data><Data Name='ParentUser'>NT AUTHORITY\SYSTEM</Data></EventData></Event>
<Event xmlns='http://schemas.microsoft.com/win/2004/08/events/event'><System><Provider Name='Microsoft-Windows-Sysmon' Guid='{5770385f-c22a-43e0-bf4c-06f5698ffbd9}'/><EventID>13</EventID><Version>2</Version><Level>4</Level><Task>13</Task><Opcode>0</Opcode><Keywords>0x8000000000000000</Keywords><TimeCreated SystemTime='2026-04-24T10:32:35.6407792Z'/><EventRecordID>9962</EventRecordID><Correlation/><Execution ProcessID='2976' ThreadID='3588'/><Channel>Microsoft-Windows-Sysmon/Operational</Channel><Computer>EC2AMAZ-I41BETP.attackrange.local</Computer><Security UserID='S-1-5-18'/></System><EventData><Data Name='RuleName'>-</Data><Data Name='EventType'>SetValue</Data><Data Name='UtcTime'>2026-04-24 10:32:35.625</Data><Data Name='ProcessGuid'>{0741354c-46aa-69eb-7f07-000000006702}</Data><Data Name='ProcessId'>1844</Data><Data Name='Image'>C:\Intel\Build\LB3.exe</Data><Data Name='TargetObject'>HKLM\SOFTWARE\Microsoft\Windows\CurrentVersion\WINEVT\Channels\Microsoft-Windows-WindowsUIImmersive/Diagnostic\ChannelAccess</Data><Data Name='Details'>O:BAG:SYD:(A;;0x1;;;SY)(A;;0x5;;;BA)(A;;0x1;;;LA)</Data><Data Name='User'>EC2AMAZ-I41BETP\Administrator</Data></EventData></Event>
<Event xmlns='http://schemas.microsoft.com/win/2004/08/events/event'><System><Provider Name='Microsoft-Windows-Sysmon' Guid='{5770385f-c22a-43e0-bf4c-06f5698ffbd9}'/><EventID>13</EventID><Version>2</Version><Level>4</Level><Task>13</Task><Opcode>0</Opcode><Keywords>0x8000000000000000</Keywords><TimeCreated SystemTime='2026-04-24T10:32:35.6406385Z'/><EventRecordID>9961</EventRecordID><Correlation/><Execution ProcessID='2976' ThreadID='3588'/><Channel>Microsoft-Windows-Sysmon/Operational</Channel><Computer>EC2AMAZ-I41BETP.attackrange.local</Computer><Security UserID='S-1-5-18'/></System><EventData><Data Name='RuleName'>-</Data><Data Name='EventType'>SetValue</Data><Data Name='UtcTime'>2026-04-24 10:32:35.625</Data><Data Name='ProcessGuid'>{0741354c-46aa-69eb-7f07-000000006702}</Data><Data Name='ProcessId'>1844</Data><Data Name='Image'>C:\Intel\Build\LB3.exe</Data><Data Name='TargetObject'>HKLM\SOFTWARE\Microsoft\Windows\CurrentVersion\WINEVT\Channels\Microsoft-Windows-WindowsUIImmersive/Diagnostic\Enabled</Data><Data Name='Details'>DWORD (0x00000000)</Data><Data Name='User'>EC2AMAZ-I41BETP\Administrator</Data></EventData></Event>
<Event xmlns='http://schemas.microsoft.com/win/2004/08/events/event'><System><Provider Name='Microsoft-Windows-Sysmon' Guid='{5770385f-c22a-43e0-bf4c-06f5698ffbd9}'/><EventID>13</EventID><Version>2</Version><Level>4</Level><Task>13</Task><Opcode>0</Opcode><Keywords>0x8000000000000000</Keywords><TimeCreated SystemTime='2026-04-24T10:32:35.6362724Z'/><EventRecordID>9960</EventRecordID><Correlation/><Execution ProcessID='2976' ThreadID='3588'/><Channel>Microsoft-Windows-Sysmon/Operational</Channel><Computer>EC2AMAZ-I41BETP.attackrange.local</Computer><Security UserID='S-1-5-18'/></System><EventData><Data Name='RuleName'>-</Data><Data Name='EventType'>SetValue</Data><Data Name='UtcTime'>2026-04-24 10:32:35.625</Data><Data Name='ProcessGuid'>{0741354c-46aa-69eb-7f07-000000006702}</Data><Data Name='ProcessId'>1844</Data><Data Name='Image'>C:\Intel\Build\LB3.exe</Data><Data Name='TargetObject'>HKLM\SOFTWARE\Microsoft\Windows\CurrentVersion\WINEVT\Channels\Microsoft-Windows-WindowsSystemAssessmentTool/Tracing\ChannelAccess</Data><Data Name='Details'>O:BAG:SYD:(A;;0x1;;;SY)(A;;0x5;;;BA)(A;;0x1;;;LA)</Data><Data Name='User'>EC2AMAZ-I41BETP\Administrator</Data></EventData></Event>
<Event xmlns='http://schemas.microsoft.com/win/2004/08/events/event'><System><Provider Name='Microsoft-Windows-Sysmon' Guid='{5770385f-c22a-43e0-bf4c-06f5698ffbd9}'/><EventID>13</EventID><Version>2</Version><Level>4</Level><Task>13</Task><Opcode>0</Opcode><Keywords>0x8000000000000000</Keywords><TimeCreated SystemTime='2026-04-24T10:32:35.6361269Z'/><EventRecordID>9959</EventRecordID><Correlation/><Execution ProcessID='2976' ThreadID='3588'/><Channel>Microsoft-Windows-Sysmon/Operational</Channel><Computer>EC2AMAZ-I41BETP.attackrange.local</Computer><Security UserID='S-1-5-18'/></System><EventData><Data Name='RuleName'>-</Data><Data Name='EventType'>SetValue</Data><Data Name='UtcTime'>2026-04-24 10:32:35.625</Data><Data Name='ProcessGuid'>{0741354c-46aa-69eb-7f07-000000006702}</Data><Data Name='ProcessId'>1844</Data><Data Name='Image'>C:\Intel\Build\LB3.exe</Data><Data Name='TargetObject'>HKLM\SOFTWARE\Microsoft\Windows\CurrentVersion\WINEVT\Channels\Microsoft-Windows-WindowsSystemAssessmentTool/Tracing\Enabled</Data><Data Name='Details'>DWORD (0x00000000)</Data><Data Name='User'>EC2AMAZ-I41BETP\Administrator</Data></EventData></Event>
<Event xmlns='http://schemas.microsoft.com/win/2004/08/events/event'><System><Provider Name='Microsoft-Windows-Sysmon' Guid='{5770385f-c22a-43e0-bf4c-06f5698ffbd9}'/><EventID>13</EventID><Version>2</Version><Level>4</Level><Task>13</Task><Opcode>0</Opcode><Keywords>0x8000000000000000</Keywords><TimeCreated SystemTime='2026-04-24T10:32:35.6318621Z'/><EventRecordID>9958</EventRecordID><Correlation/><Execution ProcessID='2976' ThreadID='3588'/><Channel>Microsoft-Windows-Sysmon/Operational</Channel><Computer>EC2AMAZ-I41BETP.attackrange.local</Computer><Security UserID='S-1-5-18'/></System><EventData><Data Name='RuleName'>-</Data><Data Name='EventType'>SetValue</Data><Data Name='UtcTime'>2026-04-24 10:32:35.625</Data><Data Name='ProcessGuid'>{0741354c-46aa-69eb-7f07-000000006702}</Data><Data Name='ProcessId'>1844</Data><Data Name='Image'>C:\Intel\Build\LB3.exe</Data><Data Name='TargetObject'>HKLM\SOFTWARE\Microsoft\Windows\CurrentVersion\WINEVT\Channels\Microsoft-Windows-WindowsSystemAssessmentTool/Operational\ChannelAccess</Data><Data Name='Details'>O:BAG:SYD:(A;;0x1;;;SY)(A;;0x5;;;BA)(A;;0x1;;;LA)</Data><Data Name='User'>EC2AMAZ-I41BETP\Administrator</Data></EventData></Event>
<Event xmlns='http://schemas.microsoft.com/win/2004/08/events/event'><System><Provider Name='Microsoft-Windows-Sysmon' Guid='{5770385f-c22a-43e0-bf4c-06f5698ffbd9}'/><EventID>13</EventID><Version>2</Version><Level>4</Level><Task>13</Task><Opcode>0</Opcode><Keywords>0x8000000000000000</Keywords><TimeCreated SystemTime='2026-04-24T10:32:35.6315511Z'/><EventRecordID>9957</EventRecordID><Correlation/><Execution ProcessID='2976' ThreadID='3588'/><Channel>Microsoft-Windows-Sysmon/Operational</Channel><Computer>EC2AMAZ-I41BETP.attackrange.local</Computer><Security UserID='S-1-5-18'/></System><EventData><Data Name='RuleName'>-</Data><Data Name='EventType'>SetValue</Data><Data Name='UtcTime'>2026-04-24 10:32:35.625</Data><Data Name='ProcessGuid'>{0741354c-46aa-69eb-7f07-000000006702}</Data><Data Name='ProcessId'>1844</Data><Data Name='Image'>C:\Intel\Build\LB3.exe</Data><Data Name='TargetObject'>HKLM\SOFTWARE\Microsoft\Windows\CurrentVersion\WINEVT\Channels\Microsoft-Windows-WindowsSystemAssessmentTool/Operational\Enabled</Data><Data Name='Details'>DWORD (0x00000000)</Data><Data Name='User'>EC2AMAZ-I41BETP\Administrator</Data></EventData></Event>
<Event xmlns='http://schemas.microsoft.com/win/2004/08/events/event'><System><Provider Name='Microsoft-Windows-Sysmon' Guid='{5770385f-c22a-43e0-bf4c-06f5698ffbd9}'/><EventID>13</EventID><Version>2</Version><Level>4</Level><Task>13</Task><Opcode>0</Opcode><Keywords>0x8000000000000000</Keywords><TimeCreated SystemTime='2026-04-24T10:32:35.6280773Z'/><EventRecordID>9956</EventRecordID><Correlation/><Execution ProcessID='2976' ThreadID='3588'/><Channel>Microsoft-Windows-Sysmon/Operational</Channel><Computer>EC2AMAZ-I41BETP.attackrange.local</Computer><Security UserID='S-1-5-18'/></System><EventData><Data Name='RuleName'>-</Data><Data Name='EventType'>SetValue</Data><Data Name='UtcTime'>2026-04-24 10:32:35.625</Data><Data Name='ProcessGuid'>{0741354c-46aa-69eb-7f07-000000006702}</Data><Data Name='ProcessId'>1844</Data><Data Name='Image'>C:\Intel\Build\LB3.exe</Data><Data Name='TargetObject'>HKLM\SOFTWARE\Microsoft\Windows\CurrentVersion\WINEVT\Channels\Microsoft-Windows-WindowsColorSystem/Operational\ChannelAccess</Data><Data Name='Details'>O:BAG:SYD:(A;;0x1;;;SY)(A;;0x5;;;BA)(A;;0x1;;;LA)</Data><Data Name='User'>EC2AMAZ-I41BETP\Administrator</Data></EventData></Event>
<Event xmlns='http://schemas.microsoft.com/win/2004/08/events/event'><System><Provider Name='Microsoft-Windows-Sysmon' Guid='{5770385f-c22a-43e0-bf4c-06f5698ffbd9}'/><EventID>13</EventID><Version>2</Version><Level>4</Level><Task>13</Task><Opcode>0</Opcode><Keywords>0x8000000000000000</Keywords><TimeCreated SystemTime='2026-04-24T10:32:35.6277307Z'/><EventRecordID>9955</EventRecordID><Correlation/><Execution ProcessID='2976' ThreadID='3588'/><Channel>Microsoft-Windows-Sysmon/Operational</Channel><Computer>EC2AMAZ-I41BETP.attackrange.local</Computer><Security UserID='S-1-5-18'/></System><EventData><Data Name='RuleName'>-</Data><Data Name='EventType'>SetValue</Data><Data Name='UtcTime'>2026-04-24 10:32:35.625</Data><Data Name='ProcessGuid'>{0741354c-46aa-69eb-7f07-000000006702}</Data><Data Name='ProcessId'>1844</Data><Data Name='Image'>C:\Intel\Build\LB3.exe</Data><Data Name='TargetObject'>HKLM\SOFTWARE\Microsoft\Windows\CurrentVersion\WINEVT\Channels\Microsoft-Windows-WindowsColorSystem/Operational\Enabled</Data><Data Name='Details'>DWORD (0x00000000)</Data><Data Name='User'>EC2AMAZ-I41BETP\Administrator</Data></EventData></Event>
<Event xmlns='http://schemas.microsoft.com/win/2004/08/events/event'><System><Provider Name='Microsoft-Windows-Sysmon' Guid='{5770385f-c22a-43e0-bf4c-06f5698ffbd9}'/><EventID>13</EventID><Version>2</Version><Level>4</Level><Task>13</Task><Opcode>0</Opcode><Keywords>0x8000000000000000</Keywords><TimeCreated SystemTime='2026-04-24T10:32:35.6227760Z'/><EventRecordID>9954</EventRecordID><Correlation/><Execution ProcessID='2976' ThreadID='3588'/><Channel>Microsoft-Windows-Sysmon/Operational</Channel><Computer>EC2AMAZ-I41BETP.attackrange.local</Computer><Security UserID='S-1-5-18'/></System><EventData><Data Name='RuleName'>-</Data><Data Name='EventType'>SetValue</Data><Data Name='UtcTime'>2026-04-24 10:32:35.610</Data><Data Name='ProcessGuid'>{0741354c-46aa-69eb-7f07-000000006702}</Data><Data Name='ProcessId'>1844</Data><Data Name='Image'>C:\Intel\Build\LB3.exe</Data><Data Name='TargetObject'>HKLM\SOFTWARE\Microsoft\Windows\CurrentVersion\WINEVT\Channels\Microsoft-Windows-WindowsColorSystem/Debug\ChannelAccess</Data><Data Name='Details'>O:BAG:SYD:(A;;0x1;;;SY)(A;;0x5;;;BA)(A;;0x1;;;LA)</Data><Data Name='User'>EC2AMAZ-I41BETP\Administrator</Data></EventData></Event>
<Event xmlns='http://schemas.microsoft.com/win/2004/08/events/event'><System><Provider Name='Microsoft-Windows-Sysmon' Guid='{5770385f-c22a-43e0-bf4c-06f5698ffbd9}'/><EventID>13</EventID><Version>2</Version><Level>4</Level><Task>13</Task><Opcode>0</Opcode><Keywords>0x8000000000000000</Keywords><TimeCreated SystemTime='2026-04-24T10:32:35.6226264Z'/><EventRecordID>9953</EventRecordID><Correlation/><Execution ProcessID='2976' ThreadID='3588'/><Channel>Microsoft-Windows-Sysmon/Operational</Channel><Computer>EC2AMAZ-I41BETP.attackrange.local</Computer><Security UserID='S-1-5-18'/></System><EventData><Data Name='RuleName'>-</Data><Data Name='EventType'>SetValue</Data><Data Name='UtcTime'>2026-04-24 10:32:35.610</Data><Data Name='ProcessGuid'>{0741354c-46aa-69eb-7f07-000000006702}</Data><Data Name='ProcessId'>1844</Data><Data Name='Image'>C:\Intel\Build\LB3.exe</Data><Data Name='TargetObject'>HKLM\SOFTWARE\Microsoft\Windows\CurrentVersion\WINEVT\Channels\Microsoft-Windows-WindowsColorSystem/Debug\Enabled</Data><Data Name='Details'>DWORD (0x00000000)</Data><Data Name='User'>EC2AMAZ-I41BETP\Administrator</Data></EventData></Event>
<Event xmlns='http://schemas.microsoft.com/win/2004/08/events/event'><System><Provider Name='Microsoft-Windows-Sysmon' Guid='{5770385f-c22a-43e0-bf4c-06f5698ffbd9}'/><EventID>13</EventID><Version>2</Version><Level>4</Level><Task>13</Task><Opcode>0</Opcode><Keywords>0x8000000000000000</Keywords><TimeCreated SystemTime='2026-04-24T10:32:35.6185559Z'/><EventRecordID>9952</EventRecordID><Correlation/><Execution ProcessID='2976' ThreadID='3588'/><Channel>Microsoft-Windows-Sysmon/Operational</Channel><Computer>EC2AMAZ-I41BETP.attackrange.local</Computer><Security UserID='S-1-5-18'/></System><EventData><Data Name='RuleName'>-</Data><Data Name='EventType'>SetValue</Data><Data Name='UtcTime'>2026-04-24 10:32:35.610</Data><Data Name='ProcessGuid'>{0741354c-46aa-69eb-7f07-000000006702}</Data><Data Name='ProcessId'>1844</Data><Data Name='Image'>C:\Intel\Build\LB3.exe</Data><Data Name='TargetObject'>HKLM\SOFTWARE\Microsoft\Windows\CurrentVersion\WINEVT\Channels\Microsoft-Windows-Windows Firewall With Advanced Security/FirewallVerbose\ChannelAccess</Data><Data Name='Details'>O:BAG:SYD:(A;;0x1;;;SY)(A;;0x5;;;BA)(A;;0x1;;;LA)</Data><Data Name='User'>EC2AMAZ-I41BETP\Administrator</Data></EventData></Event>
<Event xmlns='http://schemas.microsoft.com/win/2004/08/events/event'><System><Provider Name='Microsoft-Windows-Sysmon' Guid='{5770385f-c22a-43e0-bf4c-06f5698ffbd9}'/><EventID>13</EventID><Version>2</Version><Level>4</Level><Task>13</Task><Opcode>0</Opcode><Keywords>0x8000000000000000</Keywords><TimeCreated SystemTime='2026-04-24T10:32:35.6183256Z'/><EventRecordID>9951</EventRecordID><Correlation/><Execution ProcessID='2976' ThreadID='3588'/><Channel>Microsoft-Windows-Sysmon/Operational</Channel><Computer>EC2AMAZ-I41BETP.attackrange.local</Computer><Security UserID='S-1-5-18'/></System><EventData><Data Name='RuleName'>-</Data><Data Name='EventType'>SetValue</Data><Data Name='UtcTime'>2026-04-24 10:32:35.610</Data><Data Name='ProcessGuid'>{0741354c-46aa-69eb-7f07-000000006702}</Data><Data Name='ProcessId'>1844</Data><Data Name='Image'>C:\Intel\Build\LB3.exe</Data><Data Name='TargetObject'>HKLM\SOFTWARE\Microsoft\Windows\CurrentVersion\WINEVT\Channels\Microsoft-Windows-Windows Firewall With Advanced Security/FirewallVerbose\Enabled</Data><Data Name='Details'>DWORD (0x00000000)</Data><Data Name='User'>EC2AMAZ-I41BETP\Administrator</Data></EventData></Event>
